[0.782s] Invoking command in '/home/u22c1001/ros2_ws/src/mypkg': PYTHONPATH=/home/u22c1001/ros2_ws/build/mypkg/prefix_override:/home/u22c1001/ros2_ws/install/mypkg/lib/python3.8/site-packages:${PYTHONPATH} /usr/bin/python3 setup.py egg_info --egg-base ../../build/mypkg build --build-base /home/u22c1001/ros2_ws/build/mypkg/build install --record /home/u22c1001/ros2_ws/build/mypkg/install.log --install-scripts $base/lib/mypkg --single-version-externally-managed
[0.956s] running egg_info
[0.957s] writing ../../build/mypkg/mypkg.egg-info/PKG-INFO
[0.957s] writing dependency_links to ../../build/mypkg/mypkg.egg-info/dependency_links.txt
[0.957s] writing entry points to ../../build/mypkg/mypkg.egg-info/entry_points.txt
[0.958s] writing requirements to ../../build/mypkg/mypkg.egg-info/requires.txt
[0.958s] writing top-level names to ../../build/mypkg/mypkg.egg-info/top_level.txt
[0.989s] reading manifest file '../../build/mypkg/mypkg.egg-info/SOURCES.txt'
[0.990s] writing manifest file '../../build/mypkg/mypkg.egg-info/SOURCES.txt'
[0.990s] running build
[0.990s] running build_py
[0.990s] running install
[0.991s] running install_lib
[0.992s] running install_data
[0.992s] running install_egg_info
[0.994s] removing '/home/u22c1001/ros2_ws/install/mypkg/lib/python3.8/site-packages/mypkg-0.0.0-py3.8.egg-info' (and everything under it)
[0.994s] Copying ../../build/mypkg/mypkg.egg-info to /home/u22c1001/ros2_ws/install/mypkg/lib/python3.8/site-packages/mypkg-0.0.0-py3.8.egg-info
[0.995s] running install_scripts
[1.009s] Installing talker script to /home/u22c1001/ros2_ws/install/mypkg/lib/mypkg
[1.010s] writing list of installed files to '/home/u22c1001/ros2_ws/build/mypkg/install.log'
[1.027s] Invoked command in '/home/u22c1001/ros2_ws/src/mypkg' returned '0': PYTHONPATH=/home/u22c1001/ros2_ws/build/mypkg/prefix_override:/home/u22c1001/ros2_ws/install/mypkg/lib/python3.8/site-packages:${PYTHONPATH} /usr/bin/python3 setup.py egg_info --egg-base ../../build/mypkg build --build-base /home/u22c1001/ros2_ws/build/mypkg/build install --record /home/u22c1001/ros2_ws/build/mypkg/install.log --install-scripts $base/lib/mypkg --single-version-externally-managed
