[0.338s] Invoking command in '/home/u22c1001/ros2_ws/build/person_msgs': CMAKE_PREFIX_PATH=${CMAKE_PREFIX_PATH}:/home/u22c1001/ros2_ws/install/mypkg:/opt/ros/foxy /usr/bin/cmake --build /home/u22c1001/ros2_ws/build/person_msgs -- -j8 -l8
[0.611s] [  3%] Built target person_msgs__cpp
[0.626s] [ 12%] Built target person_msgs__rosidl_generator_c
[0.643s] [ 25%] Built target person_msgs__rosidl_typesupport_cpp
[0.643s] [ 32%] Built target person_msgs__rosidl_typesupport_introspection_cpp
[0.650s] [ 41%] Built target person_msgs__rosidl_typesupport_fastrtps_cpp
[0.654s] [ 51%] Built target person_msgs__rosidl_typesupport_c
[0.658s] [ 61%] Built target person_msgs__rosidl_typesupport_introspection_c
[0.678s] [ 70%] Built target person_msgs__rosidl_typesupport_fastrtps_c
[0.699s] [ 70%] Built target person_msgs
[0.725s] [ 74%] Built target person_msgs__py
[0.759s] [ 80%] Built target person_msgs__python
[0.785s] [ 87%] Built target person_msgs__rosidl_typesupport_c__pyext
[0.785s] [ 93%] Built target person_msgs__rosidl_typesupport_fastrtps_c__pyext
[0.785s] [100%] Built target person_msgs__rosidl_typesupport_introspection_c__pyext
[0.796s] Invoked command in '/home/u22c1001/ros2_ws/build/person_msgs' returned '0': CMAKE_PREFIX_PATH=${CMAKE_PREFIX_PATH}:/home/u22c1001/ros2_ws/install/mypkg:/opt/ros/foxy /usr/bin/cmake --build /home/u22c1001/ros2_ws/build/person_msgs -- -j8 -l8
[0.863s] Invoking command in '/home/u22c1001/ros2_ws/build/person_msgs': CMAKE_PREFIX_PATH=${CMAKE_PREFIX_PATH}:/home/u22c1001/ros2_ws/install/mypkg:/opt/ros/foxy /usr/bin/cmake --install /home/u22c1001/ros2_ws/build/person_msgs
[0.872s] -- Install configuration: ""
[0.873s] -- Up-to-date: /home/u22c1001/ros2_ws/install/person_msgs/share/ament_index/resource_index/rosidl_interfaces/person_msgs
[0.874s] -- Up-to-date: /home/u22c1001/ros2_ws/install/person_msgs/include/person_msgs
[0.875s] -- Up-to-date: /home/u22c1001/ros2_ws/install/person_msgs/include/person_msgs/msg
[0.876s] -- Up-to-date: /home/u22c1001/ros2_ws/install/person_msgs/include/person_msgs/msg/person.h
[0.876s] -- Up-to-date: /home/u22c1001/ros2_ws/install/person_msgs/include/person_msgs/msg/rosidl_generator_c__visibility_control.h
[0.876s] -- Up-to-date: /home/u22c1001/ros2_ws/install/person_msgs/include/person_msgs/msg/detail
[0.876s] -- Up-to-date: /home/u22c1001/ros2_ws/install/person_msgs/include/person_msgs/msg/detail/person__functions.c
[0.876s] -- Up-to-date: /home/u22c1001/ros2_ws/install/person_msgs/include/person_msgs/msg/detail/person__type_support.h
[0.876s] -- Up-to-date: /home/u22c1001/ros2_ws/install/person_msgs/include/person_msgs/msg/detail/person__functions.h
[0.876s] -- Up-to-date: /home/u22c1001/ros2_ws/install/person_msgs/include/person_msgs/msg/detail/person__struct.h
[0.876s] -- Up-to-date: /home/u22c1001/ros2_ws/install/person_msgs/share/person_msgs/environment/library_path.sh
[0.877s] -- Up-to-date: /home/u22c1001/ros2_ws/install/person_msgs/share/person_msgs/environment/library_path.dsv
[0.878s] -- Up-to-date: /home/u22c1001/ros2_ws/install/person_msgs/lib/libperson_msgs__rosidl_generator_c.so
[0.878s] -- Up-to-date: /home/u22c1001/ros2_ws/install/person_msgs/include/person_msgs
[0.878s] -- Up-to-date: /home/u22c1001/ros2_ws/install/person_msgs/include/person_msgs/msg
[0.878s] -- Up-to-date: /home/u22c1001/ros2_ws/install/person_msgs/include/person_msgs/msg/rosidl_typesupport_fastrtps_c__visibility_control.h
[0.879s] -- Up-to-date: /home/u22c1001/ros2_ws/install/person_msgs/include/person_msgs/msg/detail
[0.879s] -- Up-to-date: /home/u22c1001/ros2_ws/install/person_msgs/include/person_msgs/msg/detail/person__rosidl_typesupport_fastrtps_c.h
[0.880s] -- Up-to-date: /home/u22c1001/ros2_ws/install/person_msgs/lib/libperson_msgs__rosidl_typesupport_fastrtps_c.so
[0.880s] -- Up-to-date: /home/u22c1001/ros2_ws/install/person_msgs/include/person_msgs
[0.880s] -- Up-to-date: /home/u22c1001/ros2_ws/install/person_msgs/include/person_msgs/msg
[0.880s] -- Up-to-date: /home/u22c1001/ros2_ws/install/person_msgs/include/person_msgs/msg/rosidl_typesupport_fastrtps_cpp__visibility_control.h
[0.881s] -- Up-to-date: /home/u22c1001/ros2_ws/install/person_msgs/include/person_msgs/msg/detail
[0.882s] -- Up-to-date: /home/u22c1001/ros2_ws/install/person_msgs/include/person_msgs/msg/detail/dds_fastrtps
[0.882s] -- Up-to-date: /home/u22c1001/ros2_ws/install/person_msgs/include/person_msgs/msg/detail/person__rosidl_typesupport_fastrtps_cpp.hpp
[0.882s] -- Up-to-date: /home/u22c1001/ros2_ws/install/person_msgs/lib/libperson_msgs__rosidl_typesupport_fastrtps_cpp.so
[0.883s] -- Up-to-date: /home/u22c1001/ros2_ws/install/person_msgs/include/person_msgs
[0.883s] -- Up-to-date: /home/u22c1001/ros2_ws/install/person_msgs/include/person_msgs/msg
[0.883s] -- Up-to-date: /home/u22c1001/ros2_ws/install/person_msgs/include/person_msgs/msg/rosidl_typesupport_introspection_c__visibility_control.h
[0.883s] -- Up-to-date: /home/u22c1001/ros2_ws/install/person_msgs/include/person_msgs/msg/detail
[0.883s] -- Up-to-date: /home/u22c1001/ros2_ws/install/person_msgs/include/person_msgs/msg/detail/person__type_support.c
[0.883s] -- Up-to-date: /home/u22c1001/ros2_ws/install/person_msgs/include/person_msgs/msg/detail/person__rosidl_typesupport_introspection_c.h
[0.884s] -- Up-to-date: /home/u22c1001/ros2_ws/install/person_msgs/lib/libperson_msgs__rosidl_typesupport_introspection_c.so
[0.885s] -- Up-to-date: /home/u22c1001/ros2_ws/install/person_msgs/lib/libperson_msgs__rosidl_typesupport_c.so
[0.886s] -- Up-to-date: /home/u22c1001/ros2_ws/install/person_msgs/include/person_msgs
[0.886s] -- Up-to-date: /home/u22c1001/ros2_ws/install/person_msgs/include/person_msgs/msg
[0.886s] -- Up-to-date: /home/u22c1001/ros2_ws/install/person_msgs/include/person_msgs/msg/person.hpp
[0.886s] -- Up-to-date: /home/u22c1001/ros2_ws/install/person_msgs/include/person_msgs/msg/rosidl_generator_cpp__visibility_control.hpp
[0.886s] -- Up-to-date: /home/u22c1001/ros2_ws/install/person_msgs/include/person_msgs/msg/detail
[0.886s] -- Up-to-date: /home/u22c1001/ros2_ws/install/person_msgs/include/person_msgs/msg/detail/person__builder.hpp
[0.886s] -- Up-to-date: /home/u22c1001/ros2_ws/install/person_msgs/include/person_msgs/msg/detail/person__type_support.hpp
[0.886s] -- Up-to-date: /home/u22c1001/ros2_ws/install/person_msgs/include/person_msgs/msg/detail/person__traits.hpp
[0.887s] -- Up-to-date: /home/u22c1001/ros2_ws/install/person_msgs/include/person_msgs/msg/detail/person__struct.hpp
[0.887s] -- Up-to-date: /home/u22c1001/ros2_ws/install/person_msgs/include/person_msgs
[0.887s] -- Up-to-date: /home/u22c1001/ros2_ws/install/person_msgs/include/person_msgs/msg
[0.887s] -- Up-to-date: /home/u22c1001/ros2_ws/install/person_msgs/include/person_msgs/msg/detail
[0.887s] -- Up-to-date: /home/u22c1001/ros2_ws/install/person_msgs/include/person_msgs/msg/detail/person__rosidl_typesupport_introspection_cpp.hpp
[0.887s] -- Up-to-date: /home/u22c1001/ros2_ws/install/person_msgs/include/person_msgs/msg/detail/person__type_support.cpp
[0.888s] -- Up-to-date: /home/u22c1001/ros2_ws/install/person_msgs/lib/libperson_msgs__rosidl_typesupport_introspection_cpp.so
[0.890s] -- Up-to-date: /home/u22c1001/ros2_ws/install/person_msgs/lib/libperson_msgs__rosidl_typesupport_cpp.so
[0.890s] -- Up-to-date: /home/u22c1001/ros2_ws/install/person_msgs/share/person_msgs/environment/pythonpath.sh
[0.890s] -- Up-to-date: /home/u22c1001/ros2_ws/install/person_msgs/share/person_msgs/environment/pythonpath.dsv
[0.890s] -- Up-to-date: /home/u22c1001/ros2_ws/install/person_msgs/lib/python3.8/site-packages/person_msgs/__init__.py
[0.918s] -- Up-to-date: /home/u22c1001/ros2_ws/install/person_msgs/lib/python3.8/site-packages/person_msgs/msg
[0.919s] -- Up-to-date: /home/u22c1001/ros2_ws/install/person_msgs/lib/python3.8/site-packages/person_msgs/msg/_person.py
[0.919s] -- Up-to-date: /home/u22c1001/ros2_ws/install/person_msgs/lib/python3.8/site-packages/person_msgs/msg/_person_s.c
[0.919s] -- Up-to-date: /home/u22c1001/ros2_ws/install/person_msgs/lib/python3.8/site-packages/person_msgs/msg/__init__.py
[0.920s] -- Up-to-date: /home/u22c1001/ros2_ws/install/person_msgs/lib/python3.8/site-packages/person_msgs/person_msgs_s__rosidl_typesupport_fastrtps_c.cpython-38-x86_64-linux-gnu.so
[0.922s] -- Up-to-date: /home/u22c1001/ros2_ws/install/person_msgs/lib/python3.8/site-packages/person_msgs/person_msgs_s__rosidl_typesupport_introspection_c.cpython-38-x86_64-linux-gnu.so
[0.923s] -- Up-to-date: /home/u22c1001/ros2_ws/install/person_msgs/lib/python3.8/site-packages/person_msgs/person_msgs_s__rosidl_typesupport_c.cpython-38-x86_64-linux-gnu.so
[0.925s] -- Up-to-date: /home/u22c1001/ros2_ws/install/person_msgs/lib/libperson_msgs__python.so
[0.925s] -- Up-to-date: /home/u22c1001/ros2_ws/install/person_msgs/share/person_msgs/msg/Person.idl
[0.925s] -- Up-to-date: /home/u22c1001/ros2_ws/install/person_msgs/share/person_msgs/msg/Person.msg
[0.926s] -- Up-to-date: /home/u22c1001/ros2_ws/install/person_msgs/share/ament_index/resource_index/package_run_dependencies/person_msgs
[0.926s] -- Up-to-date: /home/u22c1001/ros2_ws/install/person_msgs/share/ament_index/resource_index/parent_prefix_path/person_msgs
[0.926s] -- Up-to-date: /home/u22c1001/ros2_ws/install/person_msgs/share/person_msgs/environment/ament_prefix_path.sh
[0.927s] -- Up-to-date: /home/u22c1001/ros2_ws/install/person_msgs/share/person_msgs/environment/ament_prefix_path.dsv
[0.927s] -- Up-to-date: /home/u22c1001/ros2_ws/install/person_msgs/share/person_msgs/environment/path.sh
[0.927s] -- Up-to-date: /home/u22c1001/ros2_ws/install/person_msgs/share/person_msgs/environment/path.dsv
[0.927s] -- Up-to-date: /home/u22c1001/ros2_ws/install/person_msgs/share/person_msgs/local_setup.bash
[0.927s] -- Up-to-date: /home/u22c1001/ros2_ws/install/person_msgs/share/person_msgs/local_setup.sh
[0.927s] -- Up-to-date: /home/u22c1001/ros2_ws/install/person_msgs/share/person_msgs/local_setup.zsh
[0.927s] -- Up-to-date: /home/u22c1001/ros2_ws/install/person_msgs/share/person_msgs/local_setup.dsv
[0.927s] -- Installing: /home/u22c1001/ros2_ws/install/person_msgs/share/person_msgs/package.dsv
[0.929s] -- Up-to-date: /home/u22c1001/ros2_ws/install/person_msgs/share/ament_index/resource_index/packages/person_msgs
[0.933s] -- Up-to-date: /home/u22c1001/ros2_ws/install/person_msgs/share/person_msgs/cmake/person_msgs__rosidl_generator_cExport.cmake
[0.933s] -- Up-to-date: /home/u22c1001/ros2_ws/install/person_msgs/share/person_msgs/cmake/person_msgs__rosidl_generator_cExport-noconfig.cmake
[0.934s] -- Up-to-date: /home/u22c1001/ros2_ws/install/person_msgs/share/person_msgs/cmake/person_msgs__rosidl_typesupport_introspection_cExport.cmake
[0.934s] -- Up-to-date: /home/u22c1001/ros2_ws/install/person_msgs/share/person_msgs/cmake/person_msgs__rosidl_typesupport_introspection_cExport-noconfig.cmake
[0.936s] -- Up-to-date: /home/u22c1001/ros2_ws/install/person_msgs/share/person_msgs/cmake/person_msgs__rosidl_typesupport_cExport.cmake
[0.936s] -- Up-to-date: /home/u22c1001/ros2_ws/install/person_msgs/share/person_msgs/cmake/person_msgs__rosidl_typesupport_cExport-noconfig.cmake
[0.938s] -- Up-to-date: /home/u22c1001/ros2_ws/install/person_msgs/share/person_msgs/cmake/person_msgs__rosidl_generator_cppExport.cmake
[0.939s] -- Up-to-date: /home/u22c1001/ros2_ws/install/person_msgs/share/person_msgs/cmake/person_msgs__rosidl_typesupport_introspection_cppExport.cmake
[0.939s] -- Up-to-date: /home/u22c1001/ros2_ws/install/person_msgs/share/person_msgs/cmake/person_msgs__rosidl_typesupport_introspection_cppExport-noconfig.cmake
[0.940s] -- Up-to-date: /home/u22c1001/ros2_ws/install/person_msgs/share/person_msgs/cmake/person_msgs__rosidl_typesupport_cppExport.cmake
[0.940s] -- Up-to-date: /home/u22c1001/ros2_ws/install/person_msgs/share/person_msgs/cmake/person_msgs__rosidl_typesupport_cppExport-noconfig.cmake
[0.940s] -- Up-to-date: /home/u22c1001/ros2_ws/install/person_msgs/share/person_msgs/cmake/rosidl_cmake-extras.cmake
[0.940s] -- Up-to-date: /home/u22c1001/ros2_ws/install/person_msgs/share/person_msgs/cmake/ament_cmake_export_dependencies-extras.cmake
[0.941s] -- Up-to-date: /home/u22c1001/ros2_ws/install/person_msgs/share/person_msgs/cmake/ament_cmake_export_libraries-extras.cmake
[0.941s] -- Up-to-date: /home/u22c1001/ros2_ws/install/person_msgs/share/person_msgs/cmake/ament_cmake_export_targets-extras.cmake
[0.941s] -- Up-to-date: /home/u22c1001/ros2_ws/install/person_msgs/share/person_msgs/cmake/ament_cmake_export_include_directories-extras.cmake
[0.941s] -- Up-to-date: /home/u22c1001/ros2_ws/install/person_msgs/share/person_msgs/cmake/rosidl_cmake_export_typesupport_libraries-extras.cmake
[0.941s] -- Up-to-date: /home/u22c1001/ros2_ws/install/person_msgs/share/person_msgs/cmake/rosidl_cmake_export_typesupport_targets-extras.cmake
[0.941s] -- Up-to-date: /home/u22c1001/ros2_ws/install/person_msgs/share/person_msgs/cmake/person_msgsConfig.cmake
[0.941s] -- Up-to-date: /home/u22c1001/ros2_ws/install/person_msgs/share/person_msgs/cmake/person_msgsConfig-version.cmake
[0.941s] -- Up-to-date: /home/u22c1001/ros2_ws/install/person_msgs/share/person_msgs/package.xml
[0.945s] Invoked command in '/home/u22c1001/ros2_ws/build/person_msgs' returned '0': CMAKE_PREFIX_PATH=${CMAKE_PREFIX_PATH}:/home/u22c1001/ros2_ws/install/mypkg:/opt/ros/foxy /usr/bin/cmake --install /home/u22c1001/ros2_ws/build/person_msgs
