[1.716s] DEBUG:colcon:Command line arguments: ['/usr/bin/colcon', 'build']
[1.716s] DEBUG:colcon:Parsed command line arguments: Namespace(allow_overriding=[], ament_cmake_args=None, base_paths=['.'], build_base='build', catkin_cmake_args=None, catkin_skip_building_tests=False, cmake_args=None, cmake_clean_cache=False, cmake_clean_first=False, cmake_force_configure=False, cmake_target=None, cmake_target_skip_unavailable=False, continue_on_error=False, event_handlers=None, executor='parallel', ignore_user_meta=False, install_base='install', log_base=None, log_level=None, main=<bound method BuildVerb.main of <colcon_core.verb.build.BuildVerb object at 0x7f50bb013460>>, merge_install=False, metas=['./colcon.meta'], packages_above=None, packages_above_and_dependencies=None, packages_above_depth=None, packages_end=None, packages_ignore=None, packages_ignore_regex=None, packages_select=None, packages_select_build_failed=False, packages_select_by_dep=None, packages_select_regex=None, packages_select_test_failures=False, packages_skip=None, packages_skip_build_finished=False, packages_skip_by_dep=None, packages_skip_regex=None, packages_skip_test_passed=False, packages_skip_up_to=None, packages_start=None, packages_up_to=None, packages_up_to_regex=None, parallel_workers=8, paths=None, symlink_install=False, test_result_base=None, verb_extension=<colcon_core.verb.build.BuildVerb object at 0x7f50bb013460>, verb_name='build', verb_parser=<colcon_defaults.argument_parser.defaults.DefaultArgumentsDecorator object at 0x7f50bac04880>)
[1.807s] Level 1:colcon.colcon_core.package_discovery:discover_packages(colcon_meta) check parameters
[1.807s] Level 1:colcon.colcon_core.package_discovery:discover_packages(recursive) check parameters
[1.807s] Level 1:colcon.colcon_core.package_discovery:discover_packages(ignore) check parameters
[1.807s] Level 1:colcon.colcon_core.package_discovery:discover_packages(path) check parameters
[1.807s] Level 1:colcon.colcon_core.package_discovery:discover_packages(colcon_meta) discover
[1.807s] Level 1:colcon.colcon_core.package_discovery:discover_packages(recursive) discover
[1.807s] INFO:colcon.colcon_core.package_discovery:Crawling recursively for packages in '/home/u22c1001/ros2_ws'
[1.807s] Level 1:colcon.colcon_core.package_identification:_identify(.) by extensions ['ignore', 'ignore_ament_install']
[1.807s] Level 1:colcon.colcon_core.package_identification:_identify(.) by extension 'ignore'
[1.807s] Level 1:colcon.colcon_core.package_identification:_identify(.) by extension 'ignore_ament_install'
[1.807s] Level 1:colcon.colcon_core.package_identification:_identify(.) by extensions ['colcon_pkg']
[1.807s] Level 1:colcon.colcon_core.package_identification:_identify(.) by extension 'colcon_pkg'
[1.807s] Level 1:colcon.colcon_core.package_identification:_identify(.) by extensions ['colcon_meta']
[1.807s] Level 1:colcon.colcon_core.package_identification:_identify(.) by extension 'colcon_meta'
[1.807s] Level 1:colcon.colcon_core.package_identification:_identify(.) by extensions ['ros']
[1.807s] Level 1:colcon.colcon_core.package_identification:_identify(.) by extension 'ros'
[1.828s] Level 1:colcon.colcon_core.package_identification:_identify(.) by extensions ['cmake', 'python']
[1.828s] Level 1:colcon.colcon_core.package_identification:_identify(.) by extension 'cmake'
[1.828s] Level 1:colcon.colcon_core.package_identification:_identify(.) by extension 'python'
[1.828s] Level 1:colcon.colcon_core.package_identification:_identify(.) by extensions ['python_setup_py']
[1.828s] Level 1:colcon.colcon_core.package_identification:_identify(.) by extension 'python_setup_py'
[1.828s] Level 1:colcon.colcon_core.package_identification:_identify(build) by extensions ['ignore', 'ignore_ament_install']
[1.828s] Level 1:colcon.colcon_core.package_identification:_identify(build) by extension 'ignore'
[1.828s] Level 1:colcon.colcon_core.package_identification:_identify(build) ignored
[1.828s] Level 1:colcon.colcon_core.package_identification:_identify(install) by extensions ['ignore', 'ignore_ament_install']
[1.828s] Level 1:colcon.colcon_core.package_identification:_identify(install) by extension 'ignore'
[1.828s] Level 1:colcon.colcon_core.package_identification:_identify(install) ignored
[1.828s] Level 1:colcon.colcon_core.package_identification:_identify(log) by extensions ['ignore', 'ignore_ament_install']
[1.829s] Level 1:colcon.colcon_core.package_identification:_identify(log) by extension 'ignore'
[1.829s] Level 1:colcon.colcon_core.package_identification:_identify(log) ignored
[1.829s] Level 1:colcon.colcon_core.package_identification:_identify(src) by extensions ['ignore', 'ignore_ament_install']
[1.829s] Level 1:colcon.colcon_core.package_identification:_identify(src) by extension 'ignore'
[1.829s] Level 1:colcon.colcon_core.package_identification:_identify(src) by extension 'ignore_ament_install'
[1.829s] Level 1:colcon.colcon_core.package_identification:_identify(src) by extensions ['colcon_pkg']
[1.829s] Level 1:colcon.colcon_core.package_identification:_identify(src) by extension 'colcon_pkg'
[1.829s] Level 1:colcon.colcon_core.package_identification:_identify(src) by extensions ['colcon_meta']
[1.829s] Level 1:colcon.colcon_core.package_identification:_identify(src) by extension 'colcon_meta'
[1.829s] Level 1:colcon.colcon_core.package_identification:_identify(src) by extensions ['ros']
[1.829s] Level 1:colcon.colcon_core.package_identification:_identify(src) by extension 'ros'
[1.829s] Level 1:colcon.colcon_core.package_identification:_identify(src) by extensions ['cmake', 'python']
[1.829s] Level 1:colcon.colcon_core.package_identification:_identify(src) by extension 'cmake'
[1.829s] Level 1:colcon.colcon_core.package_identification:_identify(src) by extension 'python'
[1.829s] Level 1:colcon.colcon_core.package_identification:_identify(src) by extensions ['python_setup_py']
[1.829s] Level 1:colcon.colcon_core.package_identification:_identify(src) by extension 'python_setup_py'
[1.829s] Level 1:colcon.colcon_core.package_identification:_identify(src/mypkg) by extensions ['ignore', 'ignore_ament_install']
[1.829s] Level 1:colcon.colcon_core.package_identification:_identify(src/mypkg) by extension 'ignore'
[1.829s] Level 1:colcon.colcon_core.package_identification:_identify(src/mypkg) by extension 'ignore_ament_install'
[1.829s] Level 1:colcon.colcon_core.package_identification:_identify(src/mypkg) by extensions ['colcon_pkg']
[1.829s] Level 1:colcon.colcon_core.package_identification:_identify(src/mypkg) by extension 'colcon_pkg'
[1.829s] Level 1:colcon.colcon_core.package_identification:_identify(src/mypkg) by extensions ['colcon_meta']
[1.829s] Level 1:colcon.colcon_core.package_identification:_identify(src/mypkg) by extension 'colcon_meta'
[1.829s] Level 1:colcon.colcon_core.package_identification:_identify(src/mypkg) by extensions ['ros']
[1.829s] Level 1:colcon.colcon_core.package_identification:_identify(src/mypkg) by extension 'ros'
[1.832s] DEBUG:colcon.colcon_core.package_identification:Package 'src/mypkg' with type 'ros.ament_python' and name 'mypkg'
[1.832s] Level 1:colcon.colcon_core.package_discovery:discover_packages(recursive) using defaults
[1.832s] Level 1:colcon.colcon_core.package_discovery:discover_packages(ignore) discover
[1.832s] Level 1:colcon.colcon_core.package_discovery:discover_packages(ignore) using defaults
[1.832s] Level 1:colcon.colcon_core.package_discovery:discover_packages(path) discover
[1.832s] Level 1:colcon.colcon_core.package_discovery:discover_packages(path) using defaults
[1.968s] Level 1:colcon.colcon_core.package_discovery:discover_packages(prefix_path) check parameters
[1.968s] Level 1:colcon.colcon_core.package_discovery:discover_packages(prefix_path) discover
[2.014s] DEBUG:colcon.colcon_installed_package_information.package_discovery:Found 1 installed packages in /home/u22c1001/ros2_ws/install
[2.035s] DEBUG:colcon.colcon_installed_package_information.package_discovery:Found 256 installed packages in /opt/ros/foxy
[2.036s] Level 1:colcon.colcon_core.package_discovery:discover_packages(prefix_path) using defaults
[2.173s] Level 5:colcon.colcon_core.verb:set package 'mypkg' build argument 'cmake_args' from command line to 'None'
[2.173s] Level 5:colcon.colcon_core.verb:set package 'mypkg' build argument 'cmake_target' from command line to 'None'
[2.173s] Level 5:colcon.colcon_core.verb:set package 'mypkg' build argument 'cmake_target_skip_unavailable' from command line to 'False'
[2.173s] Level 5:colcon.colcon_core.verb:set package 'mypkg' build argument 'cmake_clean_cache' from command line to 'False'
[2.173s] Level 5:colcon.colcon_core.verb:set package 'mypkg' build argument 'cmake_clean_first' from command line to 'False'
[2.173s] Level 5:colcon.colcon_core.verb:set package 'mypkg' build argument 'cmake_force_configure' from command line to 'False'
[2.173s] Level 5:colcon.colcon_core.verb:set package 'mypkg' build argument 'ament_cmake_args' from command line to 'None'
[2.173s] Level 5:colcon.colcon_core.verb:set package 'mypkg' build argument 'catkin_cmake_args' from command line to 'None'
[2.173s] Level 5:colcon.colcon_core.verb:set package 'mypkg' build argument 'catkin_skip_building_tests' from command line to 'False'
[2.173s] DEBUG:colcon.colcon_core.verb:Building package 'mypkg' with the following arguments: {'ament_cmake_args': None, 'build_base': '/home/u22c1001/ros2_ws/build/mypkg', 'catkin_cmake_args': None, 'catkin_skip_building_tests': False, 'cmake_args': None, 'cmake_clean_cache': False, 'cmake_clean_first': False, 'cmake_force_configure': False, 'cmake_target': None, 'cmake_target_skip_unavailable': False, 'install_base': '/home/u22c1001/ros2_ws/install/mypkg', 'merge_install': False, 'path': '/home/u22c1001/ros2_ws/src/mypkg', 'symlink_install': False, 'test_result_base': None}
[2.194s] INFO:colcon.colcon_core.executor:Executing jobs using 'parallel' executor
[2.216s] DEBUG:colcon.colcon_parallel_executor.executor.parallel:run_until_complete
[2.216s] INFO:colcon.colcon_ros.task.ament_python.build:Building ROS package in '/home/u22c1001/ros2_ws/src/mypkg' with build type 'ament_python'
[2.217s] Level 1:colcon.colcon_core.shell:create_environment_hook('mypkg', 'ament_prefix_path')
[2.249s] INFO:colcon.colcon_core.plugin_system:Skipping extension 'colcon_core.shell.bat': Not used on non-Windows systems
[2.249s] INFO:colcon.colcon_core.shell:Creating environment hook '/home/u22c1001/ros2_ws/install/mypkg/share/mypkg/hook/ament_prefix_path.ps1'
[2.250s] INFO:colcon.colcon_core.shell:Creating environment descriptor '/home/u22c1001/ros2_ws/install/mypkg/share/mypkg/hook/ament_prefix_path.dsv'
[2.251s] INFO:colcon.colcon_core.shell:Creating environment hook '/home/u22c1001/ros2_ws/install/mypkg/share/mypkg/hook/ament_prefix_path.sh'
[2.275s] INFO:colcon.colcon_core.shell:Skip shell extension 'powershell' for command environment: Not usable outside of PowerShell
[2.275s] DEBUG:colcon.colcon_core.shell:Skip shell extension 'dsv' for command environment
[2.502s] INFO:colcon.colcon_core.task.python.build:Building Python package in '/home/u22c1001/ros2_ws/src/mypkg'
[2.528s] INFO:colcon.colcon_core.shell:Skip shell extension 'powershell' for command environment: Not usable outside of PowerShell
[2.528s] DEBUG:colcon.colcon_core.shell:Skip shell extension 'dsv' for command environment
[2.960s] DEBUG:colcon.colcon_core.event_handler.log_command:Invoking command in '/home/u22c1001/ros2_ws/src/mypkg': PYTHONPATH=/home/u22c1001/ros2_ws/build/mypkg/prefix_override:/home/u22c1001/ros2_ws/install/mypkg/lib/python3.8/site-packages:${PYTHONPATH} /usr/bin/python3 setup.py egg_info --egg-base ../../build/mypkg build --build-base /home/u22c1001/ros2_ws/build/mypkg/build install --record /home/u22c1001/ros2_ws/build/mypkg/install.log --install-scripts $base/lib/mypkg --single-version-externally-managed
[3.171s] DEBUG:colcon.colcon_core.event_handler.log_command:Invoked command in '/home/u22c1001/ros2_ws/src/mypkg' returned '0': PYTHONPATH=/home/u22c1001/ros2_ws/build/mypkg/prefix_override:/home/u22c1001/ros2_ws/install/mypkg/lib/python3.8/site-packages:${PYTHONPATH} /usr/bin/python3 setup.py egg_info --egg-base ../../build/mypkg build --build-base /home/u22c1001/ros2_ws/build/mypkg/build install --record /home/u22c1001/ros2_ws/build/mypkg/install.log --install-scripts $base/lib/mypkg --single-version-externally-managed
[3.206s] Level 1:colcon.colcon_core.environment:checking '/home/u22c1001/ros2_ws/install/mypkg' for CMake module files
[3.207s] Level 1:colcon.colcon_core.environment:checking '/home/u22c1001/ros2_ws/install/mypkg' for CMake config files
[3.207s] Level 1:colcon.colcon_core.environment:checking '/home/u22c1001/ros2_ws/install/mypkg/lib'
[3.207s] Level 1:colcon.colcon_core.environment:checking '/home/u22c1001/ros2_ws/install/mypkg/bin'
[3.207s] Level 1:colcon.colcon_core.environment:checking '/home/u22c1001/ros2_ws/install/mypkg/lib/pkgconfig/mypkg.pc'
[3.207s] Level 1:colcon.colcon_core.environment:checking '/home/u22c1001/ros2_ws/install/mypkg/lib/python3.8/site-packages'
[3.207s] Level 1:colcon.colcon_core.shell:create_environment_hook('mypkg', 'pythonpath')
[3.235s] INFO:colcon.colcon_core.shell:Creating environment hook '/home/u22c1001/ros2_ws/install/mypkg/share/mypkg/hook/pythonpath.ps1'
[3.236s] INFO:colcon.colcon_core.shell:Creating environment descriptor '/home/u22c1001/ros2_ws/install/mypkg/share/mypkg/hook/pythonpath.dsv'
[3.236s] INFO:colcon.colcon_core.shell:Creating environment hook '/home/u22c1001/ros2_ws/install/mypkg/share/mypkg/hook/pythonpath.sh'
[3.237s] Level 1:colcon.colcon_core.environment:checking '/home/u22c1001/ros2_ws/install/mypkg/bin'
[3.237s] Level 1:colcon.colcon_core.environment:create_environment_scripts_only(mypkg)
[3.263s] INFO:colcon.colcon_core.shell:Creating package script '/home/u22c1001/ros2_ws/install/mypkg/share/mypkg/package.ps1'
[3.265s] INFO:colcon.colcon_core.shell:Creating package descriptor '/home/u22c1001/ros2_ws/install/mypkg/share/mypkg/package.dsv'
[3.265s] INFO:colcon.colcon_core.shell:Creating package script '/home/u22c1001/ros2_ws/install/mypkg/share/mypkg/package.sh'
[3.266s] INFO:colcon.colcon_core.shell:Creating package script '/home/u22c1001/ros2_ws/install/mypkg/share/mypkg/package.bash'
[3.268s] INFO:colcon.colcon_core.shell:Creating package script '/home/u22c1001/ros2_ws/install/mypkg/share/mypkg/package.zsh'
[3.269s] Level 1:colcon.colcon_core.environment:create_file_with_runtime_dependencies(/home/u22c1001/ros2_ws/install/mypkg/share/colcon-core/packages/mypkg)
[3.270s] DEBUG:colcon.colcon_parallel_executor.executor.parallel:closing loop
[3.270s] DEBUG:colcon.colcon_parallel_executor.executor.parallel:loop closed
[3.270s] DEBUG:colcon.colcon_parallel_executor.executor.parallel:run_until_complete finished with '0'
[3.270s] DEBUG:colcon.colcon_core.event_reactor:joining thread
[3.347s] INFO:colcon.colcon_core.plugin_system:Skipping extension 'colcon_notification.desktop_notification.notify_send': Could not find 'notify-send'
[3.347s] INFO:colcon.colcon_core.plugin_system:Skipping extension 'colcon_notification.desktop_notification.terminal_notifier': Not used on non-Darwin systems
[3.347s] INFO:colcon.colcon_core.plugin_system:Skipping extension 'colcon_notification.desktop_notification.win32': Not used on non-Windows systems
[3.347s] INFO:colcon.colcon_notification.desktop_notification:Sending desktop notification using 'notify2'
[3.719s] DEBUG:colcon.colcon_notification.desktop_notification.notify2:Failed to initialize notify2: org.freedesktop.DBus.Error.ServiceUnknown: The name org.freedesktop.Notifications was not provided by any .service files
[3.719s] DEBUG:colcon.colcon_core.event_reactor:joined thread
[3.741s] INFO:colcon.colcon_core.shell:Creating prefix script '/home/u22c1001/ros2_ws/install/local_setup.ps1'
[3.743s] INFO:colcon.colcon_core.shell:Creating prefix util module '/home/u22c1001/ros2_ws/install/_local_setup_util_ps1.py'
[3.744s] INFO:colcon.colcon_core.shell:Creating prefix chain script '/home/u22c1001/ros2_ws/install/setup.ps1'
[3.767s] INFO:colcon.colcon_core.shell:Creating prefix script '/home/u22c1001/ros2_ws/install/local_setup.sh'
[3.768s] INFO:colcon.colcon_core.shell:Creating prefix util module '/home/u22c1001/ros2_ws/install/_local_setup_util_sh.py'
[3.768s] INFO:colcon.colcon_core.shell:Creating prefix chain script '/home/u22c1001/ros2_ws/install/setup.sh'
[3.792s] INFO:colcon.colcon_core.shell:Creating prefix script '/home/u22c1001/ros2_ws/install/local_setup.bash'
[3.793s] INFO:colcon.colcon_core.shell:Creating prefix chain script '/home/u22c1001/ros2_ws/install/setup.bash'
[3.815s] INFO:colcon.colcon_core.shell:Creating prefix script '/home/u22c1001/ros2_ws/install/local_setup.zsh'
[3.816s] INFO:colcon.colcon_core.shell:Creating prefix chain script '/home/u22c1001/ros2_ws/install/setup.zsh'
