[0.801s] Invoking command in '/home/u22c1001/ros2_ws/src/mypkg': PYTHONPATH=/home/u22c1001/ros2_ws/build/mypkg/prefix_override:/home/u22c1001/ros2_ws/install/mypkg/lib/python3.8/site-packages:${PYTHONPATH} /usr/bin/python3 setup.py egg_info --egg-base ../../build/mypkg build --build-base /home/u22c1001/ros2_ws/build/mypkg/build install --record /home/u22c1001/ros2_ws/build/mypkg/install.log --install-scripts $base/lib/mypkg --single-version-externally-managed
[0.967s] running egg_info
[0.967s] writing ../../build/mypkg/mypkg.egg-info/PKG-INFO
[0.968s] writing dependency_links to ../../build/mypkg/mypkg.egg-info/dependency_links.txt
[0.968s] writing entry points to ../../build/mypkg/mypkg.egg-info/entry_points.txt
[0.968s] writing requirements to ../../build/mypkg/mypkg.egg-info/requires.txt
[0.968s] writing top-level names to ../../build/mypkg/mypkg.egg-info/top_level.txt
[1.000s] reading manifest file '../../build/mypkg/mypkg.egg-info/SOURCES.txt'
[1.001s] writing manifest file '../../build/mypkg/mypkg.egg-info/SOURCES.txt'
[1.001s] running build
[1.001s] running build_py
[1.002s] running install
[1.002s] running install_lib
[1.004s] running install_data
[1.004s] running install_egg_info
[1.006s] removing '/home/u22c1001/ros2_ws/install/mypkg/lib/python3.8/site-packages/mypkg-0.0.0-py3.8.egg-info' (and everything under it)
[1.006s] Copying ../../build/mypkg/mypkg.egg-info to /home/u22c1001/ros2_ws/install/mypkg/lib/python3.8/site-packages/mypkg-0.0.0-py3.8.egg-info
[1.007s] running install_scripts
[1.023s] Installing talker script to /home/u22c1001/ros2_ws/install/mypkg/lib/mypkg
[1.023s] writing list of installed files to '/home/u22c1001/ros2_ws/build/mypkg/install.log'
[1.044s] Invoked command in '/home/u22c1001/ros2_ws/src/mypkg' returned '0': PYTHONPATH=/home/u22c1001/ros2_ws/build/mypkg/prefix_override:/home/u22c1001/ros2_ws/install/mypkg/lib/python3.8/site-packages:${PYTHONPATH} /usr/bin/python3 setup.py egg_info --egg-base ../../build/mypkg build --build-base /home/u22c1001/ros2_ws/build/mypkg/build install --record /home/u22c1001/ros2_ws/build/mypkg/install.log --install-scripts $base/lib/mypkg --single-version-externally-managed
