[0.342s] Invoking command in '/home/u22c1001/ros2_ws/build/person_mags': CMAKE_PREFIX_PATH=/home/u22c1001/ros2_ws/install/mypkg:/opt/ros/foxy /usr/bin/cmake /home/u22c1001/ros2_ws/src/person_mags -DCMAKE_INSTALL_PREFIX=/home/u22c1001/ros2_ws/install/person_mags
[0.357s] -- Found ament_cmake: 0.9.12 (/opt/ros/foxy/share/ament_cmake/cmake)
[0.376s] -- Using PYTHON_EXECUTABLE: /usr/bin/python3
[0.534s] -- Found rosidl_default_generators: 1.0.1 (/opt/ros/foxy/share/rosidl_default_generators/cmake)
[0.536s] -- Using all available rosidl_typesupport_c: rosidl_typesupport_fastrtps_c;rosidl_typesupport_introspection_c
[0.539s] -- Found rosidl_adapter: 1.3.1 (/opt/ros/foxy/share/rosidl_adapter/cmake)
[2.702s] -- Using all available rosidl_typesupport_cpp: rosidl_typesupport_fastrtps_cpp;rosidl_typesupport_introspection_cpp
[2.735s] -- Found PythonInterp: /usr/bin/python3 (found version "3.8.10") 
[2.876s] CMake Error at /opt/ros/foxy/share/rosidl_adapter/cmake/rosidl_adapt_interfaces.cmake:60 (message):
[2.876s]   execute_process(/usr/bin/python3 -m rosidl_adapter --package-name
[2.876s]   person_mags --arguments-file
[2.876s]   /home/u22c1001/ros2_ws/build/person_mags/rosidl_adapter__arguments__person_mags.json
[2.876s]   --output-dir
[2.876s]   /home/u22c1001/ros2_ws/build/person_mags/rosidl_adapter/person_mags
[2.876s]   --output-file
[2.876s]   /home/u22c1001/ros2_ws/build/person_mags/rosidl_adapter/person_mags.idls)
[2.876s]   returned error code 1:
[2.876s] 
[2.876s]   Error processing 'tring name' of 'person_mags/Person': ''tring' is an
[2.877s]   invalid message name.  It should have the pattern '^[A-Z][A-Za-z0-9]*$''
[2.877s] 
[2.877s]   Traceback (most recent call last):
[2.877s] 
[2.877s]     File "/usr/lib/python3.8/runpy.py", line 194, in _run_module_as_main
[2.877s]       return _run_code(code, main_globals, None,
[2.877s]     File "/usr/lib/python3.8/runpy.py", line 87, in _run_code
[2.877s]       exec(code, run_globals)
[2.877s]     File "/opt/ros/foxy/lib/python3.8/site-packages/rosidl_adapter/__main__.py", line 19, in <module>
[2.877s]       sys.exit(main())
[2.878s]     File "/opt/ros/foxy/lib/python3.8/site-packages/rosidl_adapter/main.py", line 53, in main
[2.878s]       abs_idl_file = convert_to_idl(
[2.878s]     File "/opt/ros/foxy/lib/python3.8/site-packages/rosidl_adapter/__init__.py", line 19, in convert_to_idl
[2.878s]       return convert_msg_to_idl(
[2.878s]     File "/opt/ros/foxy/lib/python3.8/site-packages/rosidl_adapter/msg/__init__.py", line 28, in convert_msg_to_idl
[2.878s]       msg = parse_message_string(package_name, input_file.stem, content)
[2.878s]     File "/opt/ros/foxy/lib/python3.8/site-packages/rosidl_adapter/parser.py", line 516, in parse_message_string
[2.878s]       Type(type_string, context_package_name=pkg_name),
[2.878s]     File "/opt/ros/foxy/lib/python3.8/site-packages/rosidl_adapter/parser.py", line 276, in __init__
[2.878s]       super(Type, self).__init__(
[2.878s]     File "/opt/ros/foxy/lib/python3.8/site-packages/rosidl_adapter/parser.py", line 204, in __init__
[2.878s]       raise InvalidResourceName(
[2.878s] 
[2.878s]   rosidl_adapter.parser.InvalidResourceName: 'tring' is an invalid message
[2.878s]   name.  It should have the pattern '^[A-Z][A-Za-z0-9]*$'
[2.879s] 
[2.879s] Call Stack (most recent call first):
[2.879s]   /opt/ros/foxy/share/rosidl_cmake/cmake/rosidl_generate_interfaces.cmake:130 (rosidl_adapt_interfaces)
[2.879s]   CMakeLists.txt:21 (rosidl_generate_interfaces)
[2.879s] 
[2.879s] 
[2.879s] -- Configuring incomplete, errors occurred!
[2.879s] See also "/home/u22c1001/ros2_ws/build/person_mags/CMakeFiles/CMakeOutput.log".
[2.883s] Invoked command in '/home/u22c1001/ros2_ws/build/person_mags' returned '1': CMAKE_PREFIX_PATH=/home/u22c1001/ros2_ws/install/mypkg:/opt/ros/foxy /usr/bin/cmake /home/u22c1001/ros2_ws/src/person_mags -DCMAKE_INSTALL_PREFIX=/home/u22c1001/ros2_ws/install/person_mags
