[1.918s] DEBUG:colcon:Command line arguments: ['/usr/bin/colcon', 'build']
[1.918s] DEBUG:colcon:Parsed command line arguments: Namespace(allow_overriding=[], ament_cmake_args=None, base_paths=['.'], build_base='build', catkin_cmake_args=None, catkin_skip_building_tests=False, cmake_args=None, cmake_clean_cache=False, cmake_clean_first=False, cmake_force_configure=False, cmake_target=None, cmake_target_skip_unavailable=False, continue_on_error=False, event_handlers=None, executor='parallel', ignore_user_meta=False, install_base='install', log_base=None, log_level=None, main=<bound method BuildVerb.main of <colcon_core.verb.build.BuildVerb object at 0x7f8dbd9b5190>>, merge_install=False, metas=['./colcon.meta'], packages_above=None, packages_above_and_dependencies=None, packages_above_depth=None, packages_end=None, packages_ignore=None, packages_ignore_regex=None, packages_select=None, packages_select_build_failed=False, packages_select_by_dep=None, packages_select_regex=None, packages_select_test_failures=False, packages_skip=None, packages_skip_build_finished=False, packages_skip_by_dep=None, packages_skip_regex=None, packages_skip_test_passed=False, packages_skip_up_to=None, packages_start=None, packages_up_to=None, packages_up_to_regex=None, parallel_workers=8, paths=None, symlink_install=False, test_result_base=None, verb_extension=<colcon_core.verb.build.BuildVerb object at 0x7f8dbd9b5190>, verb_name='build', verb_parser=<colcon_defaults.argument_parser.defaults.DefaultArgumentsDecorator object at 0x7f8dbd57b310>)
[2.038s] Level 1:colcon.colcon_core.package_discovery:discover_packages(colcon_meta) check parameters
[2.038s] Level 1:colcon.colcon_core.package_discovery:discover_packages(recursive) check parameters
[2.038s] Level 1:colcon.colcon_core.package_discovery:discover_packages(ignore) check parameters
[2.038s] Level 1:colcon.colcon_core.package_discovery:discover_packages(path) check parameters
[2.038s] Level 1:colcon.colcon_core.package_discovery:discover_packages(colcon_meta) discover
[2.038s] Level 1:colcon.colcon_core.package_discovery:discover_packages(recursive) discover
[2.038s] INFO:colcon.colcon_core.package_discovery:Crawling recursively for packages in '/home/u22c1001/ros2_ws'
[2.038s] Level 1:colcon.colcon_core.package_identification:_identify(.) by extensions ['ignore', 'ignore_ament_install']
[2.038s] Level 1:colcon.colcon_core.package_identification:_identify(.) by extension 'ignore'
[2.039s] Level 1:colcon.colcon_core.package_identification:_identify(.) by extension 'ignore_ament_install'
[2.039s] Level 1:colcon.colcon_core.package_identification:_identify(.) by extensions ['colcon_pkg']
[2.039s] Level 1:colcon.colcon_core.package_identification:_identify(.) by extension 'colcon_pkg'
[2.039s] Level 1:colcon.colcon_core.package_identification:_identify(.) by extensions ['colcon_meta']
[2.039s] Level 1:colcon.colcon_core.package_identification:_identify(.) by extension 'colcon_meta'
[2.039s] Level 1:colcon.colcon_core.package_identification:_identify(.) by extensions ['ros']
[2.039s] Level 1:colcon.colcon_core.package_identification:_identify(.) by extension 'ros'
[2.052s] Level 1:colcon.colcon_core.package_identification:_identify(.) by extensions ['cmake', 'python']
[2.052s] Level 1:colcon.colcon_core.package_identification:_identify(.) by extension 'cmake'
[2.052s] Level 1:colcon.colcon_core.package_identification:_identify(.) by extension 'python'
[2.052s] Level 1:colcon.colcon_core.package_identification:_identify(.) by extensions ['python_setup_py']
[2.052s] Level 1:colcon.colcon_core.package_identification:_identify(.) by extension 'python_setup_py'
[2.053s] Level 1:colcon.colcon_core.package_identification:_identify(build) by extensions ['ignore', 'ignore_ament_install']
[2.053s] Level 1:colcon.colcon_core.package_identification:_identify(build) by extension 'ignore'
[2.053s] Level 1:colcon.colcon_core.package_identification:_identify(build) ignored
[2.053s] Level 1:colcon.colcon_core.package_identification:_identify(install) by extensions ['ignore', 'ignore_ament_install']
[2.053s] Level 1:colcon.colcon_core.package_identification:_identify(install) by extension 'ignore'
[2.053s] Level 1:colcon.colcon_core.package_identification:_identify(install) ignored
[2.053s] Level 1:colcon.colcon_core.package_identification:_identify(log) by extensions ['ignore', 'ignore_ament_install']
[2.053s] Level 1:colcon.colcon_core.package_identification:_identify(log) by extension 'ignore'
[2.053s] Level 1:colcon.colcon_core.package_identification:_identify(log) ignored
[2.053s] Level 1:colcon.colcon_core.package_identification:_identify(src) by extensions ['ignore', 'ignore_ament_install']
[2.053s] Level 1:colcon.colcon_core.package_identification:_identify(src) by extension 'ignore'
[2.053s] Level 1:colcon.colcon_core.package_identification:_identify(src) by extension 'ignore_ament_install'
[2.053s] Level 1:colcon.colcon_core.package_identification:_identify(src) by extensions ['colcon_pkg']
[2.053s] Level 1:colcon.colcon_core.package_identification:_identify(src) by extension 'colcon_pkg'
[2.053s] Level 1:colcon.colcon_core.package_identification:_identify(src) by extensions ['colcon_meta']
[2.053s] Level 1:colcon.colcon_core.package_identification:_identify(src) by extension 'colcon_meta'
[2.053s] Level 1:colcon.colcon_core.package_identification:_identify(src) by extensions ['ros']
[2.053s] Level 1:colcon.colcon_core.package_identification:_identify(src) by extension 'ros'
[2.054s] Level 1:colcon.colcon_core.package_identification:_identify(src) by extensions ['cmake', 'python']
[2.054s] Level 1:colcon.colcon_core.package_identification:_identify(src) by extension 'cmake'
[2.054s] Level 1:colcon.colcon_core.package_identification:_identify(src) by extension 'python'
[2.054s] Level 1:colcon.colcon_core.package_identification:_identify(src) by extensions ['python_setup_py']
[2.054s] Level 1:colcon.colcon_core.package_identification:_identify(src) by extension 'python_setup_py'
[2.054s] Level 1:colcon.colcon_core.package_identification:_identify(src/mypkg) by extensions ['ignore', 'ignore_ament_install']
[2.054s] Level 1:colcon.colcon_core.package_identification:_identify(src/mypkg) by extension 'ignore'
[2.054s] Level 1:colcon.colcon_core.package_identification:_identify(src/mypkg) by extension 'ignore_ament_install'
[2.054s] Level 1:colcon.colcon_core.package_identification:_identify(src/mypkg) by extensions ['colcon_pkg']
[2.054s] Level 1:colcon.colcon_core.package_identification:_identify(src/mypkg) by extension 'colcon_pkg'
[2.054s] Level 1:colcon.colcon_core.package_identification:_identify(src/mypkg) by extensions ['colcon_meta']
[2.054s] Level 1:colcon.colcon_core.package_identification:_identify(src/mypkg) by extension 'colcon_meta'
[2.054s] Level 1:colcon.colcon_core.package_identification:_identify(src/mypkg) by extensions ['ros']
[2.054s] Level 1:colcon.colcon_core.package_identification:_identify(src/mypkg) by extension 'ros'
[2.058s] DEBUG:colcon.colcon_core.package_identification:Package 'src/mypkg' with type 'ros.ament_python' and name 'mypkg'
[2.059s] Level 1:colcon.colcon_core.package_identification:_identify(src/person_msgs) by extensions ['ignore', 'ignore_ament_install']
[2.059s] Level 1:colcon.colcon_core.package_identification:_identify(src/person_msgs) by extension 'ignore'
[2.059s] Level 1:colcon.colcon_core.package_identification:_identify(src/person_msgs) by extension 'ignore_ament_install'
[2.059s] Level 1:colcon.colcon_core.package_identification:_identify(src/person_msgs) by extensions ['colcon_pkg']
[2.059s] Level 1:colcon.colcon_core.package_identification:_identify(src/person_msgs) by extension 'colcon_pkg'
[2.059s] Level 1:colcon.colcon_core.package_identification:_identify(src/person_msgs) by extensions ['colcon_meta']
[2.059s] Level 1:colcon.colcon_core.package_identification:_identify(src/person_msgs) by extension 'colcon_meta'
[2.059s] Level 1:colcon.colcon_core.package_identification:_identify(src/person_msgs) by extensions ['ros']
[2.059s] Level 1:colcon.colcon_core.package_identification:_identify(src/person_msgs) by extension 'ros'
[2.060s] DEBUG:colcon.colcon_core.package_identification:Package 'src/person_msgs' with type 'ros.ament_cmake' and name 'person_msgs'
[2.060s] Level 1:colcon.colcon_core.package_discovery:discover_packages(recursive) using defaults
[2.060s] Level 1:colcon.colcon_core.package_discovery:discover_packages(ignore) discover
[2.060s] Level 1:colcon.colcon_core.package_discovery:discover_packages(ignore) using defaults
[2.060s] Level 1:colcon.colcon_core.package_discovery:discover_packages(path) discover
[2.060s] Level 1:colcon.colcon_core.package_discovery:discover_packages(path) using defaults
[2.195s] Level 1:colcon.colcon_core.package_discovery:discover_packages(prefix_path) check parameters
[2.195s] Level 1:colcon.colcon_core.package_discovery:discover_packages(prefix_path) discover
[2.240s] DEBUG:colcon.colcon_installed_package_information.package_discovery:Found 3 installed packages in /home/u22c1001/ros2_ws/install
[2.259s] DEBUG:colcon.colcon_installed_package_information.package_discovery:Found 256 installed packages in /opt/ros/foxy
[2.259s] Level 1:colcon.colcon_core.package_discovery:discover_packages(prefix_path) using defaults
[2.422s] Level 5:colcon.colcon_core.verb:set package 'mypkg' build argument 'cmake_args' from command line to 'None'
[2.422s] Level 5:colcon.colcon_core.verb:set package 'mypkg' build argument 'cmake_target' from command line to 'None'
[2.422s] Level 5:colcon.colcon_core.verb:set package 'mypkg' build argument 'cmake_target_skip_unavailable' from command line to 'False'
[2.422s] Level 5:colcon.colcon_core.verb:set package 'mypkg' build argument 'cmake_clean_cache' from command line to 'False'
[2.422s] Level 5:colcon.colcon_core.verb:set package 'mypkg' build argument 'cmake_clean_first' from command line to 'False'
[2.422s] Level 5:colcon.colcon_core.verb:set package 'mypkg' build argument 'cmake_force_configure' from command line to 'False'
[2.422s] Level 5:colcon.colcon_core.verb:set package 'mypkg' build argument 'ament_cmake_args' from command line to 'None'
[2.422s] Level 5:colcon.colcon_core.verb:set package 'mypkg' build argument 'catkin_cmake_args' from command line to 'None'
[2.422s] Level 5:colcon.colcon_core.verb:set package 'mypkg' build argument 'catkin_skip_building_tests' from command line to 'False'
[2.422s] DEBUG:colcon.colcon_core.verb:Building package 'mypkg' with the following arguments: {'ament_cmake_args': None, 'build_base': '/home/u22c1001/ros2_ws/build/mypkg', 'catkin_cmake_args': None, 'catkin_skip_building_tests': False, 'cmake_args': None, 'cmake_clean_cache': False, 'cmake_clean_first': False, 'cmake_force_configure': False, 'cmake_target': None, 'cmake_target_skip_unavailable': False, 'install_base': '/home/u22c1001/ros2_ws/install/mypkg', 'merge_install': False, 'path': '/home/u22c1001/ros2_ws/src/mypkg', 'symlink_install': False, 'test_result_base': None}
[2.440s] Level 5:colcon.colcon_core.verb:set package 'person_msgs' build argument 'cmake_args' from command line to 'None'
[2.440s] Level 5:colcon.colcon_core.verb:set package 'person_msgs' build argument 'cmake_target' from command line to 'None'
[2.440s] Level 5:colcon.colcon_core.verb:set package 'person_msgs' build argument 'cmake_target_skip_unavailable' from command line to 'False'
[2.440s] Level 5:colcon.colcon_core.verb:set package 'person_msgs' build argument 'cmake_clean_cache' from command line to 'False'
[2.440s] Level 5:colcon.colcon_core.verb:set package 'person_msgs' build argument 'cmake_clean_first' from command line to 'False'
[2.440s] Level 5:colcon.colcon_core.verb:set package 'person_msgs' build argument 'cmake_force_configure' from command line to 'False'
[2.440s] Level 5:colcon.colcon_core.verb:set package 'person_msgs' build argument 'ament_cmake_args' from command line to 'None'
[2.440s] Level 5:colcon.colcon_core.verb:set package 'person_msgs' build argument 'catkin_cmake_args' from command line to 'None'
[2.440s] Level 5:colcon.colcon_core.verb:set package 'person_msgs' build argument 'catkin_skip_building_tests' from command line to 'False'
[2.440s] DEBUG:colcon.colcon_core.verb:Building package 'person_msgs' with the following arguments: {'ament_cmake_args': None, 'build_base': '/home/u22c1001/ros2_ws/build/person_msgs', 'catkin_cmake_args': None, 'catkin_skip_building_tests': False, 'cmake_args': None, 'cmake_clean_cache': False, 'cmake_clean_first': False, 'cmake_force_configure': False, 'cmake_target': None, 'cmake_target_skip_unavailable': False, 'install_base': '/home/u22c1001/ros2_ws/install/person_msgs', 'merge_install': False, 'path': '/home/u22c1001/ros2_ws/src/person_msgs', 'symlink_install': False, 'test_result_base': None}
[2.458s] INFO:colcon.colcon_core.executor:Executing jobs using 'parallel' executor
[2.479s] DEBUG:colcon.colcon_parallel_executor.executor.parallel:run_until_complete
[2.479s] INFO:colcon.colcon_ros.task.ament_python.build:Building ROS package in '/home/u22c1001/ros2_ws/src/mypkg' with build type 'ament_python'
[2.480s] Level 1:colcon.colcon_core.shell:create_environment_hook('mypkg', 'ament_prefix_path')
[2.509s] INFO:colcon.colcon_core.plugin_system:Skipping extension 'colcon_core.shell.bat': Not used on non-Windows systems
[2.509s] INFO:colcon.colcon_core.shell:Creating environment hook '/home/u22c1001/ros2_ws/install/mypkg/share/mypkg/hook/ament_prefix_path.ps1'
[2.511s] INFO:colcon.colcon_core.shell:Creating environment descriptor '/home/u22c1001/ros2_ws/install/mypkg/share/mypkg/hook/ament_prefix_path.dsv'
[2.512s] INFO:colcon.colcon_core.shell:Creating environment hook '/home/u22c1001/ros2_ws/install/mypkg/share/mypkg/hook/ament_prefix_path.sh'
[2.534s] INFO:colcon.colcon_core.shell:Skip shell extension 'powershell' for command environment: Not usable outside of PowerShell
[2.534s] DEBUG:colcon.colcon_core.shell:Skip shell extension 'dsv' for command environment
[2.600s] INFO:colcon.colcon_ros.task.ament_cmake.build:Building ROS package in '/home/u22c1001/ros2_ws/src/person_msgs' with build type 'ament_cmake'
[2.600s] INFO:colcon.colcon_cmake.task.cmake.build:Building CMake package in '/home/u22c1001/ros2_ws/src/person_msgs'
[2.626s] INFO:colcon.colcon_core.shell:Skip shell extension 'powershell' for command environment: Not usable outside of PowerShell
[2.626s] DEBUG:colcon.colcon_core.shell:Skip shell extension 'dsv' for command environment
[2.851s] INFO:colcon.colcon_core.task.python.build:Building Python package in '/home/u22c1001/ros2_ws/src/mypkg'
[2.871s] INFO:colcon.colcon_core.shell:Skip shell extension 'powershell' for command environment: Not usable outside of PowerShell
[2.871s] DEBUG:colcon.colcon_core.shell:Skip shell extension 'dsv' for command environment
[2.939s] DEBUG:colcon.colcon_core.event_handler.log_command:Invoking command in '/home/u22c1001/ros2_ws/build/person_msgs': CMAKE_PREFIX_PATH=${CMAKE_PREFIX_PATH}:/home/u22c1001/ros2_ws/install/mypkg:/opt/ros/foxy /usr/bin/cmake --build /home/u22c1001/ros2_ws/build/person_msgs -- -j8 -l8
[3.396s] DEBUG:colcon.colcon_core.event_handler.log_command:Invoked command in '/home/u22c1001/ros2_ws/build/person_msgs' returned '0': CMAKE_PREFIX_PATH=${CMAKE_PREFIX_PATH}:/home/u22c1001/ros2_ws/install/mypkg:/opt/ros/foxy /usr/bin/cmake --build /home/u22c1001/ros2_ws/build/person_msgs -- -j8 -l8
[3.432s] DEBUG:colcon.colcon_core.event_handler.log_command:Invoking command in '/home/u22c1001/ros2_ws/src/mypkg': PYTHONPATH=/home/u22c1001/ros2_ws/build/mypkg/prefix_override:/home/u22c1001/ros2_ws/install/mypkg/lib/python3.8/site-packages:${PYTHONPATH} /usr/bin/python3 setup.py egg_info --egg-base ../../build/mypkg build --build-base /home/u22c1001/ros2_ws/build/mypkg/build install --record /home/u22c1001/ros2_ws/build/mypkg/install.log --install-scripts $base/lib/mypkg --single-version-externally-managed
[3.463s] DEBUG:colcon.colcon_core.event_handler.log_command:Invoking command in '/home/u22c1001/ros2_ws/build/person_msgs': CMAKE_PREFIX_PATH=${CMAKE_PREFIX_PATH}:/home/u22c1001/ros2_ws/install/mypkg:/opt/ros/foxy /usr/bin/cmake --install /home/u22c1001/ros2_ws/build/person_msgs
[3.545s] Level 1:colcon.colcon_core.environment:create_environment_scripts_only(person_msgs)
[3.545s] DEBUG:colcon.colcon_core.event_handler.log_command:Invoked command in '/home/u22c1001/ros2_ws/build/person_msgs' returned '0': CMAKE_PREFIX_PATH=${CMAKE_PREFIX_PATH}:/home/u22c1001/ros2_ws/install/mypkg:/opt/ros/foxy /usr/bin/cmake --install /home/u22c1001/ros2_ws/build/person_msgs
[3.580s] Level 1:colcon.colcon_core.environment:checking '/home/u22c1001/ros2_ws/install/person_msgs' for CMake module files
[3.581s] Level 1:colcon.colcon_core.environment:checking '/home/u22c1001/ros2_ws/install/person_msgs' for CMake config files
[3.583s] Level 1:colcon.colcon_core.shell:create_environment_hook('person_msgs', 'cmake_prefix_path')
[3.610s] INFO:colcon.colcon_core.shell:Creating environment hook '/home/u22c1001/ros2_ws/install/person_msgs/share/person_msgs/hook/cmake_prefix_path.ps1'
[3.611s] INFO:colcon.colcon_core.shell:Creating environment descriptor '/home/u22c1001/ros2_ws/install/person_msgs/share/person_msgs/hook/cmake_prefix_path.dsv'
[3.611s] INFO:colcon.colcon_core.shell:Creating environment hook '/home/u22c1001/ros2_ws/install/person_msgs/share/person_msgs/hook/cmake_prefix_path.sh'
[3.611s] Level 1:colcon.colcon_core.environment:checking '/home/u22c1001/ros2_ws/install/person_msgs/lib'
[3.612s] Level 1:colcon.colcon_core.shell:create_environment_hook('person_msgs', 'ld_library_path_lib')
[3.647s] INFO:colcon.colcon_core.shell:Creating environment hook '/home/u22c1001/ros2_ws/install/person_msgs/share/person_msgs/hook/ld_library_path_lib.ps1'
[3.648s] INFO:colcon.colcon_core.shell:Creating environment descriptor '/home/u22c1001/ros2_ws/install/person_msgs/share/person_msgs/hook/ld_library_path_lib.dsv'
[3.648s] INFO:colcon.colcon_core.shell:Creating environment hook '/home/u22c1001/ros2_ws/install/person_msgs/share/person_msgs/hook/ld_library_path_lib.sh'
[3.648s] Level 1:colcon.colcon_core.environment:checking '/home/u22c1001/ros2_ws/install/person_msgs/bin'
[3.649s] Level 1:colcon.colcon_core.environment:checking '/home/u22c1001/ros2_ws/install/person_msgs/lib/pkgconfig/person_msgs.pc'
[3.649s] Level 1:colcon.colcon_core.environment:checking '/home/u22c1001/ros2_ws/install/person_msgs/lib/python3.8/site-packages'
[3.649s] Level 1:colcon.colcon_core.shell:create_environment_hook('person_msgs', 'pythonpath')
[3.669s] INFO:colcon.colcon_core.shell:Creating environment hook '/home/u22c1001/ros2_ws/install/person_msgs/share/person_msgs/hook/pythonpath.ps1'
[3.669s] INFO:colcon.colcon_core.shell:Creating environment descriptor '/home/u22c1001/ros2_ws/install/person_msgs/share/person_msgs/hook/pythonpath.dsv'
[3.669s] INFO:colcon.colcon_core.shell:Creating environment hook '/home/u22c1001/ros2_ws/install/person_msgs/share/person_msgs/hook/pythonpath.sh'
[3.670s] Level 1:colcon.colcon_core.environment:checking '/home/u22c1001/ros2_ws/install/person_msgs/bin'
[3.691s] INFO:colcon.colcon_core.shell:Creating package script '/home/u22c1001/ros2_ws/install/person_msgs/share/person_msgs/package.ps1'
[3.692s] INFO:colcon.colcon_core.shell:Creating package descriptor '/home/u22c1001/ros2_ws/install/person_msgs/share/person_msgs/package.dsv'
[3.693s] INFO:colcon.colcon_core.shell:Creating package script '/home/u22c1001/ros2_ws/install/person_msgs/share/person_msgs/package.sh'
[3.694s] INFO:colcon.colcon_core.shell:Creating package script '/home/u22c1001/ros2_ws/install/person_msgs/share/person_msgs/package.bash'
[3.696s] INFO:colcon.colcon_core.shell:Creating package script '/home/u22c1001/ros2_ws/install/person_msgs/share/person_msgs/package.zsh'
[3.697s] Level 1:colcon.colcon_core.environment:create_file_with_runtime_dependencies(/home/u22c1001/ros2_ws/install/person_msgs/share/colcon-core/packages/person_msgs)
[3.702s] DEBUG:colcon.colcon_core.event_handler.log_command:Invoked command in '/home/u22c1001/ros2_ws/src/mypkg' returned '0': PYTHONPATH=/home/u22c1001/ros2_ws/build/mypkg/prefix_override:/home/u22c1001/ros2_ws/install/mypkg/lib/python3.8/site-packages:${PYTHONPATH} /usr/bin/python3 setup.py egg_info --egg-base ../../build/mypkg build --build-base /home/u22c1001/ros2_ws/build/mypkg/build install --record /home/u22c1001/ros2_ws/build/mypkg/install.log --install-scripts $base/lib/mypkg --single-version-externally-managed
[3.727s] Level 1:colcon.colcon_core.environment:checking '/home/u22c1001/ros2_ws/install/mypkg' for CMake module files
[3.727s] Level 1:colcon.colcon_core.environment:checking '/home/u22c1001/ros2_ws/install/mypkg' for CMake config files
[3.728s] Level 1:colcon.colcon_core.environment:checking '/home/u22c1001/ros2_ws/install/mypkg/lib'
[3.729s] Level 1:colcon.colcon_core.environment:checking '/home/u22c1001/ros2_ws/install/mypkg/bin'
[3.729s] Level 1:colcon.colcon_core.environment:checking '/home/u22c1001/ros2_ws/install/mypkg/lib/pkgconfig/mypkg.pc'
[3.729s] Level 1:colcon.colcon_core.environment:checking '/home/u22c1001/ros2_ws/install/mypkg/lib/python3.8/site-packages'
[3.729s] Level 1:colcon.colcon_core.shell:create_environment_hook('mypkg', 'pythonpath')
[3.755s] INFO:colcon.colcon_core.shell:Creating environment hook '/home/u22c1001/ros2_ws/install/mypkg/share/mypkg/hook/pythonpath.ps1'
[3.756s] INFO:colcon.colcon_core.shell:Creating environment descriptor '/home/u22c1001/ros2_ws/install/mypkg/share/mypkg/hook/pythonpath.dsv'
[3.756s] INFO:colcon.colcon_core.shell:Creating environment hook '/home/u22c1001/ros2_ws/install/mypkg/share/mypkg/hook/pythonpath.sh'
[3.756s] Level 1:colcon.colcon_core.environment:checking '/home/u22c1001/ros2_ws/install/mypkg/bin'
[3.757s] Level 1:colcon.colcon_core.environment:create_environment_scripts_only(mypkg)
[3.777s] INFO:colcon.colcon_core.shell:Creating package script '/home/u22c1001/ros2_ws/install/mypkg/share/mypkg/package.ps1'
[3.777s] INFO:colcon.colcon_core.shell:Creating package descriptor '/home/u22c1001/ros2_ws/install/mypkg/share/mypkg/package.dsv'
[3.777s] INFO:colcon.colcon_core.shell:Creating package script '/home/u22c1001/ros2_ws/install/mypkg/share/mypkg/package.sh'
[3.778s] INFO:colcon.colcon_core.shell:Creating package script '/home/u22c1001/ros2_ws/install/mypkg/share/mypkg/package.bash'
[3.778s] INFO:colcon.colcon_core.shell:Creating package script '/home/u22c1001/ros2_ws/install/mypkg/share/mypkg/package.zsh'
[3.778s] Level 1:colcon.colcon_core.environment:create_file_with_runtime_dependencies(/home/u22c1001/ros2_ws/install/mypkg/share/colcon-core/packages/mypkg)
[3.806s] Level 1:colcon.colcon_core.environment:create_environment_scripts_only(person_msgs)
[3.830s] Level 1:colcon.colcon_core.environment:checking '/home/u22c1001/ros2_ws/install/person_msgs' for CMake module files
[3.830s] Level 1:colcon.colcon_core.environment:checking '/home/u22c1001/ros2_ws/install/person_msgs' for CMake config files
[3.831s] Level 1:colcon.colcon_core.shell:create_environment_hook('person_msgs', 'cmake_prefix_path')
[3.852s] INFO:colcon.colcon_core.shell:Creating environment hook '/home/u22c1001/ros2_ws/install/person_msgs/share/person_msgs/hook/cmake_prefix_path.ps1'
[3.852s] INFO:colcon.colcon_core.shell:Creating environment descriptor '/home/u22c1001/ros2_ws/install/person_msgs/share/person_msgs/hook/cmake_prefix_path.dsv'
[3.852s] INFO:colcon.colcon_core.shell:Creating environment hook '/home/u22c1001/ros2_ws/install/person_msgs/share/person_msgs/hook/cmake_prefix_path.sh'
[3.853s] Level 1:colcon.colcon_core.environment:checking '/home/u22c1001/ros2_ws/install/person_msgs/lib'
[3.853s] Level 1:colcon.colcon_core.shell:create_environment_hook('person_msgs', 'ld_library_path_lib')
[3.873s] INFO:colcon.colcon_core.shell:Creating environment hook '/home/u22c1001/ros2_ws/install/person_msgs/share/person_msgs/hook/ld_library_path_lib.ps1'
[3.873s] INFO:colcon.colcon_core.shell:Creating environment descriptor '/home/u22c1001/ros2_ws/install/person_msgs/share/person_msgs/hook/ld_library_path_lib.dsv'
[3.873s] INFO:colcon.colcon_core.shell:Creating environment hook '/home/u22c1001/ros2_ws/install/person_msgs/share/person_msgs/hook/ld_library_path_lib.sh'
[3.874s] Level 1:colcon.colcon_core.environment:checking '/home/u22c1001/ros2_ws/install/person_msgs/bin'
[3.874s] Level 1:colcon.colcon_core.environment:checking '/home/u22c1001/ros2_ws/install/person_msgs/lib/pkgconfig/person_msgs.pc'
[3.874s] Level 1:colcon.colcon_core.environment:checking '/home/u22c1001/ros2_ws/install/person_msgs/lib/python3.8/site-packages'
[3.874s] Level 1:colcon.colcon_core.shell:create_environment_hook('person_msgs', 'pythonpath')
[3.895s] INFO:colcon.colcon_core.shell:Creating environment hook '/home/u22c1001/ros2_ws/install/person_msgs/share/person_msgs/hook/pythonpath.ps1'
[3.896s] INFO:colcon.colcon_core.shell:Creating environment descriptor '/home/u22c1001/ros2_ws/install/person_msgs/share/person_msgs/hook/pythonpath.dsv'
[3.897s] INFO:colcon.colcon_core.shell:Creating environment hook '/home/u22c1001/ros2_ws/install/person_msgs/share/person_msgs/hook/pythonpath.sh'
[3.897s] Level 1:colcon.colcon_core.environment:checking '/home/u22c1001/ros2_ws/install/person_msgs/bin'
[3.918s] INFO:colcon.colcon_core.shell:Creating package script '/home/u22c1001/ros2_ws/install/person_msgs/share/person_msgs/package.ps1'
[3.919s] INFO:colcon.colcon_core.shell:Creating package descriptor '/home/u22c1001/ros2_ws/install/person_msgs/share/person_msgs/package.dsv'
[3.919s] INFO:colcon.colcon_core.shell:Creating package script '/home/u22c1001/ros2_ws/install/person_msgs/share/person_msgs/package.sh'
[3.919s] INFO:colcon.colcon_core.shell:Creating package script '/home/u22c1001/ros2_ws/install/person_msgs/share/person_msgs/package.bash'
[3.920s] INFO:colcon.colcon_core.shell:Creating package script '/home/u22c1001/ros2_ws/install/person_msgs/share/person_msgs/package.zsh'
[3.920s] Level 1:colcon.colcon_core.environment:create_file_with_runtime_dependencies(/home/u22c1001/ros2_ws/install/person_msgs/share/colcon-core/packages/person_msgs)
[3.920s] DEBUG:colcon.colcon_parallel_executor.executor.parallel:closing loop
[3.921s] DEBUG:colcon.colcon_parallel_executor.executor.parallel:loop closed
[3.922s] DEBUG:colcon.colcon_parallel_executor.executor.parallel:run_until_complete finished with '0'
[3.922s] DEBUG:colcon.colcon_core.event_reactor:joining thread
[4.004s] INFO:colcon.colcon_core.plugin_system:Skipping extension 'colcon_notification.desktop_notification.notify_send': Could not find 'notify-send'
[4.004s] INFO:colcon.colcon_core.plugin_system:Skipping extension 'colcon_notification.desktop_notification.terminal_notifier': Not used on non-Darwin systems
[4.005s] INFO:colcon.colcon_core.plugin_system:Skipping extension 'colcon_notification.desktop_notification.win32': Not used on non-Windows systems
[4.005s] INFO:colcon.colcon_notification.desktop_notification:Sending desktop notification using 'notify2'
[4.577s] DEBUG:colcon.colcon_notification.desktop_notification.notify2:Failed to initialize notify2: org.freedesktop.DBus.Error.ServiceUnknown: The name org.freedesktop.Notifications was not provided by any .service files
[4.578s] DEBUG:colcon.colcon_core.event_reactor:joined thread
[4.602s] INFO:colcon.colcon_core.shell:Creating prefix script '/home/u22c1001/ros2_ws/install/local_setup.ps1'
[4.605s] INFO:colcon.colcon_core.shell:Creating prefix util module '/home/u22c1001/ros2_ws/install/_local_setup_util_ps1.py'
[4.606s] INFO:colcon.colcon_core.shell:Creating prefix chain script '/home/u22c1001/ros2_ws/install/setup.ps1'
[4.637s] INFO:colcon.colcon_core.shell:Creating prefix script '/home/u22c1001/ros2_ws/install/local_setup.sh'
[4.638s] INFO:colcon.colcon_core.shell:Creating prefix util module '/home/u22c1001/ros2_ws/install/_local_setup_util_sh.py'
[4.639s] INFO:colcon.colcon_core.shell:Creating prefix chain script '/home/u22c1001/ros2_ws/install/setup.sh'
[4.659s] INFO:colcon.colcon_core.shell:Creating prefix script '/home/u22c1001/ros2_ws/install/local_setup.bash'
[4.660s] INFO:colcon.colcon_core.shell:Creating prefix chain script '/home/u22c1001/ros2_ws/install/setup.bash'
[4.683s] INFO:colcon.colcon_core.shell:Creating prefix script '/home/u22c1001/ros2_ws/install/local_setup.zsh'
[4.684s] INFO:colcon.colcon_core.shell:Creating prefix chain script '/home/u22c1001/ros2_ws/install/setup.zsh'
