[0.347s] Invoking command in '/home/u22c1001/ros2_ws/build/person_msgs': CMAKE_PREFIX_PATH=/home/u22c1001/ros2_ws/install/mypkg:/opt/ros/foxy /usr/bin/cmake /home/u22c1001/ros2_ws/src/person_msgs -DCMAKE_INSTALL_PREFIX=/home/u22c1001/ros2_ws/install/person_msgs
[0.359s] -- Found ament_cmake: 0.9.12 (/opt/ros/foxy/share/ament_cmake/cmake)
[0.377s] -- Found PythonInterp: /usr/bin/python3 (found suitable version "3.8.10", minimum required is "3") 
[0.377s] -- Using PYTHON_EXECUTABLE: /usr/bin/python3
[0.525s] -- Found ament_lint_auto: 0.9.8 (/opt/ros/foxy/share/ament_lint_auto/cmake)
[0.582s] -- Found rosidl_default_generators: 1.0.1 (/opt/ros/foxy/share/rosidl_default_generators/cmake)
[0.584s] -- Using all available rosidl_typesupport_c: rosidl_typesupport_fastrtps_c;rosidl_typesupport_introspection_c
[0.587s] -- Found rosidl_adapter: 1.3.1 (/opt/ros/foxy/share/rosidl_adapter/cmake)
[2.976s] -- Using all available rosidl_typesupport_cpp: rosidl_typesupport_fastrtps_cpp;rosidl_typesupport_introspection_cpp
[3.007s] -- Found PythonInterp: /usr/bin/python3 (found version "3.8.10") 
[3.049s] CMake Error at /opt/ros/foxy/share/rosidl_cmake/cmake/rosidl_generate_interfaces.cmake:229 (message):
[3.049s]   Packages installing interfaces must include
[3.049s]   '<member_of_group>rosidl_interface_packages</member_of_group>' in their
[3.050s]   package.xml
[3.050s] Call Stack (most recent call first):
[3.050s]   CMakeLists.txt:36 (rosidl_generate_interfaces)
[3.050s] 
[3.050s] 
[3.050s] -- Configuring incomplete, errors occurred!
[3.050s] See also "/home/u22c1001/ros2_ws/build/person_msgs/CMakeFiles/CMakeOutput.log".
[3.057s] Invoked command in '/home/u22c1001/ros2_ws/build/person_msgs' returned '1': CMAKE_PREFIX_PATH=/home/u22c1001/ros2_ws/install/mypkg:/opt/ros/foxy /usr/bin/cmake /home/u22c1001/ros2_ws/src/person_msgs -DCMAKE_INSTALL_PREFIX=/home/u22c1001/ros2_ws/install/person_msgs
