[0.351s] Invoking command in '/home/u22c1001/ros2_ws/build/person_mags': CMAKE_PREFIX_PATH=/home/u22c1001/ros2_ws/install/mypkg:/opt/ros/foxy /usr/bin/cmake /home/u22c1001/ros2_ws/src/person_mags -DCMAKE_INSTALL_PREFIX=/home/u22c1001/ros2_ws/install/person_mags
[0.362s] -- Found ament_cmake: 0.9.12 (/opt/ros/foxy/share/ament_cmake/cmake)
[0.381s] -- Using PYTHON_EXECUTABLE: /usr/bin/python3
[0.540s] -- Found rosidl_default_generators: 1.0.1 (/opt/ros/foxy/share/rosidl_default_generators/cmake)
[0.543s] -- Using all available rosidl_typesupport_c: rosidl_typesupport_fastrtps_c;rosidl_typesupport_introspection_c
[0.548s] -- Found rosidl_adapter: 1.3.1 (/opt/ros/foxy/share/rosidl_adapter/cmake)
[1.415s] -- Found OpenSSL: /usr/lib/x86_64-linux-gnu/libcrypto.so (found version "1.1.1f")  
[2.087s] -- Found FastRTPS: /opt/ros/foxy/include  
[3.246s] -- Using all available rosidl_typesupport_cpp: rosidl_typesupport_fastrtps_cpp;rosidl_typesupport_introspection_cpp
[3.268s] CMake Error at /opt/ros/foxy/share/rosidl_cmake/cmake/rosidl_generate_interfaces.cmake:93 (message):
[3.268s]   rosidl_generate_interfaces() the passed file 'msg/Person.msg' doesn't exist
[3.268s]   relative to the CMAKE_CURRENT_SOURCE_DIR
[3.269s]   '/home/u22c1001/ros2_ws/src/person_mags'
[3.269s] Call Stack (most recent call first):
[3.269s]   CMakeLists.txt:21 (rosidl_generate_interfaces)
[3.269s] 
[3.269s] 
[3.269s] -- Configuring incomplete, errors occurred!
[3.269s] See also "/home/u22c1001/ros2_ws/build/person_mags/CMakeFiles/CMakeOutput.log".
[3.274s] Invoked command in '/home/u22c1001/ros2_ws/build/person_mags' returned '1': CMAKE_PREFIX_PATH=/home/u22c1001/ros2_ws/install/mypkg:/opt/ros/foxy /usr/bin/cmake /home/u22c1001/ros2_ws/src/person_mags -DCMAKE_INSTALL_PREFIX=/home/u22c1001/ros2_ws/install/person_mags
