[1.371s] DEBUG:colcon:Command line arguments: ['/usr/bin/colcon', 'build']
[1.371s] DEBUG:colcon:Parsed command line arguments: Namespace(allow_overriding=[], ament_cmake_args=None, base_paths=['.'], build_base='build', catkin_cmake_args=None, catkin_skip_building_tests=False, cmake_args=None, cmake_clean_cache=False, cmake_clean_first=False, cmake_force_configure=False, cmake_target=None, cmake_target_skip_unavailable=False, continue_on_error=False, event_handlers=None, executor='parallel', ignore_user_meta=False, install_base='install', log_base=None, log_level=None, main=<bound method BuildVerb.main of <colcon_core.verb.build.BuildVerb object at 0x7fa59543a2e0>>, merge_install=False, metas=['./colcon.meta'], packages_above=None, packages_above_and_dependencies=None, packages_above_depth=None, packages_end=None, packages_ignore=None, packages_ignore_regex=None, packages_select=None, packages_select_build_failed=False, packages_select_by_dep=None, packages_select_regex=None, packages_select_test_failures=False, packages_skip=None, packages_skip_build_finished=False, packages_skip_by_dep=None, packages_skip_regex=None, packages_skip_test_passed=False, packages_skip_up_to=None, packages_start=None, packages_up_to=None, packages_up_to_regex=None, parallel_workers=8, paths=None, symlink_install=False, test_result_base=None, verb_extension=<colcon_core.verb.build.BuildVerb object at 0x7fa59543a2e0>, verb_name='build', verb_parser=<colcon_defaults.argument_parser.defaults.DefaultArgumentsDecorator object at 0x7fa5950623a0>)
[1.433s] Level 1:colcon.colcon_core.package_discovery:discover_packages(colcon_meta) check parameters
[1.433s] Level 1:colcon.colcon_core.package_discovery:discover_packages(recursive) check parameters
[1.433s] Level 1:colcon.colcon_core.package_discovery:discover_packages(ignore) check parameters
[1.433s] Level 1:colcon.colcon_core.package_discovery:discover_packages(path) check parameters
[1.433s] Level 1:colcon.colcon_core.package_discovery:discover_packages(colcon_meta) discover
[1.434s] Level 1:colcon.colcon_core.package_discovery:discover_packages(recursive) discover
[1.434s] INFO:colcon.colcon_core.package_discovery:Crawling recursively for packages in '/home/u22c1001/ros2_ws'
[1.434s] Level 1:colcon.colcon_core.package_identification:_identify(.) by extensions ['ignore', 'ignore_ament_install']
[1.434s] Level 1:colcon.colcon_core.package_identification:_identify(.) by extension 'ignore'
[1.434s] Level 1:colcon.colcon_core.package_identification:_identify(.) by extension 'ignore_ament_install'
[1.434s] Level 1:colcon.colcon_core.package_identification:_identify(.) by extensions ['colcon_pkg']
[1.434s] Level 1:colcon.colcon_core.package_identification:_identify(.) by extension 'colcon_pkg'
[1.434s] Level 1:colcon.colcon_core.package_identification:_identify(.) by extensions ['colcon_meta']
[1.434s] Level 1:colcon.colcon_core.package_identification:_identify(.) by extension 'colcon_meta'
[1.434s] Level 1:colcon.colcon_core.package_identification:_identify(.) by extensions ['ros']
[1.434s] Level 1:colcon.colcon_core.package_identification:_identify(.) by extension 'ros'
[1.442s] Level 1:colcon.colcon_core.package_identification:_identify(.) by extensions ['cmake', 'python']
[1.442s] Level 1:colcon.colcon_core.package_identification:_identify(.) by extension 'cmake'
[1.442s] Level 1:colcon.colcon_core.package_identification:_identify(.) by extension 'python'
[1.442s] Level 1:colcon.colcon_core.package_identification:_identify(.) by extensions ['python_setup_py']
[1.442s] Level 1:colcon.colcon_core.package_identification:_identify(.) by extension 'python_setup_py'
[1.442s] Level 1:colcon.colcon_core.package_identification:_identify(build) by extensions ['ignore', 'ignore_ament_install']
[1.442s] Level 1:colcon.colcon_core.package_identification:_identify(build) by extension 'ignore'
[1.442s] Level 1:colcon.colcon_core.package_identification:_identify(build) ignored
[1.443s] Level 1:colcon.colcon_core.package_identification:_identify(install) by extensions ['ignore', 'ignore_ament_install']
[1.443s] Level 1:colcon.colcon_core.package_identification:_identify(install) by extension 'ignore'
[1.443s] Level 1:colcon.colcon_core.package_identification:_identify(install) ignored
[1.443s] Level 1:colcon.colcon_core.package_identification:_identify(log) by extensions ['ignore', 'ignore_ament_install']
[1.443s] Level 1:colcon.colcon_core.package_identification:_identify(log) by extension 'ignore'
[1.443s] Level 1:colcon.colcon_core.package_identification:_identify(log) ignored
[1.443s] Level 1:colcon.colcon_core.package_identification:_identify(src) by extensions ['ignore', 'ignore_ament_install']
[1.443s] Level 1:colcon.colcon_core.package_identification:_identify(src) by extension 'ignore'
[1.443s] Level 1:colcon.colcon_core.package_identification:_identify(src) by extension 'ignore_ament_install'
[1.443s] Level 1:colcon.colcon_core.package_identification:_identify(src) by extensions ['colcon_pkg']
[1.443s] Level 1:colcon.colcon_core.package_identification:_identify(src) by extension 'colcon_pkg'
[1.443s] Level 1:colcon.colcon_core.package_identification:_identify(src) by extensions ['colcon_meta']
[1.443s] Level 1:colcon.colcon_core.package_identification:_identify(src) by extension 'colcon_meta'
[1.443s] Level 1:colcon.colcon_core.package_identification:_identify(src) by extensions ['ros']
[1.443s] Level 1:colcon.colcon_core.package_identification:_identify(src) by extension 'ros'
[1.443s] Level 1:colcon.colcon_core.package_identification:_identify(src) by extensions ['cmake', 'python']
[1.443s] Level 1:colcon.colcon_core.package_identification:_identify(src) by extension 'cmake'
[1.443s] Level 1:colcon.colcon_core.package_identification:_identify(src) by extension 'python'
[1.443s] Level 1:colcon.colcon_core.package_identification:_identify(src) by extensions ['python_setup_py']
[1.443s] Level 1:colcon.colcon_core.package_identification:_identify(src) by extension 'python_setup_py'
[1.443s] Level 1:colcon.colcon_core.package_identification:_identify(src/mypkg) by extensions ['ignore', 'ignore_ament_install']
[1.443s] Level 1:colcon.colcon_core.package_identification:_identify(src/mypkg) by extension 'ignore'
[1.443s] Level 1:colcon.colcon_core.package_identification:_identify(src/mypkg) by extension 'ignore_ament_install'
[1.444s] Level 1:colcon.colcon_core.package_identification:_identify(src/mypkg) by extensions ['colcon_pkg']
[1.444s] Level 1:colcon.colcon_core.package_identification:_identify(src/mypkg) by extension 'colcon_pkg'
[1.444s] Level 1:colcon.colcon_core.package_identification:_identify(src/mypkg) by extensions ['colcon_meta']
[1.444s] Level 1:colcon.colcon_core.package_identification:_identify(src/mypkg) by extension 'colcon_meta'
[1.444s] Level 1:colcon.colcon_core.package_identification:_identify(src/mypkg) by extensions ['ros']
[1.444s] Level 1:colcon.colcon_core.package_identification:_identify(src/mypkg) by extension 'ros'
[1.445s] DEBUG:colcon.colcon_core.package_identification:Package 'src/mypkg' with type 'ros.ament_python' and name 'mypkg'
[1.446s] Level 1:colcon.colcon_core.package_identification:_identify(src/person_mags) by extensions ['ignore', 'ignore_ament_install']
[1.446s] Level 1:colcon.colcon_core.package_identification:_identify(src/person_mags) by extension 'ignore'
[1.446s] Level 1:colcon.colcon_core.package_identification:_identify(src/person_mags) by extension 'ignore_ament_install'
[1.446s] Level 1:colcon.colcon_core.package_identification:_identify(src/person_mags) by extensions ['colcon_pkg']
[1.446s] Level 1:colcon.colcon_core.package_identification:_identify(src/person_mags) by extension 'colcon_pkg'
[1.446s] Level 1:colcon.colcon_core.package_identification:_identify(src/person_mags) by extensions ['colcon_meta']
[1.446s] Level 1:colcon.colcon_core.package_identification:_identify(src/person_mags) by extension 'colcon_meta'
[1.446s] Level 1:colcon.colcon_core.package_identification:_identify(src/person_mags) by extensions ['ros']
[1.446s] Level 1:colcon.colcon_core.package_identification:_identify(src/person_mags) by extension 'ros'
[1.446s] DEBUG:colcon.colcon_core.package_identification:Package 'src/person_mags' with type 'ros.ament_cmake' and name 'person_mags'
[1.446s] Level 1:colcon.colcon_core.package_discovery:discover_packages(recursive) using defaults
[1.446s] Level 1:colcon.colcon_core.package_discovery:discover_packages(ignore) discover
[1.446s] Level 1:colcon.colcon_core.package_discovery:discover_packages(ignore) using defaults
[1.446s] Level 1:colcon.colcon_core.package_discovery:discover_packages(path) discover
[1.446s] Level 1:colcon.colcon_core.package_discovery:discover_packages(path) using defaults
[1.563s] Level 1:colcon.colcon_core.package_discovery:discover_packages(prefix_path) check parameters
[1.563s] Level 1:colcon.colcon_core.package_discovery:discover_packages(prefix_path) discover
[1.612s] DEBUG:colcon.colcon_installed_package_information.package_discovery:Found 3 installed packages in /home/u22c1001/ros2_ws/install
[1.635s] DEBUG:colcon.colcon_installed_package_information.package_discovery:Found 256 installed packages in /opt/ros/foxy
[1.636s] Level 1:colcon.colcon_core.package_discovery:discover_packages(prefix_path) using defaults
[1.736s] Level 5:colcon.colcon_core.verb:set package 'mypkg' build argument 'cmake_args' from command line to 'None'
[1.736s] Level 5:colcon.colcon_core.verb:set package 'mypkg' build argument 'cmake_target' from command line to 'None'
[1.736s] Level 5:colcon.colcon_core.verb:set package 'mypkg' build argument 'cmake_target_skip_unavailable' from command line to 'False'
[1.736s] Level 5:colcon.colcon_core.verb:set package 'mypkg' build argument 'cmake_clean_cache' from command line to 'False'
[1.736s] Level 5:colcon.colcon_core.verb:set package 'mypkg' build argument 'cmake_clean_first' from command line to 'False'
[1.736s] Level 5:colcon.colcon_core.verb:set package 'mypkg' build argument 'cmake_force_configure' from command line to 'False'
[1.736s] Level 5:colcon.colcon_core.verb:set package 'mypkg' build argument 'ament_cmake_args' from command line to 'None'
[1.736s] Level 5:colcon.colcon_core.verb:set package 'mypkg' build argument 'catkin_cmake_args' from command line to 'None'
[1.736s] Level 5:colcon.colcon_core.verb:set package 'mypkg' build argument 'catkin_skip_building_tests' from command line to 'False'
[1.737s] DEBUG:colcon.colcon_core.verb:Building package 'mypkg' with the following arguments: {'ament_cmake_args': None, 'build_base': '/home/u22c1001/ros2_ws/build/mypkg', 'catkin_cmake_args': None, 'catkin_skip_building_tests': False, 'cmake_args': None, 'cmake_clean_cache': False, 'cmake_clean_first': False, 'cmake_force_configure': False, 'cmake_target': None, 'cmake_target_skip_unavailable': False, 'install_base': '/home/u22c1001/ros2_ws/install/mypkg', 'merge_install': False, 'path': '/home/u22c1001/ros2_ws/src/mypkg', 'symlink_install': False, 'test_result_base': None}
[1.758s] Level 5:colcon.colcon_core.verb:set package 'person_mags' build argument 'cmake_args' from command line to 'None'
[1.758s] Level 5:colcon.colcon_core.verb:set package 'person_mags' build argument 'cmake_target' from command line to 'None'
[1.758s] Level 5:colcon.colcon_core.verb:set package 'person_mags' build argument 'cmake_target_skip_unavailable' from command line to 'False'
[1.758s] Level 5:colcon.colcon_core.verb:set package 'person_mags' build argument 'cmake_clean_cache' from command line to 'False'
[1.758s] Level 5:colcon.colcon_core.verb:set package 'person_mags' build argument 'cmake_clean_first' from command line to 'False'
[1.758s] Level 5:colcon.colcon_core.verb:set package 'person_mags' build argument 'cmake_force_configure' from command line to 'False'
[1.758s] Level 5:colcon.colcon_core.verb:set package 'person_mags' build argument 'ament_cmake_args' from command line to 'None'
[1.758s] Level 5:colcon.colcon_core.verb:set package 'person_mags' build argument 'catkin_cmake_args' from command line to 'None'
[1.758s] Level 5:colcon.colcon_core.verb:set package 'person_mags' build argument 'catkin_skip_building_tests' from command line to 'False'
[1.758s] DEBUG:colcon.colcon_core.verb:Building package 'person_mags' with the following arguments: {'ament_cmake_args': None, 'build_base': '/home/u22c1001/ros2_ws/build/person_mags', 'catkin_cmake_args': None, 'catkin_skip_building_tests': False, 'cmake_args': None, 'cmake_clean_cache': False, 'cmake_clean_first': False, 'cmake_force_configure': False, 'cmake_target': None, 'cmake_target_skip_unavailable': False, 'install_base': '/home/u22c1001/ros2_ws/install/person_mags', 'merge_install': False, 'path': '/home/u22c1001/ros2_ws/src/person_mags', 'symlink_install': False, 'test_result_base': None}
[1.780s] INFO:colcon.colcon_core.executor:Executing jobs using 'parallel' executor
[1.802s] DEBUG:colcon.colcon_parallel_executor.executor.parallel:run_until_complete
[1.802s] INFO:colcon.colcon_ros.task.ament_python.build:Building ROS package in '/home/u22c1001/ros2_ws/src/mypkg' with build type 'ament_python'
[1.802s] Level 1:colcon.colcon_core.shell:create_environment_hook('mypkg', 'ament_prefix_path')
[1.825s] INFO:colcon.colcon_core.plugin_system:Skipping extension 'colcon_core.shell.bat': Not used on non-Windows systems
[1.825s] INFO:colcon.colcon_core.shell:Creating environment hook '/home/u22c1001/ros2_ws/install/mypkg/share/mypkg/hook/ament_prefix_path.ps1'
[1.826s] INFO:colcon.colcon_core.shell:Creating environment descriptor '/home/u22c1001/ros2_ws/install/mypkg/share/mypkg/hook/ament_prefix_path.dsv'
[1.826s] INFO:colcon.colcon_core.shell:Creating environment hook '/home/u22c1001/ros2_ws/install/mypkg/share/mypkg/hook/ament_prefix_path.sh'
[1.852s] INFO:colcon.colcon_core.shell:Skip shell extension 'powershell' for command environment: Not usable outside of PowerShell
[1.853s] DEBUG:colcon.colcon_core.shell:Skip shell extension 'dsv' for command environment
[1.925s] INFO:colcon.colcon_ros.task.ament_cmake.build:Building ROS package in '/home/u22c1001/ros2_ws/src/person_mags' with build type 'ament_cmake'
[1.925s] INFO:colcon.colcon_cmake.task.cmake.build:Building CMake package in '/home/u22c1001/ros2_ws/src/person_mags'
[1.951s] INFO:colcon.colcon_core.shell:Skip shell extension 'powershell' for command environment: Not usable outside of PowerShell
[1.951s] DEBUG:colcon.colcon_core.shell:Skip shell extension 'dsv' for command environment
[2.171s] INFO:colcon.colcon_core.task.python.build:Building Python package in '/home/u22c1001/ros2_ws/src/mypkg'
[2.194s] INFO:colcon.colcon_core.shell:Skip shell extension 'powershell' for command environment: Not usable outside of PowerShell
[2.194s] DEBUG:colcon.colcon_core.shell:Skip shell extension 'dsv' for command environment
[2.272s] DEBUG:colcon.colcon_core.event_handler.log_command:Invoking command in '/home/u22c1001/ros2_ws/build/person_mags': CMAKE_PREFIX_PATH=/home/u22c1001/ros2_ws/install/mypkg:/opt/ros/foxy /usr/bin/cmake /home/u22c1001/ros2_ws/src/person_mags -DCMAKE_INSTALL_PREFIX=/home/u22c1001/ros2_ws/install/person_mags
[2.603s] DEBUG:colcon.colcon_core.event_handler.log_command:Invoking command in '/home/u22c1001/ros2_ws/src/mypkg': PYTHONPATH=/home/u22c1001/ros2_ws/build/mypkg/prefix_override:/home/u22c1001/ros2_ws/install/mypkg/lib/python3.8/site-packages:${PYTHONPATH} /usr/bin/python3 setup.py egg_info --egg-base ../../build/mypkg build --build-base /home/u22c1001/ros2_ws/build/mypkg/build install --record /home/u22c1001/ros2_ws/build/mypkg/install.log --install-scripts $base/lib/mypkg --single-version-externally-managed
[2.847s] DEBUG:colcon.colcon_core.event_handler.log_command:Invoked command in '/home/u22c1001/ros2_ws/src/mypkg' returned '0': PYTHONPATH=/home/u22c1001/ros2_ws/build/mypkg/prefix_override:/home/u22c1001/ros2_ws/install/mypkg/lib/python3.8/site-packages:${PYTHONPATH} /usr/bin/python3 setup.py egg_info --egg-base ../../build/mypkg build --build-base /home/u22c1001/ros2_ws/build/mypkg/build install --record /home/u22c1001/ros2_ws/build/mypkg/install.log --install-scripts $base/lib/mypkg --single-version-externally-managed
[2.880s] Level 1:colcon.colcon_core.environment:checking '/home/u22c1001/ros2_ws/install/mypkg' for CMake module files
[2.880s] Level 1:colcon.colcon_core.environment:checking '/home/u22c1001/ros2_ws/install/mypkg' for CMake config files
[2.881s] Level 1:colcon.colcon_core.environment:checking '/home/u22c1001/ros2_ws/install/mypkg/lib'
[2.881s] Level 1:colcon.colcon_core.environment:checking '/home/u22c1001/ros2_ws/install/mypkg/bin'
[2.881s] Level 1:colcon.colcon_core.environment:checking '/home/u22c1001/ros2_ws/install/mypkg/lib/pkgconfig/mypkg.pc'
[2.881s] Level 1:colcon.colcon_core.environment:checking '/home/u22c1001/ros2_ws/install/mypkg/lib/python3.8/site-packages'
[2.881s] Level 1:colcon.colcon_core.shell:create_environment_hook('mypkg', 'pythonpath')
[2.909s] INFO:colcon.colcon_core.shell:Creating environment hook '/home/u22c1001/ros2_ws/install/mypkg/share/mypkg/hook/pythonpath.ps1'
[2.910s] INFO:colcon.colcon_core.shell:Creating environment descriptor '/home/u22c1001/ros2_ws/install/mypkg/share/mypkg/hook/pythonpath.dsv'
[2.911s] INFO:colcon.colcon_core.shell:Creating environment hook '/home/u22c1001/ros2_ws/install/mypkg/share/mypkg/hook/pythonpath.sh'
[2.912s] Level 1:colcon.colcon_core.environment:checking '/home/u22c1001/ros2_ws/install/mypkg/bin'
[2.912s] Level 1:colcon.colcon_core.environment:create_environment_scripts_only(mypkg)
[2.942s] INFO:colcon.colcon_core.shell:Creating package script '/home/u22c1001/ros2_ws/install/mypkg/share/mypkg/package.ps1'
[2.943s] INFO:colcon.colcon_core.shell:Creating package descriptor '/home/u22c1001/ros2_ws/install/mypkg/share/mypkg/package.dsv'
[2.944s] INFO:colcon.colcon_core.shell:Creating package script '/home/u22c1001/ros2_ws/install/mypkg/share/mypkg/package.sh'
[2.944s] INFO:colcon.colcon_core.shell:Creating package script '/home/u22c1001/ros2_ws/install/mypkg/share/mypkg/package.bash'
[2.945s] INFO:colcon.colcon_core.shell:Creating package script '/home/u22c1001/ros2_ws/install/mypkg/share/mypkg/package.zsh'
[2.945s] Level 1:colcon.colcon_core.environment:create_file_with_runtime_dependencies(/home/u22c1001/ros2_ws/install/mypkg/share/colcon-core/packages/mypkg)
[4.944s] DEBUG:colcon.colcon_core.event_handler.log_command:Invoked command in '/home/u22c1001/ros2_ws/build/person_mags' returned '1': CMAKE_PREFIX_PATH=/home/u22c1001/ros2_ws/install/mypkg:/opt/ros/foxy /usr/bin/cmake /home/u22c1001/ros2_ws/src/person_mags -DCMAKE_INSTALL_PREFIX=/home/u22c1001/ros2_ws/install/person_mags
[4.953s] Level 1:colcon.colcon_core.environment:create_environment_scripts_only(person_mags)
[4.976s] Level 1:colcon.colcon_core.environment:checking '/home/u22c1001/ros2_ws/install/person_mags' for CMake module files
[4.976s] Level 1:colcon.colcon_core.environment:checking '/home/u22c1001/ros2_ws/install/person_mags' for CMake config files
[4.976s] Level 1:colcon.colcon_core.environment:checking '/home/u22c1001/ros2_ws/install/person_mags/bin'
[4.976s] Level 1:colcon.colcon_core.environment:checking '/home/u22c1001/ros2_ws/install/person_mags/lib/pkgconfig/person_mags.pc'
[4.976s] Level 1:colcon.colcon_core.environment:checking '/home/u22c1001/ros2_ws/install/person_mags/lib/python3.8/site-packages'
[4.977s] Level 1:colcon.colcon_core.environment:checking '/home/u22c1001/ros2_ws/install/person_mags/bin'
[4.998s] INFO:colcon.colcon_core.shell:Creating package script '/home/u22c1001/ros2_ws/install/person_mags/share/person_mags/package.ps1'
[4.999s] INFO:colcon.colcon_core.shell:Creating package descriptor '/home/u22c1001/ros2_ws/install/person_mags/share/person_mags/package.dsv'
[4.999s] INFO:colcon.colcon_core.shell:Creating package script '/home/u22c1001/ros2_ws/install/person_mags/share/person_mags/package.sh'
[4.999s] INFO:colcon.colcon_core.shell:Creating package script '/home/u22c1001/ros2_ws/install/person_mags/share/person_mags/package.bash'
[4.999s] INFO:colcon.colcon_core.shell:Creating package script '/home/u22c1001/ros2_ws/install/person_mags/share/person_mags/package.zsh'
[5.000s] Level 1:colcon.colcon_core.environment:create_file_with_runtime_dependencies(/home/u22c1001/ros2_ws/install/person_mags/share/colcon-core/packages/person_mags)
[5.010s] DEBUG:colcon.colcon_parallel_executor.executor.parallel:closing loop
[5.010s] DEBUG:colcon.colcon_parallel_executor.executor.parallel:loop closed
[5.010s] DEBUG:colcon.colcon_parallel_executor.executor.parallel:run_until_complete finished with '1'
[5.011s] DEBUG:colcon.colcon_core.event_reactor:joining thread
[5.064s] INFO:colcon.colcon_core.plugin_system:Skipping extension 'colcon_notification.desktop_notification.notify_send': Could not find 'notify-send'
[5.064s] INFO:colcon.colcon_core.plugin_system:Skipping extension 'colcon_notification.desktop_notification.terminal_notifier': Not used on non-Darwin systems
[5.064s] INFO:colcon.colcon_core.plugin_system:Skipping extension 'colcon_notification.desktop_notification.win32': Not used on non-Windows systems
[5.064s] INFO:colcon.colcon_notification.desktop_notification:Sending desktop notification using 'notify2'
[5.068s] DEBUG:colcon.colcon_notification.desktop_notification.notify2:Failed to initialize notify2: org.freedesktop.DBus.Error.ServiceUnknown: The name org.freedesktop.Notifications was not provided by any .service files
[5.069s] DEBUG:colcon.colcon_core.event_reactor:joined thread
[5.092s] INFO:colcon.colcon_core.shell:Creating prefix script '/home/u22c1001/ros2_ws/install/local_setup.ps1'
[5.093s] INFO:colcon.colcon_core.shell:Creating prefix util module '/home/u22c1001/ros2_ws/install/_local_setup_util_ps1.py'
[5.094s] INFO:colcon.colcon_core.shell:Creating prefix chain script '/home/u22c1001/ros2_ws/install/setup.ps1'
[5.117s] INFO:colcon.colcon_core.shell:Creating prefix script '/home/u22c1001/ros2_ws/install/local_setup.sh'
[5.117s] INFO:colcon.colcon_core.shell:Creating prefix util module '/home/u22c1001/ros2_ws/install/_local_setup_util_sh.py'
[5.118s] INFO:colcon.colcon_core.shell:Creating prefix chain script '/home/u22c1001/ros2_ws/install/setup.sh'
[5.143s] INFO:colcon.colcon_core.shell:Creating prefix script '/home/u22c1001/ros2_ws/install/local_setup.bash'
[5.143s] INFO:colcon.colcon_core.shell:Creating prefix chain script '/home/u22c1001/ros2_ws/install/setup.bash'
[5.165s] INFO:colcon.colcon_core.shell:Creating prefix script '/home/u22c1001/ros2_ws/install/local_setup.zsh'
[5.166s] INFO:colcon.colcon_core.shell:Creating prefix chain script '/home/u22c1001/ros2_ws/install/setup.zsh'
