[0.342s] Invoking command in '/home/u22c1001/ros2_ws/build/person_msgs': CMAKE_PREFIX_PATH=/home/u22c1001/ros2_ws/install/mypkg:/opt/ros/foxy /usr/bin/cmake /home/u22c1001/ros2_ws/src/person_msgs -DCMAKE_INSTALL_PREFIX=/home/u22c1001/ros2_ws/install/person_msgs
[0.352s] -- Found ament_cmake: 0.9.12 (/opt/ros/foxy/share/ament_cmake/cmake)
[0.371s] -- Using PYTHON_EXECUTABLE: /usr/bin/python3
[0.531s] -- Found ament_lint_auto: 0.9.8 (/opt/ros/foxy/share/ament_lint_auto/cmake)
[0.589s] -- Found rosidl_default_generators: 1.0.1 (/opt/ros/foxy/share/rosidl_default_generators/cmake)
[0.597s] -- Using all available rosidl_typesupport_c: rosidl_typesupport_fastrtps_c;rosidl_typesupport_introspection_c
[0.608s] -- Found rosidl_adapter: 1.3.1 (/opt/ros/foxy/share/rosidl_adapter/cmake)
[1.335s] -- Found OpenSSL: /usr/lib/x86_64-linux-gnu/libcrypto.so (found version "1.1.1f")  
[2.004s] -- Found FastRTPS: /opt/ros/foxy/include  
[3.204s] -- Using all available rosidl_typesupport_cpp: rosidl_typesupport_fastrtps_cpp;rosidl_typesupport_introspection_cpp
[3.249s] -- Found PythonInterp: /usr/bin/python3 (found version "3.8.10") 
[3.294s] CMake Error at /opt/ros/foxy/share/rosidl_cmake/cmake/rosidl_generate_interfaces.cmake:229 (message):
[3.294s]   Packages installing interfaces must include
[3.294s]   '<member_of_group>rosidl_interface_packages</member_of_group>' in their
[3.294s]   package.xml
[3.294s] Call Stack (most recent call first):
[3.294s]   CMakeLists.txt:36 (rosidl_generate_interfaces)
[3.294s] 
[3.294s] 
[3.294s] -- Configuring incomplete, errors occurred!
[3.295s] See also "/home/u22c1001/ros2_ws/build/person_msgs/CMakeFiles/CMakeOutput.log".
[3.299s] Invoked command in '/home/u22c1001/ros2_ws/build/person_msgs' returned '1': CMAKE_PREFIX_PATH=/home/u22c1001/ros2_ws/install/mypkg:/opt/ros/foxy /usr/bin/cmake /home/u22c1001/ros2_ws/src/person_msgs -DCMAKE_INSTALL_PREFIX=/home/u22c1001/ros2_ws/install/person_msgs
