[0.546s] Invoking command in '/home/u22c1001/ros2_ws/src/mypkg': PYTHONPATH=/home/u22c1001/ros2_ws/build/mypkg/prefix_override:/home/u22c1001/ros2_ws/install/mypkg/lib/python3.8/site-packages:${PYTHONPATH} /usr/bin/python3 setup.py egg_info --egg-base ../../build/mypkg build --build-base /home/u22c1001/ros2_ws/build/mypkg/build install --record /home/u22c1001/ros2_ws/build/mypkg/install.log --install-scripts $base/lib/mypkg --single-version-externally-managed
[0.682s] running egg_info
[0.682s] creating ../../build/mypkg/mypkg.egg-info
[0.682s] writing ../../build/mypkg/mypkg.egg-info/PKG-INFO
[0.682s] writing dependency_links to ../../build/mypkg/mypkg.egg-info/dependency_links.txt
[0.682s] writing entry points to ../../build/mypkg/mypkg.egg-info/entry_points.txt
[0.682s] writing requirements to ../../build/mypkg/mypkg.egg-info/requires.txt
[0.682s] writing top-level names to ../../build/mypkg/mypkg.egg-info/top_level.txt
[0.683s] writing manifest file '../../build/mypkg/mypkg.egg-info/SOURCES.txt'
[0.704s] reading manifest file '../../build/mypkg/mypkg.egg-info/SOURCES.txt'
[0.704s] writing manifest file '../../build/mypkg/mypkg.egg-info/SOURCES.txt'
[0.705s] running build
[0.705s] running build_py
[0.705s] creating /home/u22c1001/ros2_ws/build/mypkg/build
[0.705s] creating /home/u22c1001/ros2_ws/build/mypkg/build/lib
[0.705s] creating /home/u22c1001/ros2_ws/build/mypkg/build/lib/mypkg
[0.705s] copying mypkg/__init__.py -> /home/u22c1001/ros2_ws/build/mypkg/build/lib/mypkg
[0.705s] running install
[0.706s] running install_lib
[0.706s] creating /home/u22c1001/ros2_ws/install/mypkg/lib/python3.8/site-packages/mypkg
[0.707s] copying /home/u22c1001/ros2_ws/build/mypkg/build/lib/mypkg/__init__.py -> /home/u22c1001/ros2_ws/install/mypkg/lib/python3.8/site-packages/mypkg
[0.707s] byte-compiling /home/u22c1001/ros2_ws/install/mypkg/lib/python3.8/site-packages/mypkg/__init__.py to __init__.cpython-38.pyc
[0.708s] running install_data
[0.708s] creating /home/u22c1001/ros2_ws/install/mypkg/share/ament_index
[0.708s] creating /home/u22c1001/ros2_ws/install/mypkg/share/ament_index/resource_index
[0.709s] creating /home/u22c1001/ros2_ws/install/mypkg/share/ament_index/resource_index/packages
[0.709s] copying resource/mypkg -> /home/u22c1001/ros2_ws/install/mypkg/share/ament_index/resource_index/packages
[0.709s] copying package.xml -> /home/u22c1001/ros2_ws/install/mypkg/share/mypkg
[0.709s] running install_egg_info
[0.710s] Copying ../../build/mypkg/mypkg.egg-info to /home/u22c1001/ros2_ws/install/mypkg/lib/python3.8/site-packages/mypkg-0.0.0-py3.8.egg-info
[0.711s] running install_scripts
[0.721s] writing list of installed files to '/home/u22c1001/ros2_ws/build/mypkg/install.log'
[0.735s] Invoked command in '/home/u22c1001/ros2_ws/src/mypkg' returned '0': PYTHONPATH=/home/u22c1001/ros2_ws/build/mypkg/prefix_override:/home/u22c1001/ros2_ws/install/mypkg/lib/python3.8/site-packages:${PYTHONPATH} /usr/bin/python3 setup.py egg_info --egg-base ../../build/mypkg build --build-base /home/u22c1001/ros2_ws/build/mypkg/build install --record /home/u22c1001/ros2_ws/build/mypkg/install.log --install-scripts $base/lib/mypkg --single-version-externally-managed
