[0.344s] Invoking command in '/home/u22c1001/ros2_ws/build/person_msgs': CMAKE_PREFIX_PATH=${CMAKE_PREFIX_PATH}:/home/u22c1001/ros2_ws/install/mypkg:/opt/ros/foxy /usr/bin/cmake --build /home/u22c1001/ros2_ws/build/person_msgs -- -j8 -l8
[0.367s] -- Found ament_cmake: 0.9.12 (/opt/ros/foxy/share/ament_cmake/cmake)
[0.387s] -- Using PYTHON_EXECUTABLE: /usr/bin/python3
[0.552s] -- Found rosidl_default_generators: 1.0.1 (/opt/ros/foxy/share/rosidl_default_generators/cmake)
[0.554s] -- Using all available rosidl_typesupport_c: rosidl_typesupport_fastrtps_c;rosidl_typesupport_introspection_c
[0.558s] -- Found rosidl_adapter: 1.3.1 (/opt/ros/foxy/share/rosidl_adapter/cmake)
[3.026s] -- Using all available rosidl_typesupport_cpp: rosidl_typesupport_fastrtps_cpp;rosidl_typesupport_introspection_cpp
[3.060s] -- Found PythonInterp: /usr/bin/python3 (found version "3.8.10") 
[3.147s] -- Found ament_cmake_ros: 0.9.2 (/opt/ros/foxy/share/ament_cmake_ros/cmake)
[5.454s] -- Using all available rosidl_typesupport_c: rosidl_typesupport_fastrtps_c;rosidl_typesupport_introspection_c
[5.459s] -- Using all available rosidl_typesupport_cpp: rosidl_typesupport_fastrtps_cpp;rosidl_typesupport_introspection_cpp
[5.477s] -- Found PythonInterp: /usr/bin/python3 (found suitable version "3.8.10", minimum required is "3.5") 
[5.478s] -- Found python_cmake_module: 0.8.1 (/opt/ros/foxy/share/python_cmake_module/cmake)
[5.495s] -- Using PYTHON_EXECUTABLE: /usr/bin/python3
[5.495s] -- Using PYTHON_INCLUDE_DIRS: /usr/include/python3.8
[5.495s] -- Using PYTHON_LIBRARIES: /usr/lib/x86_64-linux-gnu/libpython3.8.so
[5.505s] -- Found ament_lint_auto: 0.9.8 (/opt/ros/foxy/share/ament_lint_auto/cmake)
[5.512s] -- Added test 'copyright' to check source files copyright and LICENSE
[5.513s] -- Added test 'lint_cmake' to check CMake code style
[5.514s] -- Added test 'xmllint' to check XML markup files
[5.517s] -- Configuring done
[5.539s] -- Generating done
[5.544s] -- Build files have been written to: /home/u22c1001/ros2_ws/build/person_msgs
[5.574s] [  3%] Built target person_msgs__cpp
[5.574s] [ 12%] Built target person_msgs__rosidl_generator_c
[5.599s] [ 32%] Built target person_msgs__rosidl_typesupport_cpp
[5.599s] [ 32%] Built target person_msgs__rosidl_typesupport_introspection_c
[5.601s] [ 41%] Built target person_msgs__rosidl_typesupport_c
[5.601s] [ 51%] Built target person_msgs__rosidl_typesupport_introspection_cpp
[5.604s] [ 61%] Built target person_msgs__rosidl_typesupport_fastrtps_cpp
[5.621s] [ 70%] Built target person_msgs__rosidl_typesupport_fastrtps_c
[5.635s] [ 70%] Built target person_msgs
[5.650s] [ 74%] Built target person_msgs__py
[5.668s] [ 80%] Built target person_msgs__python
[5.692s] [ 93%] Built target person_msgs__rosidl_typesupport_fastrtps_c__pyext
[5.693s] [ 93%] Built target person_msgs__rosidl_typesupport_introspection_c__pyext
[5.693s] [100%] Built target person_msgs__rosidl_typesupport_c__pyext
[5.704s] Invoked command in '/home/u22c1001/ros2_ws/build/person_msgs' returned '0': CMAKE_PREFIX_PATH=${CMAKE_PREFIX_PATH}:/home/u22c1001/ros2_ws/install/mypkg:/opt/ros/foxy /usr/bin/cmake --build /home/u22c1001/ros2_ws/build/person_msgs -- -j8 -l8
[5.756s] Invoking command in '/home/u22c1001/ros2_ws/build/person_msgs': CMAKE_PREFIX_PATH=${CMAKE_PREFIX_PATH}:/home/u22c1001/ros2_ws/install/mypkg:/opt/ros/foxy /usr/bin/cmake --install /home/u22c1001/ros2_ws/build/person_msgs
[5.762s] -- Install configuration: ""
[5.763s] -- Up-to-date: /home/u22c1001/ros2_ws/install/person_msgs/share/ament_index/resource_index/rosidl_interfaces/person_msgs
[5.763s] -- Up-to-date: /home/u22c1001/ros2_ws/install/person_msgs/include/person_msgs
[5.763s] -- Up-to-date: /home/u22c1001/ros2_ws/install/person_msgs/include/person_msgs/msg
[5.763s] -- Up-to-date: /home/u22c1001/ros2_ws/install/person_msgs/include/person_msgs/msg/person.h
[5.763s] -- Up-to-date: /home/u22c1001/ros2_ws/install/person_msgs/include/person_msgs/msg/rosidl_generator_c__visibility_control.h
[5.763s] -- Up-to-date: /home/u22c1001/ros2_ws/install/person_msgs/include/person_msgs/msg/detail
[5.763s] -- Up-to-date: /home/u22c1001/ros2_ws/install/person_msgs/include/person_msgs/msg/detail/person__functions.c
[5.763s] -- Up-to-date: /home/u22c1001/ros2_ws/install/person_msgs/include/person_msgs/msg/detail/person__type_support.h
[5.763s] -- Up-to-date: /home/u22c1001/ros2_ws/install/person_msgs/include/person_msgs/msg/detail/person__functions.h
[5.763s] -- Up-to-date: /home/u22c1001/ros2_ws/install/person_msgs/include/person_msgs/msg/detail/person__struct.h
[5.763s] -- Up-to-date: /home/u22c1001/ros2_ws/install/person_msgs/share/person_msgs/environment/library_path.sh
[5.764s] -- Installing: /home/u22c1001/ros2_ws/install/person_msgs/share/person_msgs/environment/library_path.dsv
[5.764s] -- Up-to-date: /home/u22c1001/ros2_ws/install/person_msgs/lib/libperson_msgs__rosidl_generator_c.so
[5.764s] -- Up-to-date: /home/u22c1001/ros2_ws/install/person_msgs/include/person_msgs
[5.764s] -- Up-to-date: /home/u22c1001/ros2_ws/install/person_msgs/include/person_msgs/msg
[5.764s] -- Up-to-date: /home/u22c1001/ros2_ws/install/person_msgs/include/person_msgs/msg/rosidl_typesupport_fastrtps_c__visibility_control.h
[5.764s] -- Up-to-date: /home/u22c1001/ros2_ws/install/person_msgs/include/person_msgs/msg/detail
[5.765s] -- Up-to-date: /home/u22c1001/ros2_ws/install/person_msgs/include/person_msgs/msg/detail/person__rosidl_typesupport_fastrtps_c.h
[5.765s] -- Up-to-date: /home/u22c1001/ros2_ws/install/person_msgs/lib/libperson_msgs__rosidl_typesupport_fastrtps_c.so
[5.765s] -- Up-to-date: /home/u22c1001/ros2_ws/install/person_msgs/include/person_msgs
[5.765s] -- Up-to-date: /home/u22c1001/ros2_ws/install/person_msgs/include/person_msgs/msg
[5.765s] -- Up-to-date: /home/u22c1001/ros2_ws/install/person_msgs/include/person_msgs/msg/rosidl_typesupport_fastrtps_cpp__visibility_control.h
[5.765s] -- Up-to-date: /home/u22c1001/ros2_ws/install/person_msgs/include/person_msgs/msg/detail
[5.765s] -- Up-to-date: /home/u22c1001/ros2_ws/install/person_msgs/include/person_msgs/msg/detail/dds_fastrtps
[5.765s] -- Up-to-date: /home/u22c1001/ros2_ws/install/person_msgs/include/person_msgs/msg/detail/person__rosidl_typesupport_fastrtps_cpp.hpp
[5.765s] -- Up-to-date: /home/u22c1001/ros2_ws/install/person_msgs/lib/libperson_msgs__rosidl_typesupport_fastrtps_cpp.so
[5.766s] -- Up-to-date: /home/u22c1001/ros2_ws/install/person_msgs/include/person_msgs
[5.766s] -- Up-to-date: /home/u22c1001/ros2_ws/install/person_msgs/include/person_msgs/msg
[5.766s] -- Up-to-date: /home/u22c1001/ros2_ws/install/person_msgs/include/person_msgs/msg/rosidl_typesupport_introspection_c__visibility_control.h
[5.766s] -- Up-to-date: /home/u22c1001/ros2_ws/install/person_msgs/include/person_msgs/msg/detail
[5.766s] -- Up-to-date: /home/u22c1001/ros2_ws/install/person_msgs/include/person_msgs/msg/detail/person__type_support.c
[5.766s] -- Up-to-date: /home/u22c1001/ros2_ws/install/person_msgs/include/person_msgs/msg/detail/person__rosidl_typesupport_introspection_c.h
[5.766s] -- Up-to-date: /home/u22c1001/ros2_ws/install/person_msgs/lib/libperson_msgs__rosidl_typesupport_introspection_c.so
[5.766s] -- Up-to-date: /home/u22c1001/ros2_ws/install/person_msgs/lib/libperson_msgs__rosidl_typesupport_c.so
[5.766s] -- Up-to-date: /home/u22c1001/ros2_ws/install/person_msgs/include/person_msgs
[5.766s] -- Up-to-date: /home/u22c1001/ros2_ws/install/person_msgs/include/person_msgs/msg
[5.766s] -- Up-to-date: /home/u22c1001/ros2_ws/install/person_msgs/include/person_msgs/msg/person.hpp
[5.766s] -- Up-to-date: /home/u22c1001/ros2_ws/install/person_msgs/include/person_msgs/msg/rosidl_generator_cpp__visibility_control.hpp
[5.766s] -- Up-to-date: /home/u22c1001/ros2_ws/install/person_msgs/include/person_msgs/msg/detail
[5.766s] -- Up-to-date: /home/u22c1001/ros2_ws/install/person_msgs/include/person_msgs/msg/detail/person__builder.hpp
[5.766s] -- Up-to-date: /home/u22c1001/ros2_ws/install/person_msgs/include/person_msgs/msg/detail/person__type_support.hpp
[5.767s] -- Up-to-date: /home/u22c1001/ros2_ws/install/person_msgs/include/person_msgs/msg/detail/person__traits.hpp
[5.767s] -- Up-to-date: /home/u22c1001/ros2_ws/install/person_msgs/include/person_msgs/msg/detail/person__struct.hpp
[5.767s] -- Up-to-date: /home/u22c1001/ros2_ws/install/person_msgs/include/person_msgs
[5.767s] -- Up-to-date: /home/u22c1001/ros2_ws/install/person_msgs/include/person_msgs/msg
[5.767s] -- Up-to-date: /home/u22c1001/ros2_ws/install/person_msgs/include/person_msgs/msg/detail
[5.767s] -- Up-to-date: /home/u22c1001/ros2_ws/install/person_msgs/include/person_msgs/msg/detail/person__rosidl_typesupport_introspection_cpp.hpp
[5.767s] -- Up-to-date: /home/u22c1001/ros2_ws/install/person_msgs/include/person_msgs/msg/detail/person__type_support.cpp
[5.767s] -- Up-to-date: /home/u22c1001/ros2_ws/install/person_msgs/lib/libperson_msgs__rosidl_typesupport_introspection_cpp.so
[5.767s] -- Up-to-date: /home/u22c1001/ros2_ws/install/person_msgs/lib/libperson_msgs__rosidl_typesupport_cpp.so
[5.767s] -- Up-to-date: /home/u22c1001/ros2_ws/install/person_msgs/share/person_msgs/environment/pythonpath.sh
[5.767s] -- Installing: /home/u22c1001/ros2_ws/install/person_msgs/share/person_msgs/environment/pythonpath.dsv
[5.767s] -- Installing: /home/u22c1001/ros2_ws/install/person_msgs/lib/python3.8/site-packages/person_msgs/__init__.py
[5.789s] Compiling '/home/u22c1001/ros2_ws/install/person_msgs/lib/python3.8/site-packages/person_msgs/__init__.py'...
[5.792s] -- Up-to-date: /home/u22c1001/ros2_ws/install/person_msgs/lib/python3.8/site-packages/person_msgs/msg
[5.792s] -- Up-to-date: /home/u22c1001/ros2_ws/install/person_msgs/lib/python3.8/site-packages/person_msgs/msg/_person.py
[5.793s] -- Up-to-date: /home/u22c1001/ros2_ws/install/person_msgs/lib/python3.8/site-packages/person_msgs/msg/_person_s.c
[5.793s] -- Up-to-date: /home/u22c1001/ros2_ws/install/person_msgs/lib/python3.8/site-packages/person_msgs/msg/__init__.py
[5.793s] -- Up-to-date: /home/u22c1001/ros2_ws/install/person_msgs/lib/python3.8/site-packages/person_msgs/person_msgs_s__rosidl_typesupport_fastrtps_c.cpython-38-x86_64-linux-gnu.so
[5.793s] -- Up-to-date: /home/u22c1001/ros2_ws/install/person_msgs/lib/python3.8/site-packages/person_msgs/person_msgs_s__rosidl_typesupport_introspection_c.cpython-38-x86_64-linux-gnu.so
[5.794s] -- Up-to-date: /home/u22c1001/ros2_ws/install/person_msgs/lib/python3.8/site-packages/person_msgs/person_msgs_s__rosidl_typesupport_c.cpython-38-x86_64-linux-gnu.so
[5.794s] -- Up-to-date: /home/u22c1001/ros2_ws/install/person_msgs/lib/libperson_msgs__python.so
[5.794s] -- Up-to-date: /home/u22c1001/ros2_ws/install/person_msgs/share/person_msgs/msg/Person.idl
[5.794s] -- Installing: /home/u22c1001/ros2_ws/install/person_msgs/share/person_msgs/msg/Person.msg
[5.794s] -- Installing: /home/u22c1001/ros2_ws/install/person_msgs/share/ament_index/resource_index/package_run_dependencies/person_msgs
[5.795s] -- Installing: /home/u22c1001/ros2_ws/install/person_msgs/share/ament_index/resource_index/parent_prefix_path/person_msgs
[5.795s] -- Installing: /home/u22c1001/ros2_ws/install/person_msgs/share/person_msgs/environment/ament_prefix_path.sh
[5.795s] -- Installing: /home/u22c1001/ros2_ws/install/person_msgs/share/person_msgs/environment/ament_prefix_path.dsv
[5.795s] -- Installing: /home/u22c1001/ros2_ws/install/person_msgs/share/person_msgs/environment/path.sh
[5.795s] -- Installing: /home/u22c1001/ros2_ws/install/person_msgs/share/person_msgs/environment/path.dsv
[5.795s] -- Installing: /home/u22c1001/ros2_ws/install/person_msgs/share/person_msgs/local_setup.bash
[5.795s] -- Installing: /home/u22c1001/ros2_ws/install/person_msgs/share/person_msgs/local_setup.sh
[5.795s] -- Installing: /home/u22c1001/ros2_ws/install/person_msgs/share/person_msgs/local_setup.zsh
[5.796s] -- Installing: /home/u22c1001/ros2_ws/install/person_msgs/share/person_msgs/local_setup.dsv
[5.796s] -- Installing: /home/u22c1001/ros2_ws/install/person_msgs/share/person_msgs/package.dsv
[5.796s] -- Installing: /home/u22c1001/ros2_ws/install/person_msgs/share/ament_index/resource_index/packages/person_msgs
[5.796s] -- Installing: /home/u22c1001/ros2_ws/install/person_msgs/share/person_msgs/cmake/person_msgs__rosidl_generator_cExport.cmake
[5.796s] -- Installing: /home/u22c1001/ros2_ws/install/person_msgs/share/person_msgs/cmake/person_msgs__rosidl_generator_cExport-noconfig.cmake
[5.796s] -- Installing: /home/u22c1001/ros2_ws/install/person_msgs/share/person_msgs/cmake/person_msgs__rosidl_typesupport_introspection_cExport.cmake
[5.797s] -- Installing: /home/u22c1001/ros2_ws/install/person_msgs/share/person_msgs/cmake/person_msgs__rosidl_typesupport_introspection_cExport-noconfig.cmake
[5.797s] -- Installing: /home/u22c1001/ros2_ws/install/person_msgs/share/person_msgs/cmake/person_msgs__rosidl_typesupport_cExport.cmake
[5.797s] -- Installing: /home/u22c1001/ros2_ws/install/person_msgs/share/person_msgs/cmake/person_msgs__rosidl_typesupport_cExport-noconfig.cmake
[5.797s] -- Installing: /home/u22c1001/ros2_ws/install/person_msgs/share/person_msgs/cmake/person_msgs__rosidl_generator_cppExport.cmake
[5.798s] -- Installing: /home/u22c1001/ros2_ws/install/person_msgs/share/person_msgs/cmake/person_msgs__rosidl_typesupport_introspection_cppExport.cmake
[5.798s] -- Installing: /home/u22c1001/ros2_ws/install/person_msgs/share/person_msgs/cmake/person_msgs__rosidl_typesupport_introspection_cppExport-noconfig.cmake
[5.798s] -- Installing: /home/u22c1001/ros2_ws/install/person_msgs/share/person_msgs/cmake/person_msgs__rosidl_typesupport_cppExport.cmake
[5.798s] -- Installing: /home/u22c1001/ros2_ws/install/person_msgs/share/person_msgs/cmake/person_msgs__rosidl_typesupport_cppExport-noconfig.cmake
[5.798s] -- Installing: /home/u22c1001/ros2_ws/install/person_msgs/share/person_msgs/cmake/rosidl_cmake-extras.cmake
[5.799s] -- Installing: /home/u22c1001/ros2_ws/install/person_msgs/share/person_msgs/cmake/ament_cmake_export_dependencies-extras.cmake
[5.799s] -- Installing: /home/u22c1001/ros2_ws/install/person_msgs/share/person_msgs/cmake/ament_cmake_export_libraries-extras.cmake
[5.799s] -- Installing: /home/u22c1001/ros2_ws/install/person_msgs/share/person_msgs/cmake/ament_cmake_export_targets-extras.cmake
[5.799s] -- Installing: /home/u22c1001/ros2_ws/install/person_msgs/share/person_msgs/cmake/ament_cmake_export_include_directories-extras.cmake
[5.799s] -- Installing: /home/u22c1001/ros2_ws/install/person_msgs/share/person_msgs/cmake/rosidl_cmake_export_typesupport_libraries-extras.cmake
[5.799s] -- Installing: /home/u22c1001/ros2_ws/install/person_msgs/share/person_msgs/cmake/rosidl_cmake_export_typesupport_targets-extras.cmake
[5.799s] -- Installing: /home/u22c1001/ros2_ws/install/person_msgs/share/person_msgs/cmake/person_msgsConfig.cmake
[5.800s] -- Installing: /home/u22c1001/ros2_ws/install/person_msgs/share/person_msgs/cmake/person_msgsConfig-version.cmake
[5.800s] -- Installing: /home/u22c1001/ros2_ws/install/person_msgs/share/person_msgs/package.xml
[5.801s] Invoked command in '/home/u22c1001/ros2_ws/build/person_msgs' returned '0': CMAKE_PREFIX_PATH=${CMAKE_PREFIX_PATH}:/home/u22c1001/ros2_ws/install/mypkg:/opt/ros/foxy /usr/bin/cmake --install /home/u22c1001/ros2_ws/build/person_msgs
