[0.348s] Invoking command in '/home/u22c1001/ros2_ws/build/person_mags': CMAKE_PREFIX_PATH=/home/u22c1001/ros2_ws/install/mypkg:/opt/ros/foxy /usr/bin/cmake /home/u22c1001/ros2_ws/src/person_mags -DCMAKE_INSTALL_PREFIX=/home/u22c1001/ros2_ws/install/person_mags
[0.357s] -- Found ament_cmake: 0.9.12 (/opt/ros/foxy/share/ament_cmake/cmake)
[0.376s] -- Found PythonInterp: /usr/bin/python3 (found suitable version "3.8.10", minimum required is "3") 
[0.376s] -- Using PYTHON_EXECUTABLE: /usr/bin/python3
[0.525s] -- Found rosidl_default_generators: 1.0.1 (/opt/ros/foxy/share/rosidl_default_generators/cmake)
[0.526s] -- Using all available rosidl_typesupport_c: rosidl_typesupport_fastrtps_c;rosidl_typesupport_introspection_c
[0.530s] -- Found rosidl_adapter: 1.3.1 (/opt/ros/foxy/share/rosidl_adapter/cmake)
[2.905s] -- Using all available rosidl_typesupport_cpp: rosidl_typesupport_fastrtps_cpp;rosidl_typesupport_introspection_cpp
[2.939s] -- Found PythonInterp: /usr/bin/python3 (found version "3.8.10") 
[3.022s] -- Found ament_cmake_ros: 0.9.2 (/opt/ros/foxy/share/ament_cmake_ros/cmake)
[5.138s] -- Using all available rosidl_typesupport_c: rosidl_typesupport_fastrtps_c;rosidl_typesupport_introspection_c
[5.143s] -- Using all available rosidl_typesupport_cpp: rosidl_typesupport_fastrtps_cpp;rosidl_typesupport_introspection_cpp
[5.161s] -- Found PythonInterp: /usr/bin/python3 (found suitable version "3.8.10", minimum required is "3.5") 
[5.162s] -- Found python_cmake_module: 0.8.1 (/opt/ros/foxy/share/python_cmake_module/cmake)
[5.408s] -- Found PythonLibs: /usr/lib/x86_64-linux-gnu/libpython3.8.so (found suitable version "3.8.10", minimum required is "3.5") 
[5.408s] -- Using PYTHON_EXECUTABLE: /usr/bin/python3
[5.409s] -- Using PYTHON_INCLUDE_DIRS: /usr/include/python3.8
[5.409s] -- Using PYTHON_LIBRARIES: /usr/lib/x86_64-linux-gnu/libpython3.8.so
[5.424s] -- Found PythonExtra: .so  
[5.481s] -- Found ament_lint_auto: 0.9.8 (/opt/ros/foxy/share/ament_lint_auto/cmake)
[5.518s] -- Added test 'copyright' to check source files copyright and LICENSE
[5.520s] -- Added test 'lint_cmake' to check CMake code style
[5.521s] -- Added test 'xmllint' to check XML markup files
[5.524s] -- Configuring done
[5.544s] -- Generating done
[5.546s] -- Build files have been written to: /home/u22c1001/ros2_ws/build/person_mags
[5.554s] Invoked command in '/home/u22c1001/ros2_ws/build/person_mags' returned '0': CMAKE_PREFIX_PATH=/home/u22c1001/ros2_ws/install/mypkg:/opt/ros/foxy /usr/bin/cmake /home/u22c1001/ros2_ws/src/person_mags -DCMAKE_INSTALL_PREFIX=/home/u22c1001/ros2_ws/install/person_mags
[5.554s] Invoking command in '/home/u22c1001/ros2_ws/build/person_mags': CMAKE_PREFIX_PATH=/home/u22c1001/ros2_ws/install/mypkg:/opt/ros/foxy /usr/bin/cmake --build /home/u22c1001/ros2_ws/build/person_mags -- -j8 -l8
[5.582s] [  3%] [34m[1mGenerating C code for ROS interfaces[0m
[5.582s] [35m[1mScanning dependencies of target person_mags__cpp[0m
[5.591s] [  6%] [34m[1mGenerating C++ code for ROS interfaces[0m
[5.819s] [35m[1mScanning dependencies of target person_mags__rosidl_generator_c[0m
[5.824s] [  6%] Built target person_mags__cpp
[5.829s] [  9%] [32mBuilding C object CMakeFiles/person_mags__rosidl_generator_c.dir/rosidl_generator_c/person_mags/msg/detail/person__functions.c.o[0m
[5.834s] [ 12%] [34m[1mGenerating C++ introspection for ROS interfaces[0m
[5.835s] [ 16%] [34m[1mGenerating C++ type support for eProsima Fast-RTPS[0m
[5.835s] [ 19%] [34m[1mGenerating C++ type support dispatch for ROS interfaces[0m
[5.885s] [ 22%] [32m[1mLinking C shared library libperson_mags__rosidl_generator_c.so[0m
[6.001s] [ 22%] Built target person_mags__rosidl_generator_c
[6.012s] [ 25%] [34m[1mGenerating C type support dispatch for ROS interfaces[0m
[6.015s] [ 29%] [34m[1mGenerating C introspection for ROS interfaces[0m
[6.151s] [35m[1mScanning dependencies of target person_mags__rosidl_typesupport_fastrtps_cpp[0m
[6.172s] [35m[1mScanning dependencies of target person_mags__rosidl_typesupport_cpp[0m
[6.173s] [ 32%] [32mBuilding CXX object CMakeFiles/person_mags__rosidl_typesupport_fastrtps_cpp.dir/rosidl_typesupport_fastrtps_cpp/person_mags/msg/detail/dds_fastrtps/person__type_support.cpp.o[0m
[6.174s] [35m[1mScanning dependencies of target person_mags__rosidl_typesupport_introspection_cpp[0m
[6.185s] [ 35%] [32mBuilding CXX object CMakeFiles/person_mags__rosidl_typesupport_cpp.dir/rosidl_typesupport_cpp/person_mags/msg/person__type_support.cpp.o[0m
[6.187s] [ 38%] [32mBuilding CXX object CMakeFiles/person_mags__rosidl_typesupport_introspection_cpp.dir/rosidl_typesupport_introspection_cpp/person_mags/msg/detail/person__type_support.cpp.o[0m
[6.361s] [35m[1mScanning dependencies of target person_mags__rosidl_typesupport_c[0m
[6.375s] [ 41%] [32mBuilding CXX object CMakeFiles/person_mags__rosidl_typesupport_c.dir/rosidl_typesupport_c/person_mags/msg/person__type_support.cpp.o[0m
[6.411s] [35m[1mScanning dependencies of target person_mags__rosidl_typesupport_introspection_c[0m
[6.418s] [ 45%] [32m[1mLinking CXX shared library libperson_mags__rosidl_typesupport_c.so[0m
[6.429s] [ 48%] [32mBuilding C object CMakeFiles/person_mags__rosidl_typesupport_introspection_c.dir/rosidl_typesupport_introspection_c/person_mags/msg/detail/person__type_support.c.o[0m
[6.480s] [ 51%] [32m[1mLinking C shared library libperson_mags__rosidl_typesupport_introspection_c.so[0m
[6.547s] [ 51%] Built target person_mags__rosidl_typesupport_c
[6.583s] [ 51%] Built target person_mags__rosidl_typesupport_introspection_c
[6.596s] [ 54%] [32m[1mLinking CXX shared library libperson_mags__rosidl_typesupport_introspection_cpp.so[0m
[6.603s] [ 58%] [32m[1mLinking CXX shared library libperson_mags__rosidl_typesupport_cpp.so[0m
[6.712s] [ 61%] [32m[1mLinking CXX shared library libperson_mags__rosidl_typesupport_fastrtps_cpp.so[0m
[6.712s] [ 61%] Built target person_mags__rosidl_typesupport_cpp
[6.724s] [ 61%] Built target person_mags__rosidl_typesupport_introspection_cpp
[6.811s] [ 61%] Built target person_mags__rosidl_typesupport_fastrtps_cpp
[6.819s] [ 64%] [34m[1mGenerating C type support for eProsima Fast-RTPS[0m
[6.988s] [35m[1mScanning dependencies of target person_mags__rosidl_typesupport_fastrtps_c[0m
[6.997s] [ 67%] [32mBuilding CXX object CMakeFiles/person_mags__rosidl_typesupport_fastrtps_c.dir/rosidl_typesupport_fastrtps_c/person_mags/msg/detail/person__type_support_c.cpp.o[0m
[7.241s] [ 70%] [32m[1mLinking CXX shared library libperson_mags__rosidl_typesupport_fastrtps_c.so[0m
[7.360s] [ 70%] Built target person_mags__rosidl_typesupport_fastrtps_c
[7.367s] [35m[1mScanning dependencies of target person_mags[0m
[7.375s] [ 70%] Built target person_mags
[7.383s] [35m[1mScanning dependencies of target person_mags__py[0m
[7.391s] [ 74%] [34m[1mGenerating Python code for ROS interfaces[0m
[7.673s] [ 74%] Built target person_mags__py
[7.680s] [35m[1mScanning dependencies of target person_mags__python[0m
[7.693s] [ 77%] [32mBuilding C object CMakeFiles/person_mags__python.dir/rosidl_generator_py/person_mags/msg/_person_s.c.o[0m
[7.758s] [ 80%] [32m[1mLinking C shared library rosidl_generator_py/person_mags/libperson_mags__python.so[0m
[7.833s] [ 80%] Built target person_mags__python
[7.842s] [35m[1mScanning dependencies of target person_mags__rosidl_typesupport_c__pyext[0m
[7.843s] [35m[1mScanning dependencies of target person_mags__rosidl_typesupport_introspection_c__pyext[0m
[7.843s] [35m[1mScanning dependencies of target person_mags__rosidl_typesupport_fastrtps_c__pyext[0m
[7.860s] [ 90%] [32mBuilding C object CMakeFiles/person_mags__rosidl_typesupport_c__pyext.dir/rosidl_generator_py/person_mags/_person_mags_s.ep.rosidl_typesupport_c.c.o[0m
[7.860s] [ 90%] [32mBuilding C object CMakeFiles/person_mags__rosidl_typesupport_introspection_c__pyext.dir/rosidl_generator_py/person_mags/_person_mags_s.ep.rosidl_typesupport_introspection_c.c.o[0m
[7.860s] [ 90%] [32mBuilding C object CMakeFiles/person_mags__rosidl_typesupport_fastrtps_c__pyext.dir/rosidl_generator_py/person_mags/_person_mags_s.ep.rosidl_typesupport_fastrtps_c.c.o[0m
[7.934s] [ 93%] [32m[1mLinking C shared library rosidl_generator_py/person_mags/person_mags_s__rosidl_typesupport_introspection_c.cpython-38-x86_64-linux-gnu.so[0m
[7.953s] [ 96%] [32m[1mLinking CXX shared library rosidl_generator_py/person_mags/person_mags_s__rosidl_typesupport_fastrtps_c.cpython-38-x86_64-linux-gnu.so[0m
[7.954s] [100%] [32m[1mLinking C shared library rosidl_generator_py/person_mags/person_mags_s__rosidl_typesupport_c.cpython-38-x86_64-linux-gnu.so[0m
[8.018s] [100%] Built target person_mags__rosidl_typesupport_c__pyext
[8.018s] [100%] Built target person_mags__rosidl_typesupport_introspection_c__pyext
[8.039s] [100%] Built target person_mags__rosidl_typesupport_fastrtps_c__pyext
[8.048s] Invoked command in '/home/u22c1001/ros2_ws/build/person_mags' returned '0': CMAKE_PREFIX_PATH=/home/u22c1001/ros2_ws/install/mypkg:/opt/ros/foxy /usr/bin/cmake --build /home/u22c1001/ros2_ws/build/person_mags -- -j8 -l8
[8.097s] Invoking command in '/home/u22c1001/ros2_ws/build/person_mags': CMAKE_PREFIX_PATH=/home/u22c1001/ros2_ws/install/mypkg:/opt/ros/foxy /usr/bin/cmake --install /home/u22c1001/ros2_ws/build/person_mags
[8.104s] -- Install configuration: ""
[8.104s] -- Installing: /home/u22c1001/ros2_ws/install/person_mags/share/ament_index/resource_index/rosidl_interfaces/person_mags
[8.104s] -- Installing: /home/u22c1001/ros2_ws/install/person_mags/include/person_mags
[8.104s] -- Installing: /home/u22c1001/ros2_ws/install/person_mags/include/person_mags/msg
[8.105s] -- Installing: /home/u22c1001/ros2_ws/install/person_mags/include/person_mags/msg/person.h
[8.105s] -- Installing: /home/u22c1001/ros2_ws/install/person_mags/include/person_mags/msg/rosidl_generator_c__visibility_control.h
[8.105s] -- Installing: /home/u22c1001/ros2_ws/install/person_mags/include/person_mags/msg/detail
[8.105s] -- Installing: /home/u22c1001/ros2_ws/install/person_mags/include/person_mags/msg/detail/person__functions.c
[8.105s] -- Installing: /home/u22c1001/ros2_ws/install/person_mags/include/person_mags/msg/detail/person__type_support.h
[8.106s] -- Installing: /home/u22c1001/ros2_ws/install/person_mags/include/person_mags/msg/detail/person__functions.h
[8.106s] -- Installing: /home/u22c1001/ros2_ws/install/person_mags/include/person_mags/msg/detail/person__struct.h
[8.106s] -- Installing: /home/u22c1001/ros2_ws/install/person_mags/share/person_mags/environment/library_path.sh
[8.106s] -- Installing: /home/u22c1001/ros2_ws/install/person_mags/share/person_mags/environment/library_path.dsv
[8.106s] -- Installing: /home/u22c1001/ros2_ws/install/person_mags/lib/libperson_mags__rosidl_generator_c.so
[8.106s] -- Set runtime path of "/home/u22c1001/ros2_ws/install/person_mags/lib/libperson_mags__rosidl_generator_c.so" to ""
[8.107s] -- Up-to-date: /home/u22c1001/ros2_ws/install/person_mags/include/person_mags
[8.107s] -- Up-to-date: /home/u22c1001/ros2_ws/install/person_mags/include/person_mags/msg
[8.107s] -- Installing: /home/u22c1001/ros2_ws/install/person_mags/include/person_mags/msg/rosidl_typesupport_fastrtps_c__visibility_control.h
[8.107s] -- Up-to-date: /home/u22c1001/ros2_ws/install/person_mags/include/person_mags/msg/detail
[8.107s] -- Installing: /home/u22c1001/ros2_ws/install/person_mags/include/person_mags/msg/detail/person__rosidl_typesupport_fastrtps_c.h
[8.108s] -- Installing: /home/u22c1001/ros2_ws/install/person_mags/lib/libperson_mags__rosidl_typesupport_fastrtps_c.so
[8.108s] -- Set runtime path of "/home/u22c1001/ros2_ws/install/person_mags/lib/libperson_mags__rosidl_typesupport_fastrtps_c.so" to ""
[8.108s] -- Up-to-date: /home/u22c1001/ros2_ws/install/person_mags/include/person_mags
[8.108s] -- Up-to-date: /home/u22c1001/ros2_ws/install/person_mags/include/person_mags/msg
[8.108s] -- Installing: /home/u22c1001/ros2_ws/install/person_mags/include/person_mags/msg/rosidl_typesupport_fastrtps_cpp__visibility_control.h
[8.108s] -- Up-to-date: /home/u22c1001/ros2_ws/install/person_mags/include/person_mags/msg/detail
[8.108s] -- Installing: /home/u22c1001/ros2_ws/install/person_mags/include/person_mags/msg/detail/dds_fastrtps
[8.109s] -- Installing: /home/u22c1001/ros2_ws/install/person_mags/include/person_mags/msg/detail/person__rosidl_typesupport_fastrtps_cpp.hpp
[8.109s] -- Installing: /home/u22c1001/ros2_ws/install/person_mags/lib/libperson_mags__rosidl_typesupport_fastrtps_cpp.so
[8.109s] -- Set runtime path of "/home/u22c1001/ros2_ws/install/person_mags/lib/libperson_mags__rosidl_typesupport_fastrtps_cpp.so" to ""
[8.109s] -- Up-to-date: /home/u22c1001/ros2_ws/install/person_mags/include/person_mags
[8.109s] -- Up-to-date: /home/u22c1001/ros2_ws/install/person_mags/include/person_mags/msg
[8.109s] -- Installing: /home/u22c1001/ros2_ws/install/person_mags/include/person_mags/msg/rosidl_typesupport_introspection_c__visibility_control.h
[8.110s] -- Up-to-date: /home/u22c1001/ros2_ws/install/person_mags/include/person_mags/msg/detail
[8.110s] -- Installing: /home/u22c1001/ros2_ws/install/person_mags/include/person_mags/msg/detail/person__type_support.c
[8.110s] -- Installing: /home/u22c1001/ros2_ws/install/person_mags/include/person_mags/msg/detail/person__rosidl_typesupport_introspection_c.h
[8.110s] -- Installing: /home/u22c1001/ros2_ws/install/person_mags/lib/libperson_mags__rosidl_typesupport_introspection_c.so
[8.110s] -- Set runtime path of "/home/u22c1001/ros2_ws/install/person_mags/lib/libperson_mags__rosidl_typesupport_introspection_c.so" to ""
[8.110s] -- Installing: /home/u22c1001/ros2_ws/install/person_mags/lib/libperson_mags__rosidl_typesupport_c.so
[8.110s] -- Set runtime path of "/home/u22c1001/ros2_ws/install/person_mags/lib/libperson_mags__rosidl_typesupport_c.so" to ""
[8.111s] -- Up-to-date: /home/u22c1001/ros2_ws/install/person_mags/include/person_mags
[8.111s] -- Up-to-date: /home/u22c1001/ros2_ws/install/person_mags/include/person_mags/msg
[8.111s] -- Installing: /home/u22c1001/ros2_ws/install/person_mags/include/person_mags/msg/person.hpp
[8.111s] -- Installing: /home/u22c1001/ros2_ws/install/person_mags/include/person_mags/msg/rosidl_generator_cpp__visibility_control.hpp
[8.111s] -- Up-to-date: /home/u22c1001/ros2_ws/install/person_mags/include/person_mags/msg/detail
[8.111s] -- Installing: /home/u22c1001/ros2_ws/install/person_mags/include/person_mags/msg/detail/person__builder.hpp
[8.111s] -- Installing: /home/u22c1001/ros2_ws/install/person_mags/include/person_mags/msg/detail/person__type_support.hpp
[8.111s] -- Installing: /home/u22c1001/ros2_ws/install/person_mags/include/person_mags/msg/detail/person__traits.hpp
[8.111s] -- Installing: /home/u22c1001/ros2_ws/install/person_mags/include/person_mags/msg/detail/person__struct.hpp
[8.111s] -- Up-to-date: /home/u22c1001/ros2_ws/install/person_mags/include/person_mags
[8.111s] -- Up-to-date: /home/u22c1001/ros2_ws/install/person_mags/include/person_mags/msg
[8.111s] -- Up-to-date: /home/u22c1001/ros2_ws/install/person_mags/include/person_mags/msg/detail
[8.111s] -- Installing: /home/u22c1001/ros2_ws/install/person_mags/include/person_mags/msg/detail/person__rosidl_typesupport_introspection_cpp.hpp
[8.111s] -- Installing: /home/u22c1001/ros2_ws/install/person_mags/include/person_mags/msg/detail/person__type_support.cpp
[8.111s] -- Installing: /home/u22c1001/ros2_ws/install/person_mags/lib/libperson_mags__rosidl_typesupport_introspection_cpp.so
[8.111s] -- Set runtime path of "/home/u22c1001/ros2_ws/install/person_mags/lib/libperson_mags__rosidl_typesupport_introspection_cpp.so" to ""
[8.112s] -- Installing: /home/u22c1001/ros2_ws/install/person_mags/lib/libperson_mags__rosidl_typesupport_cpp.so
[8.112s] -- Set runtime path of "/home/u22c1001/ros2_ws/install/person_mags/lib/libperson_mags__rosidl_typesupport_cpp.so" to ""
[8.112s] -- Installing: /home/u22c1001/ros2_ws/install/person_mags/share/person_mags/environment/pythonpath.sh
[8.112s] -- Installing: /home/u22c1001/ros2_ws/install/person_mags/share/person_mags/environment/pythonpath.dsv
[8.112s] -- Installing: /home/u22c1001/ros2_ws/install/person_mags/lib/python3.8/site-packages/person_mags/__init__.py
[8.134s] Compiling '/home/u22c1001/ros2_ws/install/person_mags/lib/python3.8/site-packages/person_mags/__init__.py'...
[8.137s] -- Installing: /home/u22c1001/ros2_ws/install/person_mags/lib/python3.8/site-packages/person_mags/msg
[8.137s] -- Installing: /home/u22c1001/ros2_ws/install/person_mags/lib/python3.8/site-packages/person_mags/msg/_person.py
[8.138s] -- Installing: /home/u22c1001/ros2_ws/install/person_mags/lib/python3.8/site-packages/person_mags/msg/_person_s.c
[8.138s] -- Installing: /home/u22c1001/ros2_ws/install/person_mags/lib/python3.8/site-packages/person_mags/msg/__init__.py
[8.138s] -- Installing: /home/u22c1001/ros2_ws/install/person_mags/lib/python3.8/site-packages/person_mags/person_mags_s__rosidl_typesupport_fastrtps_c.cpython-38-x86_64-linux-gnu.so
[8.138s] -- Set runtime path of "/home/u22c1001/ros2_ws/install/person_mags/lib/python3.8/site-packages/person_mags/person_mags_s__rosidl_typesupport_fastrtps_c.cpython-38-x86_64-linux-gnu.so" to ""
[8.138s] -- Installing: /home/u22c1001/ros2_ws/install/person_mags/lib/python3.8/site-packages/person_mags/person_mags_s__rosidl_typesupport_introspection_c.cpython-38-x86_64-linux-gnu.so
[8.139s] -- Set runtime path of "/home/u22c1001/ros2_ws/install/person_mags/lib/python3.8/site-packages/person_mags/person_mags_s__rosidl_typesupport_introspection_c.cpython-38-x86_64-linux-gnu.so" to ""
[8.139s] -- Installing: /home/u22c1001/ros2_ws/install/person_mags/lib/python3.8/site-packages/person_mags/person_mags_s__rosidl_typesupport_c.cpython-38-x86_64-linux-gnu.so
[8.139s] -- Set runtime path of "/home/u22c1001/ros2_ws/install/person_mags/lib/python3.8/site-packages/person_mags/person_mags_s__rosidl_typesupport_c.cpython-38-x86_64-linux-gnu.so" to ""
[8.139s] -- Installing: /home/u22c1001/ros2_ws/install/person_mags/lib/libperson_mags__python.so
[8.139s] -- Set runtime path of "/home/u22c1001/ros2_ws/install/person_mags/lib/libperson_mags__python.so" to ""
[8.140s] -- Installing: /home/u22c1001/ros2_ws/install/person_mags/share/person_mags/msg/Person.idl
[8.140s] -- Installing: /home/u22c1001/ros2_ws/install/person_mags/share/person_mags/msg/Person.msg
[8.140s] -- Installing: /home/u22c1001/ros2_ws/install/person_mags/share/ament_index/resource_index/package_run_dependencies/person_mags
[8.140s] -- Installing: /home/u22c1001/ros2_ws/install/person_mags/share/ament_index/resource_index/parent_prefix_path/person_mags
[8.140s] -- Installing: /home/u22c1001/ros2_ws/install/person_mags/share/person_mags/environment/ament_prefix_path.sh
[8.141s] -- Installing: /home/u22c1001/ros2_ws/install/person_mags/share/person_mags/environment/ament_prefix_path.dsv
[8.141s] -- Installing: /home/u22c1001/ros2_ws/install/person_mags/share/person_mags/environment/path.sh
[8.141s] -- Installing: /home/u22c1001/ros2_ws/install/person_mags/share/person_mags/environment/path.dsv
[8.141s] -- Installing: /home/u22c1001/ros2_ws/install/person_mags/share/person_mags/local_setup.bash
[8.141s] -- Installing: /home/u22c1001/ros2_ws/install/person_mags/share/person_mags/local_setup.sh
[8.142s] -- Installing: /home/u22c1001/ros2_ws/install/person_mags/share/person_mags/local_setup.zsh
[8.142s] -- Installing: /home/u22c1001/ros2_ws/install/person_mags/share/person_mags/local_setup.dsv
[8.142s] -- Installing: /home/u22c1001/ros2_ws/install/person_mags/share/person_mags/package.dsv
[8.142s] -- Installing: /home/u22c1001/ros2_ws/install/person_mags/share/ament_index/resource_index/packages/person_mags
[8.142s] -- Installing: /home/u22c1001/ros2_ws/install/person_mags/share/person_mags/cmake/person_mags__rosidl_generator_cExport.cmake
[8.142s] -- Installing: /home/u22c1001/ros2_ws/install/person_mags/share/person_mags/cmake/person_mags__rosidl_generator_cExport-noconfig.cmake
[8.143s] -- Installing: /home/u22c1001/ros2_ws/install/person_mags/share/person_mags/cmake/person_mags__rosidl_typesupport_introspection_cExport.cmake
[8.143s] -- Installing: /home/u22c1001/ros2_ws/install/person_mags/share/person_mags/cmake/person_mags__rosidl_typesupport_introspection_cExport-noconfig.cmake
[8.143s] -- Installing: /home/u22c1001/ros2_ws/install/person_mags/share/person_mags/cmake/person_mags__rosidl_typesupport_cExport.cmake
[8.143s] -- Installing: /home/u22c1001/ros2_ws/install/person_mags/share/person_mags/cmake/person_mags__rosidl_typesupport_cExport-noconfig.cmake
[8.143s] -- Installing: /home/u22c1001/ros2_ws/install/person_mags/share/person_mags/cmake/person_mags__rosidl_generator_cppExport.cmake
[8.143s] -- Installing: /home/u22c1001/ros2_ws/install/person_mags/share/person_mags/cmake/person_mags__rosidl_typesupport_introspection_cppExport.cmake
[8.144s] -- Installing: /home/u22c1001/ros2_ws/install/person_mags/share/person_mags/cmake/person_mags__rosidl_typesupport_introspection_cppExport-noconfig.cmake
[8.144s] -- Installing: /home/u22c1001/ros2_ws/install/person_mags/share/person_mags/cmake/person_mags__rosidl_typesupport_cppExport.cmake
[8.144s] -- Installing: /home/u22c1001/ros2_ws/install/person_mags/share/person_mags/cmake/person_mags__rosidl_typesupport_cppExport-noconfig.cmake
[8.144s] -- Installing: /home/u22c1001/ros2_ws/install/person_mags/share/person_mags/cmake/rosidl_cmake-extras.cmake
[8.144s] -- Installing: /home/u22c1001/ros2_ws/install/person_mags/share/person_mags/cmake/ament_cmake_export_dependencies-extras.cmake
[8.144s] -- Installing: /home/u22c1001/ros2_ws/install/person_mags/share/person_mags/cmake/ament_cmake_export_libraries-extras.cmake
[8.144s] -- Installing: /home/u22c1001/ros2_ws/install/person_mags/share/person_mags/cmake/ament_cmake_export_targets-extras.cmake
[8.144s] -- Installing: /home/u22c1001/ros2_ws/install/person_mags/share/person_mags/cmake/ament_cmake_export_include_directories-extras.cmake
[8.145s] -- Installing: /home/u22c1001/ros2_ws/install/person_mags/share/person_mags/cmake/rosidl_cmake_export_typesupport_libraries-extras.cmake
[8.145s] -- Installing: /home/u22c1001/ros2_ws/install/person_mags/share/person_mags/cmake/rosidl_cmake_export_typesupport_targets-extras.cmake
[8.145s] -- Installing: /home/u22c1001/ros2_ws/install/person_mags/share/person_mags/cmake/person_magsConfig.cmake
[8.145s] -- Installing: /home/u22c1001/ros2_ws/install/person_mags/share/person_mags/cmake/person_magsConfig-version.cmake
[8.145s] -- Installing: /home/u22c1001/ros2_ws/install/person_mags/share/person_mags/package.xml
[8.146s] Invoked command in '/home/u22c1001/ros2_ws/build/person_mags' returned '0': CMAKE_PREFIX_PATH=/home/u22c1001/ros2_ws/install/mypkg:/opt/ros/foxy /usr/bin/cmake --install /home/u22c1001/ros2_ws/build/person_mags
