[0.345s] Invoking command in '/home/u22c1001/ros2_ws/build/person_mags': CMAKE_PREFIX_PATH=${CMAKE_PREFIX_PATH}:/home/u22c1001/ros2_ws/install/mypkg:/opt/ros/foxy /usr/bin/cmake --build /home/u22c1001/ros2_ws/build/person_mags -- -j8 -l8
[0.391s] [  3%] Built target person_mags__cpp
[0.391s] [ 12%] Built target person_mags__rosidl_generator_c
[0.416s] [ 32%] Built target person_mags__rosidl_typesupport_c
[0.417s] [ 32%] Built target person_mags__rosidl_typesupport_cpp
[0.417s] [ 41%] Built target person_mags__rosidl_typesupport_introspection_cpp
[0.421s] [ 51%] Built target person_mags__rosidl_typesupport_fastrtps_cpp
[0.441s] [ 61%] Built target person_mags__rosidl_typesupport_introspection_c
[0.444s] [ 70%] Built target person_mags__rosidl_typesupport_fastrtps_c
[0.465s] [ 70%] Built target person_mags
[0.484s] [ 74%] Built target person_mags__py
[0.505s] [ 80%] Built target person_mags__python
[0.533s] [ 87%] Built target person_mags__rosidl_typesupport_c__pyext
[0.533s] [ 93%] Built target person_mags__rosidl_typesupport_fastrtps_c__pyext
[0.536s] [100%] Built target person_mags__rosidl_typesupport_introspection_c__pyext
[0.546s] Invoked command in '/home/u22c1001/ros2_ws/build/person_mags' returned '0': CMAKE_PREFIX_PATH=${CMAKE_PREFIX_PATH}:/home/u22c1001/ros2_ws/install/mypkg:/opt/ros/foxy /usr/bin/cmake --build /home/u22c1001/ros2_ws/build/person_mags -- -j8 -l8
[0.606s] Invoking command in '/home/u22c1001/ros2_ws/build/person_mags': CMAKE_PREFIX_PATH=${CMAKE_PREFIX_PATH}:/home/u22c1001/ros2_ws/install/mypkg:/opt/ros/foxy /usr/bin/cmake --install /home/u22c1001/ros2_ws/build/person_mags
[0.613s] -- Install configuration: ""
[0.613s] -- Up-to-date: /home/u22c1001/ros2_ws/install/person_mags/share/ament_index/resource_index/rosidl_interfaces/person_mags
[0.613s] -- Up-to-date: /home/u22c1001/ros2_ws/install/person_mags/include/person_mags
[0.614s] -- Up-to-date: /home/u22c1001/ros2_ws/install/person_mags/include/person_mags/msg
[0.614s] -- Up-to-date: /home/u22c1001/ros2_ws/install/person_mags/include/person_mags/msg/person.h
[0.614s] -- Up-to-date: /home/u22c1001/ros2_ws/install/person_mags/include/person_mags/msg/rosidl_generator_c__visibility_control.h
[0.614s] -- Up-to-date: /home/u22c1001/ros2_ws/install/person_mags/include/person_mags/msg/detail
[0.614s] -- Up-to-date: /home/u22c1001/ros2_ws/install/person_mags/include/person_mags/msg/detail/person__functions.c
[0.615s] -- Up-to-date: /home/u22c1001/ros2_ws/install/person_mags/include/person_mags/msg/detail/person__type_support.h
[0.615s] -- Up-to-date: /home/u22c1001/ros2_ws/install/person_mags/include/person_mags/msg/detail/person__functions.h
[0.615s] -- Up-to-date: /home/u22c1001/ros2_ws/install/person_mags/include/person_mags/msg/detail/person__struct.h
[0.615s] -- Up-to-date: /home/u22c1001/ros2_ws/install/person_mags/share/person_mags/environment/library_path.sh
[0.615s] -- Up-to-date: /home/u22c1001/ros2_ws/install/person_mags/share/person_mags/environment/library_path.dsv
[0.615s] -- Up-to-date: /home/u22c1001/ros2_ws/install/person_mags/lib/libperson_mags__rosidl_generator_c.so
[0.616s] -- Up-to-date: /home/u22c1001/ros2_ws/install/person_mags/include/person_mags
[0.616s] -- Up-to-date: /home/u22c1001/ros2_ws/install/person_mags/include/person_mags/msg
[0.616s] -- Up-to-date: /home/u22c1001/ros2_ws/install/person_mags/include/person_mags/msg/rosidl_typesupport_fastrtps_c__visibility_control.h
[0.616s] -- Up-to-date: /home/u22c1001/ros2_ws/install/person_mags/include/person_mags/msg/detail
[0.616s] -- Up-to-date: /home/u22c1001/ros2_ws/install/person_mags/include/person_mags/msg/detail/person__rosidl_typesupport_fastrtps_c.h
[0.616s] -- Up-to-date: /home/u22c1001/ros2_ws/install/person_mags/lib/libperson_mags__rosidl_typesupport_fastrtps_c.so
[0.617s] -- Up-to-date: /home/u22c1001/ros2_ws/install/person_mags/include/person_mags
[0.617s] -- Up-to-date: /home/u22c1001/ros2_ws/install/person_mags/include/person_mags/msg
[0.617s] -- Up-to-date: /home/u22c1001/ros2_ws/install/person_mags/include/person_mags/msg/rosidl_typesupport_fastrtps_cpp__visibility_control.h
[0.617s] -- Up-to-date: /home/u22c1001/ros2_ws/install/person_mags/include/person_mags/msg/detail
[0.617s] -- Up-to-date: /home/u22c1001/ros2_ws/install/person_mags/include/person_mags/msg/detail/dds_fastrtps
[0.617s] -- Up-to-date: /home/u22c1001/ros2_ws/install/person_mags/include/person_mags/msg/detail/person__rosidl_typesupport_fastrtps_cpp.hpp
[0.617s] -- Up-to-date: /home/u22c1001/ros2_ws/install/person_mags/lib/libperson_mags__rosidl_typesupport_fastrtps_cpp.so
[0.617s] -- Up-to-date: /home/u22c1001/ros2_ws/install/person_mags/include/person_mags
[0.617s] -- Up-to-date: /home/u22c1001/ros2_ws/install/person_mags/include/person_mags/msg
[0.618s] -- Up-to-date: /home/u22c1001/ros2_ws/install/person_mags/include/person_mags/msg/rosidl_typesupport_introspection_c__visibility_control.h
[0.618s] -- Up-to-date: /home/u22c1001/ros2_ws/install/person_mags/include/person_mags/msg/detail
[0.618s] -- Up-to-date: /home/u22c1001/ros2_ws/install/person_mags/include/person_mags/msg/detail/person__type_support.c
[0.618s] -- Up-to-date: /home/u22c1001/ros2_ws/install/person_mags/include/person_mags/msg/detail/person__rosidl_typesupport_introspection_c.h
[0.618s] -- Up-to-date: /home/u22c1001/ros2_ws/install/person_mags/lib/libperson_mags__rosidl_typesupport_introspection_c.so
[0.618s] -- Up-to-date: /home/u22c1001/ros2_ws/install/person_mags/lib/libperson_mags__rosidl_typesupport_c.so
[0.618s] -- Up-to-date: /home/u22c1001/ros2_ws/install/person_mags/include/person_mags
[0.618s] -- Up-to-date: /home/u22c1001/ros2_ws/install/person_mags/include/person_mags/msg
[0.618s] -- Up-to-date: /home/u22c1001/ros2_ws/install/person_mags/include/person_mags/msg/person.hpp
[0.618s] -- Up-to-date: /home/u22c1001/ros2_ws/install/person_mags/include/person_mags/msg/rosidl_generator_cpp__visibility_control.hpp
[0.618s] -- Up-to-date: /home/u22c1001/ros2_ws/install/person_mags/include/person_mags/msg/detail
[0.618s] -- Up-to-date: /home/u22c1001/ros2_ws/install/person_mags/include/person_mags/msg/detail/person__builder.hpp
[0.618s] -- Up-to-date: /home/u22c1001/ros2_ws/install/person_mags/include/person_mags/msg/detail/person__type_support.hpp
[0.619s] -- Up-to-date: /home/u22c1001/ros2_ws/install/person_mags/include/person_mags/msg/detail/person__traits.hpp
[0.619s] -- Up-to-date: /home/u22c1001/ros2_ws/install/person_mags/include/person_mags/msg/detail/person__struct.hpp
[0.619s] -- Up-to-date: /home/u22c1001/ros2_ws/install/person_mags/include/person_mags
[0.619s] -- Up-to-date: /home/u22c1001/ros2_ws/install/person_mags/include/person_mags/msg
[0.619s] -- Up-to-date: /home/u22c1001/ros2_ws/install/person_mags/include/person_mags/msg/detail
[0.619s] -- Up-to-date: /home/u22c1001/ros2_ws/install/person_mags/include/person_mags/msg/detail/person__rosidl_typesupport_introspection_cpp.hpp
[0.619s] -- Up-to-date: /home/u22c1001/ros2_ws/install/person_mags/include/person_mags/msg/detail/person__type_support.cpp
[0.619s] -- Up-to-date: /home/u22c1001/ros2_ws/install/person_mags/lib/libperson_mags__rosidl_typesupport_introspection_cpp.so
[0.619s] -- Up-to-date: /home/u22c1001/ros2_ws/install/person_mags/lib/libperson_mags__rosidl_typesupport_cpp.so
[0.619s] -- Up-to-date: /home/u22c1001/ros2_ws/install/person_mags/share/person_mags/environment/pythonpath.sh
[0.619s] -- Up-to-date: /home/u22c1001/ros2_ws/install/person_mags/share/person_mags/environment/pythonpath.dsv
[0.619s] -- Up-to-date: /home/u22c1001/ros2_ws/install/person_mags/lib/python3.8/site-packages/person_mags/__init__.py
[0.652s] -- Up-to-date: /home/u22c1001/ros2_ws/install/person_mags/lib/python3.8/site-packages/person_mags/msg
[0.652s] -- Up-to-date: /home/u22c1001/ros2_ws/install/person_mags/lib/python3.8/site-packages/person_mags/msg/_person.py
[0.652s] -- Up-to-date: /home/u22c1001/ros2_ws/install/person_mags/lib/python3.8/site-packages/person_mags/msg/_person_s.c
[0.652s] -- Up-to-date: /home/u22c1001/ros2_ws/install/person_mags/lib/python3.8/site-packages/person_mags/msg/__init__.py
[0.653s] -- Up-to-date: /home/u22c1001/ros2_ws/install/person_mags/lib/python3.8/site-packages/person_mags/person_mags_s__rosidl_typesupport_fastrtps_c.cpython-38-x86_64-linux-gnu.so
[0.654s] -- Up-to-date: /home/u22c1001/ros2_ws/install/person_mags/lib/python3.8/site-packages/person_mags/person_mags_s__rosidl_typesupport_introspection_c.cpython-38-x86_64-linux-gnu.so
[0.654s] -- Up-to-date: /home/u22c1001/ros2_ws/install/person_mags/lib/python3.8/site-packages/person_mags/person_mags_s__rosidl_typesupport_c.cpython-38-x86_64-linux-gnu.so
[0.655s] -- Up-to-date: /home/u22c1001/ros2_ws/install/person_mags/lib/libperson_mags__python.so
[0.655s] -- Up-to-date: /home/u22c1001/ros2_ws/install/person_mags/share/person_mags/msg/Person.idl
[0.655s] -- Up-to-date: /home/u22c1001/ros2_ws/install/person_mags/share/person_mags/msg/Person.msg
[0.656s] -- Up-to-date: /home/u22c1001/ros2_ws/install/person_mags/share/ament_index/resource_index/package_run_dependencies/person_mags
[0.656s] -- Up-to-date: /home/u22c1001/ros2_ws/install/person_mags/share/ament_index/resource_index/parent_prefix_path/person_mags
[0.656s] -- Up-to-date: /home/u22c1001/ros2_ws/install/person_mags/share/person_mags/environment/ament_prefix_path.sh
[0.656s] -- Up-to-date: /home/u22c1001/ros2_ws/install/person_mags/share/person_mags/environment/ament_prefix_path.dsv
[0.656s] -- Up-to-date: /home/u22c1001/ros2_ws/install/person_mags/share/person_mags/environment/path.sh
[0.657s] -- Up-to-date: /home/u22c1001/ros2_ws/install/person_mags/share/person_mags/environment/path.dsv
[0.657s] -- Up-to-date: /home/u22c1001/ros2_ws/install/person_mags/share/person_mags/local_setup.bash
[0.657s] -- Up-to-date: /home/u22c1001/ros2_ws/install/person_mags/share/person_mags/local_setup.sh
[0.657s] -- Up-to-date: /home/u22c1001/ros2_ws/install/person_mags/share/person_mags/local_setup.zsh
[0.658s] -- Up-to-date: /home/u22c1001/ros2_ws/install/person_mags/share/person_mags/local_setup.dsv
[0.658s] -- Installing: /home/u22c1001/ros2_ws/install/person_mags/share/person_mags/package.dsv
[0.658s] -- Up-to-date: /home/u22c1001/ros2_ws/install/person_mags/share/ament_index/resource_index/packages/person_mags
[0.659s] -- Up-to-date: /home/u22c1001/ros2_ws/install/person_mags/share/person_mags/cmake/person_mags__rosidl_generator_cExport.cmake
[0.659s] -- Up-to-date: /home/u22c1001/ros2_ws/install/person_mags/share/person_mags/cmake/person_mags__rosidl_generator_cExport-noconfig.cmake
[0.659s] -- Up-to-date: /home/u22c1001/ros2_ws/install/person_mags/share/person_mags/cmake/person_mags__rosidl_typesupport_introspection_cExport.cmake
[0.659s] -- Up-to-date: /home/u22c1001/ros2_ws/install/person_mags/share/person_mags/cmake/person_mags__rosidl_typesupport_introspection_cExport-noconfig.cmake
[0.659s] -- Up-to-date: /home/u22c1001/ros2_ws/install/person_mags/share/person_mags/cmake/person_mags__rosidl_typesupport_cExport.cmake
[0.659s] -- Up-to-date: /home/u22c1001/ros2_ws/install/person_mags/share/person_mags/cmake/person_mags__rosidl_typesupport_cExport-noconfig.cmake
[0.660s] -- Up-to-date: /home/u22c1001/ros2_ws/install/person_mags/share/person_mags/cmake/person_mags__rosidl_generator_cppExport.cmake
[0.660s] -- Up-to-date: /home/u22c1001/ros2_ws/install/person_mags/share/person_mags/cmake/person_mags__rosidl_typesupport_introspection_cppExport.cmake
[0.661s] -- Up-to-date: /home/u22c1001/ros2_ws/install/person_mags/share/person_mags/cmake/person_mags__rosidl_typesupport_introspection_cppExport-noconfig.cmake
[0.661s] -- Up-to-date: /home/u22c1001/ros2_ws/install/person_mags/share/person_mags/cmake/person_mags__rosidl_typesupport_cppExport.cmake
[0.661s] -- Up-to-date: /home/u22c1001/ros2_ws/install/person_mags/share/person_mags/cmake/person_mags__rosidl_typesupport_cppExport-noconfig.cmake
[0.662s] -- Up-to-date: /home/u22c1001/ros2_ws/install/person_mags/share/person_mags/cmake/rosidl_cmake-extras.cmake
[0.662s] -- Up-to-date: /home/u22c1001/ros2_ws/install/person_mags/share/person_mags/cmake/ament_cmake_export_dependencies-extras.cmake
[0.663s] -- Up-to-date: /home/u22c1001/ros2_ws/install/person_mags/share/person_mags/cmake/ament_cmake_export_libraries-extras.cmake
[0.663s] -- Up-to-date: /home/u22c1001/ros2_ws/install/person_mags/share/person_mags/cmake/ament_cmake_export_targets-extras.cmake
[0.663s] -- Up-to-date: /home/u22c1001/ros2_ws/install/person_mags/share/person_mags/cmake/ament_cmake_export_include_directories-extras.cmake
[0.663s] -- Up-to-date: /home/u22c1001/ros2_ws/install/person_mags/share/person_mags/cmake/rosidl_cmake_export_typesupport_libraries-extras.cmake
[0.663s] -- Up-to-date: /home/u22c1001/ros2_ws/install/person_mags/share/person_mags/cmake/rosidl_cmake_export_typesupport_targets-extras.cmake
[0.663s] -- Up-to-date: /home/u22c1001/ros2_ws/install/person_mags/share/person_mags/cmake/person_magsConfig.cmake
[0.663s] -- Up-to-date: /home/u22c1001/ros2_ws/install/person_mags/share/person_mags/cmake/person_magsConfig-version.cmake
[0.663s] -- Up-to-date: /home/u22c1001/ros2_ws/install/person_mags/share/person_mags/package.xml
[0.664s] Invoked command in '/home/u22c1001/ros2_ws/build/person_mags' returned '0': CMAKE_PREFIX_PATH=${CMAKE_PREFIX_PATH}:/home/u22c1001/ros2_ws/install/mypkg:/opt/ros/foxy /usr/bin/cmake --install /home/u22c1001/ros2_ws/build/person_mags
