[  9%] Built target person_mags__rosidl_generator_c
[ 12%] Built target person_mags__cpp
[ 22%] Built target person_mags__rosidl_typesupport_c
[ 32%] Built target person_mags__rosidl_typesupport_cpp
[ 41%] Built target person_mags__rosidl_typesupport_introspection_c
[ 51%] Built target person_mags__rosidl_typesupport_introspection_cpp
[ 61%] Built target person_mags__rosidl_typesupport_fastrtps_cpp
[ 70%] Built target person_mags__rosidl_typesupport_fastrtps_c
[ 70%] Built target person_mags
[ 74%] Built target person_mags__py
[ 80%] Built target person_mags__python
[ 90%] Built target person_mags__rosidl_typesupport_c__pyext
[100%] Built target person_mags__rosidl_typesupport_fastrtps_c__pyext
[100%] Built target person_mags__rosidl_typesupport_introspection_c__pyext
-- Install configuration: ""
-- Up-to-date: /home/u22c1001/ros2_ws/install/person_mags/share/ament_index/resource_index/rosidl_interfaces/person_mags
-- Up-to-date: /home/u22c1001/ros2_ws/install/person_mags/include/person_mags
-- Up-to-date: /home/u22c1001/ros2_ws/install/person_mags/include/person_mags/msg
-- Up-to-date: /home/u22c1001/ros2_ws/install/person_mags/include/person_mags/msg/person.h
-- Up-to-date: /home/u22c1001/ros2_ws/install/person_mags/include/person_mags/msg/rosidl_generator_c__visibility_control.h
-- Up-to-date: /home/u22c1001/ros2_ws/install/person_mags/include/person_mags/msg/detail
-- Up-to-date: /home/u22c1001/ros2_ws/install/person_mags/include/person_mags/msg/detail/person__functions.c
-- Up-to-date: /home/u22c1001/ros2_ws/install/person_mags/include/person_mags/msg/detail/person__type_support.h
-- Up-to-date: /home/u22c1001/ros2_ws/install/person_mags/include/person_mags/msg/detail/person__functions.h
-- Up-to-date: /home/u22c1001/ros2_ws/install/person_mags/include/person_mags/msg/detail/person__struct.h
-- Up-to-date: /home/u22c1001/ros2_ws/install/person_mags/share/person_mags/environment/library_path.sh
-- Up-to-date: /home/u22c1001/ros2_ws/install/person_mags/share/person_mags/environment/library_path.dsv
-- Up-to-date: /home/u22c1001/ros2_ws/install/person_mags/lib/libperson_mags__rosidl_generator_c.so
-- Up-to-date: /home/u22c1001/ros2_ws/install/person_mags/include/person_mags
-- Up-to-date: /home/u22c1001/ros2_ws/install/person_mags/include/person_mags/msg
-- Up-to-date: /home/u22c1001/ros2_ws/install/person_mags/include/person_mags/msg/rosidl_typesupport_fastrtps_c__visibility_control.h
-- Up-to-date: /home/u22c1001/ros2_ws/install/person_mags/include/person_mags/msg/detail
-- Up-to-date: /home/u22c1001/ros2_ws/install/person_mags/include/person_mags/msg/detail/person__rosidl_typesupport_fastrtps_c.h
-- Up-to-date: /home/u22c1001/ros2_ws/install/person_mags/lib/libperson_mags__rosidl_typesupport_fastrtps_c.so
-- Up-to-date: /home/u22c1001/ros2_ws/install/person_mags/include/person_mags
-- Up-to-date: /home/u22c1001/ros2_ws/install/person_mags/include/person_mags/msg
-- Up-to-date: /home/u22c1001/ros2_ws/install/person_mags/include/person_mags/msg/rosidl_typesupport_fastrtps_cpp__visibility_control.h
-- Up-to-date: /home/u22c1001/ros2_ws/install/person_mags/include/person_mags/msg/detail
-- Up-to-date: /home/u22c1001/ros2_ws/install/person_mags/include/person_mags/msg/detail/dds_fastrtps
-- Up-to-date: /home/u22c1001/ros2_ws/install/person_mags/include/person_mags/msg/detail/person__rosidl_typesupport_fastrtps_cpp.hpp
-- Up-to-date: /home/u22c1001/ros2_ws/install/person_mags/lib/libperson_mags__rosidl_typesupport_fastrtps_cpp.so
-- Up-to-date: /home/u22c1001/ros2_ws/install/person_mags/include/person_mags
-- Up-to-date: /home/u22c1001/ros2_ws/install/person_mags/include/person_mags/msg
-- Up-to-date: /home/u22c1001/ros2_ws/install/person_mags/include/person_mags/msg/rosidl_typesupport_introspection_c__visibility_control.h
-- Up-to-date: /home/u22c1001/ros2_ws/install/person_mags/include/person_mags/msg/detail
-- Up-to-date: /home/u22c1001/ros2_ws/install/person_mags/include/person_mags/msg/detail/person__type_support.c
-- Up-to-date: /home/u22c1001/ros2_ws/install/person_mags/include/person_mags/msg/detail/person__rosidl_typesupport_introspection_c.h
-- Up-to-date: /home/u22c1001/ros2_ws/install/person_mags/lib/libperson_mags__rosidl_typesupport_introspection_c.so
-- Up-to-date: /home/u22c1001/ros2_ws/install/person_mags/lib/libperson_mags__rosidl_typesupport_c.so
-- Up-to-date: /home/u22c1001/ros2_ws/install/person_mags/include/person_mags
-- Up-to-date: /home/u22c1001/ros2_ws/install/person_mags/include/person_mags/msg
-- Up-to-date: /home/u22c1001/ros2_ws/install/person_mags/include/person_mags/msg/person.hpp
-- Up-to-date: /home/u22c1001/ros2_ws/install/person_mags/include/person_mags/msg/rosidl_generator_cpp__visibility_control.hpp
-- Up-to-date: /home/u22c1001/ros2_ws/install/person_mags/include/person_mags/msg/detail
-- Up-to-date: /home/u22c1001/ros2_ws/install/person_mags/include/person_mags/msg/detail/person__builder.hpp
-- Up-to-date: /home/u22c1001/ros2_ws/install/person_mags/include/person_mags/msg/detail/person__type_support.hpp
-- Up-to-date: /home/u22c1001/ros2_ws/install/person_mags/include/person_mags/msg/detail/person__traits.hpp
-- Up-to-date: /home/u22c1001/ros2_ws/install/person_mags/include/person_mags/msg/detail/person__struct.hpp
-- Up-to-date: /home/u22c1001/ros2_ws/install/person_mags/include/person_mags
-- Up-to-date: /home/u22c1001/ros2_ws/install/person_mags/include/person_mags/msg
-- Up-to-date: /home/u22c1001/ros2_ws/install/person_mags/include/person_mags/msg/detail
-- Up-to-date: /home/u22c1001/ros2_ws/install/person_mags/include/person_mags/msg/detail/person__rosidl_typesupport_introspection_cpp.hpp
-- Up-to-date: /home/u22c1001/ros2_ws/install/person_mags/include/person_mags/msg/detail/person__type_support.cpp
-- Up-to-date: /home/u22c1001/ros2_ws/install/person_mags/lib/libperson_mags__rosidl_typesupport_introspection_cpp.so
-- Up-to-date: /home/u22c1001/ros2_ws/install/person_mags/lib/libperson_mags__rosidl_typesupport_cpp.so
-- Up-to-date: /home/u22c1001/ros2_ws/install/person_mags/share/person_mags/environment/pythonpath.sh
-- Up-to-date: /home/u22c1001/ros2_ws/install/person_mags/share/person_mags/environment/pythonpath.dsv
-- Up-to-date: /home/u22c1001/ros2_ws/install/person_mags/lib/python3.8/site-packages/person_mags/__init__.py
-- Up-to-date: /home/u22c1001/ros2_ws/install/person_mags/lib/python3.8/site-packages/person_mags/msg
-- Up-to-date: /home/u22c1001/ros2_ws/install/person_mags/lib/python3.8/site-packages/person_mags/msg/_person.py
-- Up-to-date: /home/u22c1001/ros2_ws/install/person_mags/lib/python3.8/site-packages/person_mags/msg/_person_s.c
-- Up-to-date: /home/u22c1001/ros2_ws/install/person_mags/lib/python3.8/site-packages/person_mags/msg/__init__.py
-- Up-to-date: /home/u22c1001/ros2_ws/install/person_mags/lib/python3.8/site-packages/person_mags/person_mags_s__rosidl_typesupport_fastrtps_c.cpython-38-x86_64-linux-gnu.so
-- Up-to-date: /home/u22c1001/ros2_ws/install/person_mags/lib/python3.8/site-packages/person_mags/person_mags_s__rosidl_typesupport_introspection_c.cpython-38-x86_64-linux-gnu.so
-- Up-to-date: /home/u22c1001/ros2_ws/install/person_mags/lib/python3.8/site-packages/person_mags/person_mags_s__rosidl_typesupport_c.cpython-38-x86_64-linux-gnu.so
-- Up-to-date: /home/u22c1001/ros2_ws/install/person_mags/lib/libperson_mags__python.so
-- Up-to-date: /home/u22c1001/ros2_ws/install/person_mags/share/person_mags/msg/Person.idl
-- Up-to-date: /home/u22c1001/ros2_ws/install/person_mags/share/person_mags/msg/Person.msg
-- Up-to-date: /home/u22c1001/ros2_ws/install/person_mags/share/ament_index/resource_index/package_run_dependencies/person_mags
-- Up-to-date: /home/u22c1001/ros2_ws/install/person_mags/share/ament_index/resource_index/parent_prefix_path/person_mags
-- Up-to-date: /home/u22c1001/ros2_ws/install/person_mags/share/person_mags/environment/ament_prefix_path.sh
-- Up-to-date: /home/u22c1001/ros2_ws/install/person_mags/share/person_mags/environment/ament_prefix_path.dsv
-- Up-to-date: /home/u22c1001/ros2_ws/install/person_mags/share/person_mags/environment/path.sh
-- Up-to-date: /home/u22c1001/ros2_ws/install/person_mags/share/person_mags/environment/path.dsv
-- Up-to-date: /home/u22c1001/ros2_ws/install/person_mags/share/person_mags/local_setup.bash
-- Up-to-date: /home/u22c1001/ros2_ws/install/person_mags/share/person_mags/local_setup.sh
-- Up-to-date: /home/u22c1001/ros2_ws/install/person_mags/share/person_mags/local_setup.zsh
-- Up-to-date: /home/u22c1001/ros2_ws/install/person_mags/share/person_mags/local_setup.dsv
-- Installing: /home/u22c1001/ros2_ws/install/person_mags/share/person_mags/package.dsv
-- Up-to-date: /home/u22c1001/ros2_ws/install/person_mags/share/ament_index/resource_index/packages/person_mags
-- Up-to-date: /home/u22c1001/ros2_ws/install/person_mags/share/person_mags/cmake/person_mags__rosidl_generator_cExport.cmake
-- Up-to-date: /home/u22c1001/ros2_ws/install/person_mags/share/person_mags/cmake/person_mags__rosidl_generator_cExport-noconfig.cmake
-- Up-to-date: /home/u22c1001/ros2_ws/install/person_mags/share/person_mags/cmake/person_mags__rosidl_typesupport_introspection_cExport.cmake
-- Up-to-date: /home/u22c1001/ros2_ws/install/person_mags/share/person_mags/cmake/person_mags__rosidl_typesupport_introspection_cExport-noconfig.cmake
-- Up-to-date: /home/u22c1001/ros2_ws/install/person_mags/share/person_mags/cmake/person_mags__rosidl_typesupport_cExport.cmake
-- Up-to-date: /home/u22c1001/ros2_ws/install/person_mags/share/person_mags/cmake/person_mags__rosidl_typesupport_cExport-noconfig.cmake
-- Up-to-date: /home/u22c1001/ros2_ws/install/person_mags/share/person_mags/cmake/person_mags__rosidl_generator_cppExport.cmake
-- Up-to-date: /home/u22c1001/ros2_ws/install/person_mags/share/person_mags/cmake/person_mags__rosidl_typesupport_introspection_cppExport.cmake
-- Up-to-date: /home/u22c1001/ros2_ws/install/person_mags/share/person_mags/cmake/person_mags__rosidl_typesupport_introspection_cppExport-noconfig.cmake
-- Up-to-date: /home/u22c1001/ros2_ws/install/person_mags/share/person_mags/cmake/person_mags__rosidl_typesupport_cppExport.cmake
-- Up-to-date: /home/u22c1001/ros2_ws/install/person_mags/share/person_mags/cmake/person_mags__rosidl_typesupport_cppExport-noconfig.cmake
-- Up-to-date: /home/u22c1001/ros2_ws/install/person_mags/share/person_mags/cmake/rosidl_cmake-extras.cmake
-- Up-to-date: /home/u22c1001/ros2_ws/install/person_mags/share/person_mags/cmake/ament_cmake_export_dependencies-extras.cmake
-- Up-to-date: /home/u22c1001/ros2_ws/install/person_mags/share/person_mags/cmake/ament_cmake_export_libraries-extras.cmake
-- Up-to-date: /home/u22c1001/ros2_ws/install/person_mags/share/person_mags/cmake/ament_cmake_export_targets-extras.cmake
-- Up-to-date: /home/u22c1001/ros2_ws/install/person_mags/share/person_mags/cmake/ament_cmake_export_include_directories-extras.cmake
-- Up-to-date: /home/u22c1001/ros2_ws/install/person_mags/share/person_mags/cmake/rosidl_cmake_export_typesupport_libraries-extras.cmake
-- Up-to-date: /home/u22c1001/ros2_ws/install/person_mags/share/person_mags/cmake/rosidl_cmake_export_typesupport_targets-extras.cmake
-- Up-to-date: /home/u22c1001/ros2_ws/install/person_mags/share/person_mags/cmake/person_magsConfig.cmake
-- Up-to-date: /home/u22c1001/ros2_ws/install/person_mags/share/person_mags/cmake/person_magsConfig-version.cmake
-- Up-to-date: /home/u22c1001/ros2_ws/install/person_mags/share/person_mags/package.xml
