[0.366s] Invoking command in '/home/u22c1001/ros2_ws/build/person_mags': CMAKE_PREFIX_PATH=${CMAKE_PREFIX_PATH}:/home/u22c1001/ros2_ws/install/mypkg:/opt/ros/foxy /usr/bin/cmake --build /home/u22c1001/ros2_ws/build/person_mags -- -j8 -l8
[0.407s] [  9%] Built target person_mags__rosidl_generator_c
[0.407s] [ 12%] Built target person_mags__cpp
[0.430s] [ 22%] Built target person_mags__rosidl_typesupport_c
[0.432s] [ 32%] Built target person_mags__rosidl_typesupport_cpp
[0.432s] [ 41%] Built target person_mags__rosidl_typesupport_introspection_c
[0.451s] [ 51%] Built target person_mags__rosidl_typesupport_introspection_cpp
[0.456s] [ 61%] Built target person_mags__rosidl_typesupport_fastrtps_cpp
[0.477s] [ 70%] Built target person_mags__rosidl_typesupport_fastrtps_c
[0.494s] [ 70%] Built target person_mags
[0.512s] [ 74%] Built target person_mags__py
[0.534s] [ 80%] Built target person_mags__python
[0.562s] [ 90%] Built target person_mags__rosidl_typesupport_c__pyext
[0.562s] [100%] Built target person_mags__rosidl_typesupport_fastrtps_c__pyext
[0.562s] [100%] Built target person_mags__rosidl_typesupport_introspection_c__pyext
[0.574s] Invoked command in '/home/u22c1001/ros2_ws/build/person_mags' returned '0': CMAKE_PREFIX_PATH=${CMAKE_PREFIX_PATH}:/home/u22c1001/ros2_ws/install/mypkg:/opt/ros/foxy /usr/bin/cmake --build /home/u22c1001/ros2_ws/build/person_mags -- -j8 -l8
[0.637s] Invoking command in '/home/u22c1001/ros2_ws/build/person_mags': CMAKE_PREFIX_PATH=${CMAKE_PREFIX_PATH}:/home/u22c1001/ros2_ws/install/mypkg:/opt/ros/foxy /usr/bin/cmake --install /home/u22c1001/ros2_ws/build/person_mags
[0.645s] -- Install configuration: ""
[0.645s] -- Up-to-date: /home/u22c1001/ros2_ws/install/person_mags/share/ament_index/resource_index/rosidl_interfaces/person_mags
[0.646s] -- Up-to-date: /home/u22c1001/ros2_ws/install/person_mags/include/person_mags
[0.646s] -- Up-to-date: /home/u22c1001/ros2_ws/install/person_mags/include/person_mags/msg
[0.646s] -- Up-to-date: /home/u22c1001/ros2_ws/install/person_mags/include/person_mags/msg/person.h
[0.646s] -- Up-to-date: /home/u22c1001/ros2_ws/install/person_mags/include/person_mags/msg/rosidl_generator_c__visibility_control.h
[0.646s] -- Up-to-date: /home/u22c1001/ros2_ws/install/person_mags/include/person_mags/msg/detail
[0.646s] -- Up-to-date: /home/u22c1001/ros2_ws/install/person_mags/include/person_mags/msg/detail/person__functions.c
[0.646s] -- Up-to-date: /home/u22c1001/ros2_ws/install/person_mags/include/person_mags/msg/detail/person__type_support.h
[0.647s] -- Up-to-date: /home/u22c1001/ros2_ws/install/person_mags/include/person_mags/msg/detail/person__functions.h
[0.647s] -- Up-to-date: /home/u22c1001/ros2_ws/install/person_mags/include/person_mags/msg/detail/person__struct.h
[0.647s] -- Up-to-date: /home/u22c1001/ros2_ws/install/person_mags/share/person_mags/environment/library_path.sh
[0.647s] -- Up-to-date: /home/u22c1001/ros2_ws/install/person_mags/share/person_mags/environment/library_path.dsv
[0.647s] -- Up-to-date: /home/u22c1001/ros2_ws/install/person_mags/lib/libperson_mags__rosidl_generator_c.so
[0.647s] -- Up-to-date: /home/u22c1001/ros2_ws/install/person_mags/include/person_mags
[0.647s] -- Up-to-date: /home/u22c1001/ros2_ws/install/person_mags/include/person_mags/msg
[0.647s] -- Up-to-date: /home/u22c1001/ros2_ws/install/person_mags/include/person_mags/msg/rosidl_typesupport_fastrtps_c__visibility_control.h
[0.647s] -- Up-to-date: /home/u22c1001/ros2_ws/install/person_mags/include/person_mags/msg/detail
[0.647s] -- Up-to-date: /home/u22c1001/ros2_ws/install/person_mags/include/person_mags/msg/detail/person__rosidl_typesupport_fastrtps_c.h
[0.648s] -- Up-to-date: /home/u22c1001/ros2_ws/install/person_mags/lib/libperson_mags__rosidl_typesupport_fastrtps_c.so
[0.648s] -- Up-to-date: /home/u22c1001/ros2_ws/install/person_mags/include/person_mags
[0.648s] -- Up-to-date: /home/u22c1001/ros2_ws/install/person_mags/include/person_mags/msg
[0.648s] -- Up-to-date: /home/u22c1001/ros2_ws/install/person_mags/include/person_mags/msg/rosidl_typesupport_fastrtps_cpp__visibility_control.h
[0.648s] -- Up-to-date: /home/u22c1001/ros2_ws/install/person_mags/include/person_mags/msg/detail
[0.648s] -- Up-to-date: /home/u22c1001/ros2_ws/install/person_mags/include/person_mags/msg/detail/dds_fastrtps
[0.648s] -- Up-to-date: /home/u22c1001/ros2_ws/install/person_mags/include/person_mags/msg/detail/person__rosidl_typesupport_fastrtps_cpp.hpp
[0.649s] -- Up-to-date: /home/u22c1001/ros2_ws/install/person_mags/lib/libperson_mags__rosidl_typesupport_fastrtps_cpp.so
[0.649s] -- Up-to-date: /home/u22c1001/ros2_ws/install/person_mags/include/person_mags
[0.649s] -- Up-to-date: /home/u22c1001/ros2_ws/install/person_mags/include/person_mags/msg
[0.649s] -- Up-to-date: /home/u22c1001/ros2_ws/install/person_mags/include/person_mags/msg/rosidl_typesupport_introspection_c__visibility_control.h
[0.650s] -- Up-to-date: /home/u22c1001/ros2_ws/install/person_mags/include/person_mags/msg/detail
[0.650s] -- Up-to-date: /home/u22c1001/ros2_ws/install/person_mags/include/person_mags/msg/detail/person__type_support.c
[0.650s] -- Up-to-date: /home/u22c1001/ros2_ws/install/person_mags/include/person_mags/msg/detail/person__rosidl_typesupport_introspection_c.h
[0.650s] -- Up-to-date: /home/u22c1001/ros2_ws/install/person_mags/lib/libperson_mags__rosidl_typesupport_introspection_c.so
[0.650s] -- Up-to-date: /home/u22c1001/ros2_ws/install/person_mags/lib/libperson_mags__rosidl_typesupport_c.so
[0.650s] -- Up-to-date: /home/u22c1001/ros2_ws/install/person_mags/include/person_mags
[0.650s] -- Up-to-date: /home/u22c1001/ros2_ws/install/person_mags/include/person_mags/msg
[0.650s] -- Up-to-date: /home/u22c1001/ros2_ws/install/person_mags/include/person_mags/msg/person.hpp
[0.651s] -- Up-to-date: /home/u22c1001/ros2_ws/install/person_mags/include/person_mags/msg/rosidl_generator_cpp__visibility_control.hpp
[0.651s] -- Up-to-date: /home/u22c1001/ros2_ws/install/person_mags/include/person_mags/msg/detail
[0.651s] -- Up-to-date: /home/u22c1001/ros2_ws/install/person_mags/include/person_mags/msg/detail/person__builder.hpp
[0.651s] -- Up-to-date: /home/u22c1001/ros2_ws/install/person_mags/include/person_mags/msg/detail/person__type_support.hpp
[0.651s] -- Up-to-date: /home/u22c1001/ros2_ws/install/person_mags/include/person_mags/msg/detail/person__traits.hpp
[0.651s] -- Up-to-date: /home/u22c1001/ros2_ws/install/person_mags/include/person_mags/msg/detail/person__struct.hpp
[0.651s] -- Up-to-date: /home/u22c1001/ros2_ws/install/person_mags/include/person_mags
[0.651s] -- Up-to-date: /home/u22c1001/ros2_ws/install/person_mags/include/person_mags/msg
[0.651s] -- Up-to-date: /home/u22c1001/ros2_ws/install/person_mags/include/person_mags/msg/detail
[0.651s] -- Up-to-date: /home/u22c1001/ros2_ws/install/person_mags/include/person_mags/msg/detail/person__rosidl_typesupport_introspection_cpp.hpp
[0.652s] -- Up-to-date: /home/u22c1001/ros2_ws/install/person_mags/include/person_mags/msg/detail/person__type_support.cpp
[0.652s] -- Up-to-date: /home/u22c1001/ros2_ws/install/person_mags/lib/libperson_mags__rosidl_typesupport_introspection_cpp.so
[0.652s] -- Up-to-date: /home/u22c1001/ros2_ws/install/person_mags/lib/libperson_mags__rosidl_typesupport_cpp.so
[0.652s] -- Up-to-date: /home/u22c1001/ros2_ws/install/person_mags/share/person_mags/environment/pythonpath.sh
[0.652s] -- Up-to-date: /home/u22c1001/ros2_ws/install/person_mags/share/person_mags/environment/pythonpath.dsv
[0.652s] -- Up-to-date: /home/u22c1001/ros2_ws/install/person_mags/lib/python3.8/site-packages/person_mags/__init__.py
[0.682s] -- Up-to-date: /home/u22c1001/ros2_ws/install/person_mags/lib/python3.8/site-packages/person_mags/msg
[0.682s] -- Up-to-date: /home/u22c1001/ros2_ws/install/person_mags/lib/python3.8/site-packages/person_mags/msg/_person.py
[0.682s] -- Up-to-date: /home/u22c1001/ros2_ws/install/person_mags/lib/python3.8/site-packages/person_mags/msg/_person_s.c
[0.683s] -- Up-to-date: /home/u22c1001/ros2_ws/install/person_mags/lib/python3.8/site-packages/person_mags/msg/__init__.py
[0.683s] -- Up-to-date: /home/u22c1001/ros2_ws/install/person_mags/lib/python3.8/site-packages/person_mags/person_mags_s__rosidl_typesupport_fastrtps_c.cpython-38-x86_64-linux-gnu.so
[0.683s] -- Up-to-date: /home/u22c1001/ros2_ws/install/person_mags/lib/python3.8/site-packages/person_mags/person_mags_s__rosidl_typesupport_introspection_c.cpython-38-x86_64-linux-gnu.so
[0.683s] -- Up-to-date: /home/u22c1001/ros2_ws/install/person_mags/lib/python3.8/site-packages/person_mags/person_mags_s__rosidl_typesupport_c.cpython-38-x86_64-linux-gnu.so
[0.684s] -- Up-to-date: /home/u22c1001/ros2_ws/install/person_mags/lib/libperson_mags__python.so
[0.684s] -- Up-to-date: /home/u22c1001/ros2_ws/install/person_mags/share/person_mags/msg/Person.idl
[0.684s] -- Up-to-date: /home/u22c1001/ros2_ws/install/person_mags/share/person_mags/msg/Person.msg
[0.684s] -- Up-to-date: /home/u22c1001/ros2_ws/install/person_mags/share/ament_index/resource_index/package_run_dependencies/person_mags
[0.685s] -- Up-to-date: /home/u22c1001/ros2_ws/install/person_mags/share/ament_index/resource_index/parent_prefix_path/person_mags
[0.685s] -- Up-to-date: /home/u22c1001/ros2_ws/install/person_mags/share/person_mags/environment/ament_prefix_path.sh
[0.685s] -- Up-to-date: /home/u22c1001/ros2_ws/install/person_mags/share/person_mags/environment/ament_prefix_path.dsv
[0.685s] -- Up-to-date: /home/u22c1001/ros2_ws/install/person_mags/share/person_mags/environment/path.sh
[0.685s] -- Up-to-date: /home/u22c1001/ros2_ws/install/person_mags/share/person_mags/environment/path.dsv
[0.685s] -- Up-to-date: /home/u22c1001/ros2_ws/install/person_mags/share/person_mags/local_setup.bash
[0.685s] -- Up-to-date: /home/u22c1001/ros2_ws/install/person_mags/share/person_mags/local_setup.sh
[0.686s] -- Up-to-date: /home/u22c1001/ros2_ws/install/person_mags/share/person_mags/local_setup.zsh
[0.686s] -- Up-to-date: /home/u22c1001/ros2_ws/install/person_mags/share/person_mags/local_setup.dsv
[0.686s] -- Installing: /home/u22c1001/ros2_ws/install/person_mags/share/person_mags/package.dsv
[0.686s] -- Up-to-date: /home/u22c1001/ros2_ws/install/person_mags/share/ament_index/resource_index/packages/person_mags
[0.686s] -- Up-to-date: /home/u22c1001/ros2_ws/install/person_mags/share/person_mags/cmake/person_mags__rosidl_generator_cExport.cmake
[0.686s] -- Up-to-date: /home/u22c1001/ros2_ws/install/person_mags/share/person_mags/cmake/person_mags__rosidl_generator_cExport-noconfig.cmake
[0.687s] -- Up-to-date: /home/u22c1001/ros2_ws/install/person_mags/share/person_mags/cmake/person_mags__rosidl_typesupport_introspection_cExport.cmake
[0.687s] -- Up-to-date: /home/u22c1001/ros2_ws/install/person_mags/share/person_mags/cmake/person_mags__rosidl_typesupport_introspection_cExport-noconfig.cmake
[0.687s] -- Up-to-date: /home/u22c1001/ros2_ws/install/person_mags/share/person_mags/cmake/person_mags__rosidl_typesupport_cExport.cmake
[0.687s] -- Up-to-date: /home/u22c1001/ros2_ws/install/person_mags/share/person_mags/cmake/person_mags__rosidl_typesupport_cExport-noconfig.cmake
[0.688s] -- Up-to-date: /home/u22c1001/ros2_ws/install/person_mags/share/person_mags/cmake/person_mags__rosidl_generator_cppExport.cmake
[0.688s] -- Up-to-date: /home/u22c1001/ros2_ws/install/person_mags/share/person_mags/cmake/person_mags__rosidl_typesupport_introspection_cppExport.cmake
[0.689s] -- Up-to-date: /home/u22c1001/ros2_ws/install/person_mags/share/person_mags/cmake/person_mags__rosidl_typesupport_introspection_cppExport-noconfig.cmake
[0.689s] -- Up-to-date: /home/u22c1001/ros2_ws/install/person_mags/share/person_mags/cmake/person_mags__rosidl_typesupport_cppExport.cmake
[0.689s] -- Up-to-date: /home/u22c1001/ros2_ws/install/person_mags/share/person_mags/cmake/person_mags__rosidl_typesupport_cppExport-noconfig.cmake
[0.690s] -- Up-to-date: /home/u22c1001/ros2_ws/install/person_mags/share/person_mags/cmake/rosidl_cmake-extras.cmake
[0.690s] -- Up-to-date: /home/u22c1001/ros2_ws/install/person_mags/share/person_mags/cmake/ament_cmake_export_dependencies-extras.cmake
[0.690s] -- Up-to-date: /home/u22c1001/ros2_ws/install/person_mags/share/person_mags/cmake/ament_cmake_export_libraries-extras.cmake
[0.690s] -- Up-to-date: /home/u22c1001/ros2_ws/install/person_mags/share/person_mags/cmake/ament_cmake_export_targets-extras.cmake
[0.690s] -- Up-to-date: /home/u22c1001/ros2_ws/install/person_mags/share/person_mags/cmake/ament_cmake_export_include_directories-extras.cmake
[0.690s] -- Up-to-date: /home/u22c1001/ros2_ws/install/person_mags/share/person_mags/cmake/rosidl_cmake_export_typesupport_libraries-extras.cmake
[0.690s] -- Up-to-date: /home/u22c1001/ros2_ws/install/person_mags/share/person_mags/cmake/rosidl_cmake_export_typesupport_targets-extras.cmake
[0.690s] -- Up-to-date: /home/u22c1001/ros2_ws/install/person_mags/share/person_mags/cmake/person_magsConfig.cmake
[0.690s] -- Up-to-date: /home/u22c1001/ros2_ws/install/person_mags/share/person_mags/cmake/person_magsConfig-version.cmake
[0.691s] -- Up-to-date: /home/u22c1001/ros2_ws/install/person_mags/share/person_mags/package.xml
[0.692s] Invoked command in '/home/u22c1001/ros2_ws/build/person_mags' returned '0': CMAKE_PREFIX_PATH=${CMAKE_PREFIX_PATH}:/home/u22c1001/ros2_ws/install/mypkg:/opt/ros/foxy /usr/bin/cmake --install /home/u22c1001/ros2_ws/build/person_mags
