[0.347s] Invoking command in '/home/u22c1001/ros2_ws/build/person_msgs': CMAKE_PREFIX_PATH=/home/u22c1001/ros2_ws/install/mypkg:/opt/ros/foxy /usr/bin/cmake /home/u22c1001/ros2_ws/src/person_msgs -DCMAKE_INSTALL_PREFIX=/home/u22c1001/ros2_ws/install/person_msgs
[0.358s] -- Found ament_cmake: 0.9.12 (/opt/ros/foxy/share/ament_cmake/cmake)
[0.377s] -- Found PythonInterp: /usr/bin/python3 (found suitable version "3.8.10", minimum required is "3") 
[0.377s] -- Using PYTHON_EXECUTABLE: /usr/bin/python3
[0.528s] -- Found rosidl_default_generators: 1.0.1 (/opt/ros/foxy/share/rosidl_default_generators/cmake)
[0.530s] -- Using all available rosidl_typesupport_c: rosidl_typesupport_fastrtps_c;rosidl_typesupport_introspection_c
[0.533s] -- Found rosidl_adapter: 1.3.1 (/opt/ros/foxy/share/rosidl_adapter/cmake)
[2.811s] -- Using all available rosidl_typesupport_cpp: rosidl_typesupport_fastrtps_cpp;rosidl_typesupport_introspection_cpp
[2.846s] -- Found PythonInterp: /usr/bin/python3 (found version "3.8.10") 
[2.939s] -- Found ament_cmake_ros: 0.9.2 (/opt/ros/foxy/share/ament_cmake_ros/cmake)
[4.996s] -- Using all available rosidl_typesupport_c: rosidl_typesupport_fastrtps_c;rosidl_typesupport_introspection_c
[5.005s] -- Using all available rosidl_typesupport_cpp: rosidl_typesupport_fastrtps_cpp;rosidl_typesupport_introspection_cpp
[5.022s] -- Found PythonInterp: /usr/bin/python3 (found suitable version "3.8.10", minimum required is "3.5") 
[5.024s] -- Found python_cmake_module: 0.8.1 (/opt/ros/foxy/share/python_cmake_module/cmake)
[5.281s] -- Found PythonLibs: /usr/lib/x86_64-linux-gnu/libpython3.8.so (found suitable version "3.8.10", minimum required is "3.5") 
[5.281s] -- Using PYTHON_EXECUTABLE: /usr/bin/python3
[5.281s] -- Using PYTHON_INCLUDE_DIRS: /usr/include/python3.8
[5.281s] -- Using PYTHON_LIBRARIES: /usr/lib/x86_64-linux-gnu/libpython3.8.so
[5.295s] -- Found PythonExtra: .so  
[5.366s] -- Configuring done
[5.385s] -- Generating done
[5.387s] -- Build files have been written to: /home/u22c1001/ros2_ws/build/person_msgs
[5.393s] Invoked command in '/home/u22c1001/ros2_ws/build/person_msgs' returned '0': CMAKE_PREFIX_PATH=/home/u22c1001/ros2_ws/install/mypkg:/opt/ros/foxy /usr/bin/cmake /home/u22c1001/ros2_ws/src/person_msgs -DCMAKE_INSTALL_PREFIX=/home/u22c1001/ros2_ws/install/person_msgs
[5.393s] Invoking command in '/home/u22c1001/ros2_ws/build/person_msgs': CMAKE_PREFIX_PATH=/home/u22c1001/ros2_ws/install/mypkg:/opt/ros/foxy /usr/bin/cmake --build /home/u22c1001/ros2_ws/build/person_msgs -- -j8 -l8
[5.421s] [35m[1mScanning dependencies of target person_msgs__cpp[0m
[5.421s] [  3%] [34m[1mGenerating C code for ROS interfaces[0m
[5.429s] [  6%] [34m[1mGenerating C++ code for ROS interfaces[0m
[5.641s] [35m[1mScanning dependencies of target person_msgs__rosidl_generator_c[0m
[5.641s] [  6%] Built target person_msgs__cpp
[5.651s] [  9%] [34m[1mGenerating C++ type support for eProsima Fast-RTPS[0m
[5.651s] [ 12%] [34m[1mGenerating C++ type support dispatch for ROS interfaces[0m
[5.651s] [ 16%] [34m[1mGenerating C++ introspection for ROS interfaces[0m
[5.660s] [ 19%] [32mBuilding C object CMakeFiles/person_msgs__rosidl_generator_c.dir/rosidl_generator_c/person_msgs/msg/detail/person__functions.c.o[0m
[5.749s] [ 22%] [32m[1mLinking C shared library libperson_msgs__rosidl_generator_c.so[0m
[5.864s] [ 22%] Built target person_msgs__rosidl_generator_c
[5.876s] [ 29%] [34m[1mGenerating C type support dispatch for ROS interfaces[0m
[5.876s] [ 29%] [34m[1mGenerating C introspection for ROS interfaces[0m
[5.924s] [35m[1mScanning dependencies of target person_msgs__rosidl_typesupport_cpp[0m
[5.946s] [ 32%] [32mBuilding CXX object CMakeFiles/person_msgs__rosidl_typesupport_cpp.dir/rosidl_typesupport_cpp/person_msgs/msg/person__type_support.cpp.o[0m
[5.971s] [35m[1mScanning dependencies of target person_msgs__rosidl_typesupport_introspection_cpp[0m
[5.990s] [ 35%] [32mBuilding CXX object CMakeFiles/person_msgs__rosidl_typesupport_introspection_cpp.dir/rosidl_typesupport_introspection_cpp/person_msgs/msg/detail/person__type_support.cpp.o[0m
[5.990s] [35m[1mScanning dependencies of target person_msgs__rosidl_typesupport_fastrtps_cpp[0m
[6.016s] [ 38%] [32mBuilding CXX object CMakeFiles/person_msgs__rosidl_typesupport_fastrtps_cpp.dir/rosidl_typesupport_fastrtps_cpp/person_msgs/msg/detail/dds_fastrtps/person__type_support.cpp.o[0m
[6.179s] [35m[1mScanning dependencies of target person_msgs__rosidl_typesupport_c[0m
[6.194s] [ 41%] [32mBuilding CXX object CMakeFiles/person_msgs__rosidl_typesupport_c.dir/rosidl_typesupport_c/person_msgs/msg/person__type_support.cpp.o[0m
[6.203s] [35m[1mScanning dependencies of target person_msgs__rosidl_typesupport_introspection_c[0m
[6.221s] [ 45%] [32mBuilding C object CMakeFiles/person_msgs__rosidl_typesupport_introspection_c.dir/rosidl_typesupport_introspection_c/person_msgs/msg/detail/person__type_support.c.o[0m
[6.237s] [ 48%] [32m[1mLinking CXX shared library libperson_msgs__rosidl_typesupport_c.so[0m
[6.270s] [ 51%] [32m[1mLinking C shared library libperson_msgs__rosidl_typesupport_introspection_c.so[0m
[6.362s] [ 51%] Built target person_msgs__rosidl_typesupport_c
[6.378s] [ 51%] Built target person_msgs__rosidl_typesupport_introspection_c
[6.415s] [ 54%] [32m[1mLinking CXX shared library libperson_msgs__rosidl_typesupport_introspection_cpp.so[0m
[6.415s] [ 58%] [32m[1mLinking CXX shared library libperson_msgs__rosidl_typesupport_cpp.so[0m
[6.489s] [ 58%] Built target person_msgs__rosidl_typesupport_cpp
[6.506s] [ 58%] Built target person_msgs__rosidl_typesupport_introspection_cpp
[6.553s] [ 61%] [32m[1mLinking CXX shared library libperson_msgs__rosidl_typesupport_fastrtps_cpp.so[0m
[6.659s] [ 61%] Built target person_msgs__rosidl_typesupport_fastrtps_cpp
[6.665s] [ 64%] [34m[1mGenerating C type support for eProsima Fast-RTPS[0m
[6.834s] [35m[1mScanning dependencies of target person_msgs__rosidl_typesupport_fastrtps_c[0m
[6.846s] [ 67%] [32mBuilding CXX object CMakeFiles/person_msgs__rosidl_typesupport_fastrtps_c.dir/rosidl_typesupport_fastrtps_c/person_msgs/msg/detail/person__type_support_c.cpp.o[0m
[7.089s] [ 70%] [32m[1mLinking CXX shared library libperson_msgs__rosidl_typesupport_fastrtps_c.so[0m
[7.208s] [ 70%] Built target person_msgs__rosidl_typesupport_fastrtps_c
[7.217s] [35m[1mScanning dependencies of target person_msgs[0m
[7.225s] [ 70%] Built target person_msgs
[7.232s] [35m[1mScanning dependencies of target person_msgs__py[0m
[7.241s] [ 74%] [34m[1mGenerating Python code for ROS interfaces[0m
[7.596s] [ 74%] Built target person_msgs__py
[7.603s] [35m[1mScanning dependencies of target person_msgs__python[0m
[7.639s] [ 77%] [32mBuilding C object CMakeFiles/person_msgs__python.dir/rosidl_generator_py/person_msgs/msg/_person_s.c.o[0m
[7.717s] [ 80%] [32m[1mLinking C shared library rosidl_generator_py/person_msgs/libperson_msgs__python.so[0m
[7.785s] [ 80%] Built target person_msgs__python
[7.793s] [35m[1mScanning dependencies of target person_msgs__rosidl_typesupport_c__pyext[0m
[7.793s] [35m[1mScanning dependencies of target person_msgs__rosidl_typesupport_introspection_c__pyext[0m
[7.793s] [35m[1mScanning dependencies of target person_msgs__rosidl_typesupport_fastrtps_c__pyext[0m
[7.812s] [ 83%] [32mBuilding C object CMakeFiles/person_msgs__rosidl_typesupport_introspection_c__pyext.dir/rosidl_generator_py/person_msgs/_person_msgs_s.ep.rosidl_typesupport_introspection_c.c.o[0m
[7.813s] [ 87%] [32mBuilding C object CMakeFiles/person_msgs__rosidl_typesupport_c__pyext.dir/rosidl_generator_py/person_msgs/_person_msgs_s.ep.rosidl_typesupport_c.c.o[0m
[7.813s] [ 90%] [32mBuilding C object CMakeFiles/person_msgs__rosidl_typesupport_fastrtps_c__pyext.dir/rosidl_generator_py/person_msgs/_person_msgs_s.ep.rosidl_typesupport_fastrtps_c.c.o[0m
[7.895s] [ 93%] [32m[1mLinking C shared library rosidl_generator_py/person_msgs/person_msgs_s__rosidl_typesupport_c.cpython-38-x86_64-linux-gnu.so[0m
[7.899s] [ 96%] [32m[1mLinking C shared library rosidl_generator_py/person_msgs/person_msgs_s__rosidl_typesupport_introspection_c.cpython-38-x86_64-linux-gnu.so[0m
[7.901s] [100%] [32m[1mLinking CXX shared library rosidl_generator_py/person_msgs/person_msgs_s__rosidl_typesupport_fastrtps_c.cpython-38-x86_64-linux-gnu.so[0m
[7.971s] [100%] Built target person_msgs__rosidl_typesupport_c__pyext
[7.974s] [100%] Built target person_msgs__rosidl_typesupport_introspection_c__pyext
[8.009s] [100%] Built target person_msgs__rosidl_typesupport_fastrtps_c__pyext
[8.019s] Invoked command in '/home/u22c1001/ros2_ws/build/person_msgs' returned '0': CMAKE_PREFIX_PATH=/home/u22c1001/ros2_ws/install/mypkg:/opt/ros/foxy /usr/bin/cmake --build /home/u22c1001/ros2_ws/build/person_msgs -- -j8 -l8
[8.068s] Invoking command in '/home/u22c1001/ros2_ws/build/person_msgs': CMAKE_PREFIX_PATH=/home/u22c1001/ros2_ws/install/mypkg:/opt/ros/foxy /usr/bin/cmake --install /home/u22c1001/ros2_ws/build/person_msgs
[8.081s] -- Install configuration: ""
[8.081s] -- Installing: /home/u22c1001/ros2_ws/install/person_msgs/share/ament_index/resource_index/rosidl_interfaces/person_msgs
[8.081s] -- Installing: /home/u22c1001/ros2_ws/install/person_msgs/include/person_msgs
[8.081s] -- Installing: /home/u22c1001/ros2_ws/install/person_msgs/include/person_msgs/msg
[8.081s] -- Installing: /home/u22c1001/ros2_ws/install/person_msgs/include/person_msgs/msg/person.h
[8.082s] -- Installing: /home/u22c1001/ros2_ws/install/person_msgs/include/person_msgs/msg/rosidl_generator_c__visibility_control.h
[8.082s] -- Installing: /home/u22c1001/ros2_ws/install/person_msgs/include/person_msgs/msg/detail
[8.083s] -- Installing: /home/u22c1001/ros2_ws/install/person_msgs/include/person_msgs/msg/detail/person__functions.c
[8.083s] -- Installing: /home/u22c1001/ros2_ws/install/person_msgs/include/person_msgs/msg/detail/person__type_support.h
[8.083s] -- Installing: /home/u22c1001/ros2_ws/install/person_msgs/include/person_msgs/msg/detail/person__functions.h
[8.083s] -- Installing: /home/u22c1001/ros2_ws/install/person_msgs/include/person_msgs/msg/detail/person__struct.h
[8.083s] -- Installing: /home/u22c1001/ros2_ws/install/person_msgs/share/person_msgs/environment/library_path.sh
[8.083s] -- Installing: /home/u22c1001/ros2_ws/install/person_msgs/share/person_msgs/environment/library_path.dsv
[8.083s] -- Installing: /home/u22c1001/ros2_ws/install/person_msgs/lib/libperson_msgs__rosidl_generator_c.so
[8.084s] -- Set runtime path of "/home/u22c1001/ros2_ws/install/person_msgs/lib/libperson_msgs__rosidl_generator_c.so" to ""
[8.084s] -- Up-to-date: /home/u22c1001/ros2_ws/install/person_msgs/include/person_msgs
[8.085s] -- Up-to-date: /home/u22c1001/ros2_ws/install/person_msgs/include/person_msgs/msg
[8.085s] -- Installing: /home/u22c1001/ros2_ws/install/person_msgs/include/person_msgs/msg/rosidl_typesupport_fastrtps_c__visibility_control.h
[8.085s] -- Up-to-date: /home/u22c1001/ros2_ws/install/person_msgs/include/person_msgs/msg/detail
[8.086s] -- Installing: /home/u22c1001/ros2_ws/install/person_msgs/include/person_msgs/msg/detail/person__rosidl_typesupport_fastrtps_c.h
[8.086s] -- Installing: /home/u22c1001/ros2_ws/install/person_msgs/lib/libperson_msgs__rosidl_typesupport_fastrtps_c.so
[8.086s] -- Set runtime path of "/home/u22c1001/ros2_ws/install/person_msgs/lib/libperson_msgs__rosidl_typesupport_fastrtps_c.so" to ""
[8.087s] -- Up-to-date: /home/u22c1001/ros2_ws/install/person_msgs/include/person_msgs
[8.087s] -- Up-to-date: /home/u22c1001/ros2_ws/install/person_msgs/include/person_msgs/msg
[8.087s] -- Installing: /home/u22c1001/ros2_ws/install/person_msgs/include/person_msgs/msg/rosidl_typesupport_fastrtps_cpp__visibility_control.h
[8.087s] -- Up-to-date: /home/u22c1001/ros2_ws/install/person_msgs/include/person_msgs/msg/detail
[8.087s] -- Installing: /home/u22c1001/ros2_ws/install/person_msgs/include/person_msgs/msg/detail/dds_fastrtps
[8.088s] -- Installing: /home/u22c1001/ros2_ws/install/person_msgs/include/person_msgs/msg/detail/person__rosidl_typesupport_fastrtps_cpp.hpp
[8.088s] -- Installing: /home/u22c1001/ros2_ws/install/person_msgs/lib/libperson_msgs__rosidl_typesupport_fastrtps_cpp.so
[8.088s] -- Set runtime path of "/home/u22c1001/ros2_ws/install/person_msgs/lib/libperson_msgs__rosidl_typesupport_fastrtps_cpp.so" to ""
[8.088s] -- Up-to-date: /home/u22c1001/ros2_ws/install/person_msgs/include/person_msgs
[8.088s] -- Up-to-date: /home/u22c1001/ros2_ws/install/person_msgs/include/person_msgs/msg
[8.089s] -- Installing: /home/u22c1001/ros2_ws/install/person_msgs/include/person_msgs/msg/rosidl_typesupport_introspection_c__visibility_control.h
[8.089s] -- Up-to-date: /home/u22c1001/ros2_ws/install/person_msgs/include/person_msgs/msg/detail
[8.089s] -- Installing: /home/u22c1001/ros2_ws/install/person_msgs/include/person_msgs/msg/detail/person__type_support.c
[8.089s] -- Installing: /home/u22c1001/ros2_ws/install/person_msgs/include/person_msgs/msg/detail/person__rosidl_typesupport_introspection_c.h
[8.090s] -- Installing: /home/u22c1001/ros2_ws/install/person_msgs/lib/libperson_msgs__rosidl_typesupport_introspection_c.so
[8.090s] -- Set runtime path of "/home/u22c1001/ros2_ws/install/person_msgs/lib/libperson_msgs__rosidl_typesupport_introspection_c.so" to ""
[8.090s] -- Installing: /home/u22c1001/ros2_ws/install/person_msgs/lib/libperson_msgs__rosidl_typesupport_c.so
[8.090s] -- Set runtime path of "/home/u22c1001/ros2_ws/install/person_msgs/lib/libperson_msgs__rosidl_typesupport_c.so" to ""
[8.090s] -- Up-to-date: /home/u22c1001/ros2_ws/install/person_msgs/include/person_msgs
[8.090s] -- Up-to-date: /home/u22c1001/ros2_ws/install/person_msgs/include/person_msgs/msg
[8.091s] -- Installing: /home/u22c1001/ros2_ws/install/person_msgs/include/person_msgs/msg/person.hpp
[8.091s] -- Installing: /home/u22c1001/ros2_ws/install/person_msgs/include/person_msgs/msg/rosidl_generator_cpp__visibility_control.hpp
[8.091s] -- Up-to-date: /home/u22c1001/ros2_ws/install/person_msgs/include/person_msgs/msg/detail
[8.091s] -- Installing: /home/u22c1001/ros2_ws/install/person_msgs/include/person_msgs/msg/detail/person__builder.hpp
[8.091s] -- Installing: /home/u22c1001/ros2_ws/install/person_msgs/include/person_msgs/msg/detail/person__type_support.hpp
[8.091s] -- Installing: /home/u22c1001/ros2_ws/install/person_msgs/include/person_msgs/msg/detail/person__traits.hpp
[8.091s] -- Installing: /home/u22c1001/ros2_ws/install/person_msgs/include/person_msgs/msg/detail/person__struct.hpp
[8.092s] -- Up-to-date: /home/u22c1001/ros2_ws/install/person_msgs/include/person_msgs
[8.092s] -- Up-to-date: /home/u22c1001/ros2_ws/install/person_msgs/include/person_msgs/msg
[8.092s] -- Up-to-date: /home/u22c1001/ros2_ws/install/person_msgs/include/person_msgs/msg/detail
[8.092s] -- Installing: /home/u22c1001/ros2_ws/install/person_msgs/include/person_msgs/msg/detail/person__rosidl_typesupport_introspection_cpp.hpp
[8.092s] -- Installing: /home/u22c1001/ros2_ws/install/person_msgs/include/person_msgs/msg/detail/person__type_support.cpp
[8.092s] -- Installing: /home/u22c1001/ros2_ws/install/person_msgs/lib/libperson_msgs__rosidl_typesupport_introspection_cpp.so
[8.092s] -- Set runtime path of "/home/u22c1001/ros2_ws/install/person_msgs/lib/libperson_msgs__rosidl_typesupport_introspection_cpp.so" to ""
[8.092s] -- Installing: /home/u22c1001/ros2_ws/install/person_msgs/lib/libperson_msgs__rosidl_typesupport_cpp.so
[8.092s] -- Set runtime path of "/home/u22c1001/ros2_ws/install/person_msgs/lib/libperson_msgs__rosidl_typesupport_cpp.so" to ""
[8.092s] -- Installing: /home/u22c1001/ros2_ws/install/person_msgs/share/person_msgs/environment/pythonpath.sh
[8.092s] -- Installing: /home/u22c1001/ros2_ws/install/person_msgs/share/person_msgs/environment/pythonpath.dsv
[8.092s] -- Installing: /home/u22c1001/ros2_ws/install/person_msgs/lib/python3.8/site-packages/person_msgs/__init__.py
[8.115s] Compiling '/home/u22c1001/ros2_ws/install/person_msgs/lib/python3.8/site-packages/person_msgs/__init__.py'...
[8.118s] -- Installing: /home/u22c1001/ros2_ws/install/person_msgs/lib/python3.8/site-packages/person_msgs/msg
[8.118s] -- Installing: /home/u22c1001/ros2_ws/install/person_msgs/lib/python3.8/site-packages/person_msgs/msg/_person.py
[8.118s] -- Installing: /home/u22c1001/ros2_ws/install/person_msgs/lib/python3.8/site-packages/person_msgs/msg/_person_s.c
[8.118s] -- Installing: /home/u22c1001/ros2_ws/install/person_msgs/lib/python3.8/site-packages/person_msgs/msg/__init__.py
[8.119s] -- Installing: /home/u22c1001/ros2_ws/install/person_msgs/lib/python3.8/site-packages/person_msgs/person_msgs_s__rosidl_typesupport_fastrtps_c.cpython-38-x86_64-linux-gnu.so
[8.119s] -- Set runtime path of "/home/u22c1001/ros2_ws/install/person_msgs/lib/python3.8/site-packages/person_msgs/person_msgs_s__rosidl_typesupport_fastrtps_c.cpython-38-x86_64-linux-gnu.so" to ""
[8.119s] -- Installing: /home/u22c1001/ros2_ws/install/person_msgs/lib/python3.8/site-packages/person_msgs/person_msgs_s__rosidl_typesupport_introspection_c.cpython-38-x86_64-linux-gnu.so
[8.119s] -- Set runtime path of "/home/u22c1001/ros2_ws/install/person_msgs/lib/python3.8/site-packages/person_msgs/person_msgs_s__rosidl_typesupport_introspection_c.cpython-38-x86_64-linux-gnu.so" to ""
[8.119s] -- Installing: /home/u22c1001/ros2_ws/install/person_msgs/lib/python3.8/site-packages/person_msgs/person_msgs_s__rosidl_typesupport_c.cpython-38-x86_64-linux-gnu.so
[8.120s] -- Set runtime path of "/home/u22c1001/ros2_ws/install/person_msgs/lib/python3.8/site-packages/person_msgs/person_msgs_s__rosidl_typesupport_c.cpython-38-x86_64-linux-gnu.so" to ""
[8.120s] -- Installing: /home/u22c1001/ros2_ws/install/person_msgs/lib/libperson_msgs__python.so
[8.120s] -- Set runtime path of "/home/u22c1001/ros2_ws/install/person_msgs/lib/libperson_msgs__python.so" to ""
[8.120s] -- Installing: /home/u22c1001/ros2_ws/install/person_msgs/share/person_msgs/msg/Person.idl
[8.120s] -- Installing: /home/u22c1001/ros2_ws/install/person_msgs/share/person_msgs/msg/Person.msg
[8.123s] Invoked command in '/home/u22c1001/ros2_ws/build/person_msgs' returned '0': CMAKE_PREFIX_PATH=/home/u22c1001/ros2_ws/install/mypkg:/opt/ros/foxy /usr/bin/cmake --install /home/u22c1001/ros2_ws/build/person_msgs
